/users/mazumdar/.local/lib/python3.9/site-packages/gym/envs/registration.py:423: UserWarning: [33mWARN: Custom namespace `ALE` is being overridden by namespace `ALE`. If you are developing a plugin you shouldn't specify a namespace in `register` calls. The namespace is specified through the entry point package metadata.[0m
  logger.warn(
/users/mazumdar/.local/lib/python3.9/site-packages/gym/envs/registration.py:423: UserWarning: [33mWARN: Custom namespace `ALE` is being overridden by namespace `ALE`. If you are developing a plugin you shouldn't specify a namespace in `register` calls. The namespace is specified through the entry point package metadata.[0m
  logger.warn(
/users/mazumdar/.local/lib/python3.9/site-packages/gym/envs/registration.py:423: UserWarning: [33mWARN: Custom namespace `ALE` is being overridden by namespace `ALE`. If you are developing a plugin you shouldn't specify a namespace in `register` calls. The namespace is specified through the entry point package metadata.[0m
  logger.warn(
/users/mazumdar/.local/lib/python3.9/site-packages/gym/envs/registration.py:423: UserWarning: [33mWARN: Custom namespace `ALE` is being overridden by namespace `ALE`. If you are developing a plugin you shouldn't specify a namespace in `register` calls. The namespace is specified through the entry point package metadata.[0m
  logger.warn(
/users/mazumdar/.local/lib/python3.9/site-packages/gym/envs/registration.py:423: UserWarning: [33mWARN: Custom namespace `ALE` is being overridden by namespace `ALE`. If you are developing a plugin you shouldn't specify a namespace in `register` calls. The namespace is specified through the entry point package metadata.[0m
  logger.warn(
Warning: Gym version v0.24.0 has a number of critical issues with `gym.make` such that the `reset` and `step` functions are called before returning the environment. It is recommend to downgrading to v0.23.1 or upgrading to v0.25.1
Warning: Gym version v0.24.0 has a number of critical issues with `gym.make` such that the `reset` and `step` functions are called before returning the environment. It is recommend to downgrading to v0.23.1 or upgrading to v0.25.1
Warning: Gym version v0.24.0 has a number of critical issues with `gym.make` such that the `reset` and `step` functions are called before returning the environment. It is recommend to downgrading to v0.23.1 or upgrading to v0.25.1
Warning: Gym version v0.24.0 has a number of critical issues with `gym.make` such that the `reset` and `step` functions are called before returning the environment. It is recommend to downgrading to v0.23.1 or upgrading to v0.25.1
Warning: Gym version v0.24.0 has a number of critical issues with `gym.make` such that the `reset` and `step` functions are called before returning the environment. It is recommend to downgrading to v0.23.1 or upgrading to v0.25.1
[96m 
------------------------------- Warm-up Stage ------------------------------- [0m
[96m 
------------------------------- Warm-up Stage ------------------------------- [0m
[96m 
------------------------------- Warm-up Stage ------------------------------- [0m
[96m 
------------------------------- Warm-up Stage ------------------------------- [0m
[96m 
------------------------------- Warm-up Stage ------------------------------- [0m
*******************
tensor([1., 0.])
[ 44.89711159 167.61221489]
*******************
tensor([1., 0.])
[ 44.89711159 167.61221489]
*******************
tensor([0.6000, 0.4000])
[142.84605246 841.85473755]
*******************
tensor([0.6000, 0.4000])
[142.84605246 841.85473755]
*******************
tensor([0.2000, 0.8000])
[ 500.79809104 2415.43137416]
*******************
tensor([0.6000, 0.4000])
[  90.31582604 1662.16143414]
*******************
tensor([0.6000, 0.4000])
[  90.31582604 1662.16143414]
*******************
tensor([0.4000, 0.6000])
[ 324.29047073 1865.0062517 ]
*******************
tensor([0.8000, 0.2000])
[ 504.99145247 2328.74879409]
*******************
tensor([0., 1.])
[ 494.04486362 1079.19015998]
*******************
tensor([1., 0.])
[ 543.03884203 1868.4725297 ]
*******************
tensor([0.6000, 0.4000])
[  90.31582604 1662.16143414]
*******************
tensor([0.8000, 0.2000])
[ 742.04396119 1982.83068037]
*******************
tensor([0.4000, 0.6000])
[ 499.82125595 2120.14571931]
*******************
tensor([0.2000, 0.8000])
[ 438.07126644 1814.3856305 ]
*******************
tensor([0., 1.])
[ 623.36542971 1663.51094233]
*******************
tensor([0., 1.])
[ 623.36542971 1663.51094233]
*******************
tensor([0.4000, 0.6000])
[ 499.82125595 2120.14571931]
*******************
tensor([1., 0.])
[ 543.03884203 1868.4725297 ]
*******************
tensor([0.8000, 0.2000])
[ 742.04396119 1982.83068037]
*******************
tensor([0.4000, 0.6000])
[ 499.82125595 2120.14571931]
*******************
tensor([0.2000, 0.8000])
[ 438.07126644 1814.3856305 ]
*******************
tensor([0.2000, 0.8000])
[ 438.07126644 1814.3856305 ]
*******************
tensor([0.8000, 0.2000])
[ 742.04396119 1982.83068037]
*******************
tensor([0., 1.])
[ 623.36542971 1663.51094233]
*******************
tensor([1., 0.])
[ 543.03884203 1868.4725297 ]
*******************
tensor([0.4000, 0.6000])
[ 324.29047073 1865.0062517 ]
*******************
tensor([0.2000, 0.8000])
[ 500.79809104 2415.43137416]
*******************
tensor([0., 1.])
[ 494.04486362 1079.19015998]
*******************
tensor([0.8000, 0.2000])
[ 504.99145247 2328.74879409]
*******************
tensor([1., 0.])
[ 54.14298372 175.63157792]
*******************
tensor([1., 0.])
[ 54.14298372 175.63157792]
*******************
tensor([0.6000, 0.4000])
[ 228.71089037 1760.19451235]
*******************
tensor([0.2000, 0.8000])
[ 497.42087213 2404.52737552]
**************************************
tensor([0.6000, 0.4000])
[ 179.46368567 1812.71489208]

tensor([0.4000, 0.6000])
[ 213.11093478 1774.5612457 ]
*******************
tensor([0.8000, 0.2000])
[ 504.28247397 2257.49453394]
*******************
tensor([0.6000, 0.4000])
[ 179.46368567 1812.71489208]
*******************
tensor([0.6000, 0.4000])
[ 179.46368567 1812.71489208]
*******************
tensor([1., 0.])
[ 379.04617984 1891.44668948]
*******************
tensor([1., 0.])
[ 379.04617984 1891.44668948]
*******************
tensor([0., 1.])
[ 597.74303937 1670.65157687]
**************************************
tensor([0.2000, 0.8000])
[ 440.71356364 1860.54329997]
*******************
tensor([0.8000, 0.2000])
[ 770.19138029 1986.56892076]

tensor([0.8000, 0.2000])
[ 770.19138029 1986.56892076]
*******************
tensor([0.4000, 0.6000])
[ 499.77834704 2068.41794218]
*******************
tensor([0., 1.])
[ 597.74303937 1670.65157687]
*******************
tensor([0.4000, 0.6000])
[ 499.77834704 2068.41794218]
*******************
tensor([0.4000, 0.6000])
[ 499.77834704 2068.41794218]
*******************
tensor([0.6000, 0.4000])
[ 228.71089037 1760.19451235]
*******************
tensor([0., 1.])
[ 428.37394682 1013.91801869]
*******************
tensor([0.8000, 0.2000])
[ 770.19138029 1986.56892076]
*******************
tensor([0.2000, 0.8000])
[ 440.71356364 1860.54329997]
*******************
tensor([0., 1.])
[ 597.74303937 1670.65157687]
*******************
tensor([0.2000, 0.8000])
[ 440.71356364 1860.54329997]
*******************
tensor([1., 0.])
[ 379.04617984 1891.44668948]
*******************
tensor([0.4000, 0.6000])
[ 213.11093478 1774.5612457 ]
*******************
tensor([0., 1.])
[ 428.37394682 1013.91801869]
*******************
tensor([0.2000, 0.8000])
[ 497.42087213 2404.52737552]
*******************
tensor([0.8000, 0.2000])
[ 504.28247397 2257.49453394]
*******************
tensor([1., 0.])
[ 96.66251378 268.14322866]
*******************
tensor([1., 0.])
[ 96.66251378 268.14322866]
*******************
tensor([0.6000, 0.4000])
[ 338.17081144 1838.97848817]
*******************
tensor([1., 0.])
[ 403.01962364 1672.53107545]
*******************
tensor([1., 0.])
[ 403.01962364 1672.53107545]
*******************
tensor([0.2000, 0.8000])
[ 483.82882491 2388.1026228 ]
*******************
tensor([0.8000, 0.2000])
[ 506.79258841 2149.78015507]
*******************
*******************
tensor([0.6000, 0.4000])
[ 441.82156897 1754.76318709]
tensor([0.4000, 0.6000])
[ 211.360554   1790.94120625]
*******************
tensor([0., 1.])
[ 523.0979727  1641.96872424]
*******************
tensor([0.6000, 0.4000])
[ 441.82156897 1754.76318709]
*******************
tensor([0.6000, 0.4000])
[ 441.82156897 1754.76318709]
*******************
tensor([0.8000, 0.2000])
[ 807.08944395 2142.35266898]
*******************
tensor([0.2000, 0.8000])
[ 408.29511704 1704.31940341]
*******************
tensor([0.4000, 0.6000])
[ 498.18059637 2044.1523156 ]
*******************
tensor([0.8000, 0.2000])
[ 807.08944395 2142.35266898]
*******************
tensor([0., 1.])
[ 523.0979727  1641.96872424]
*******************
tensor([0.4000, 0.6000])
[ 498.18059637 2044.1523156 ]
*******************
tensor([0.4000, 0.6000])
[ 498.18059637 2044.1523156 ]
*******************
tensor([0., 1.])
[ 523.0979727  1641.96872424]
*******************
tensor([0.2000, 0.8000])
[ 408.29511704 1704.31940341]
*******************
tensor([0.8000, 0.2000])
[ 807.08944395 2142.35266898]
*******************
tensor([0., 1.])
[ 493.95326134 1033.79629462]
*******************
tensor([0.2000, 0.8000])
[ 408.29511704 1704.31940341]
*******************
tensor([1., 0.])
[ 403.01962364 1672.53107545]
*******************
tensor([0.6000, 0.4000])
[ 338.17081144 1838.97848817]
*******************
tensor([0.4000, 0.6000])
[ 211.360554   1790.94120625]
*******************
tensor([0.2000, 0.8000])
[ 483.82882491 2388.1026228 ]
*******************
tensor([0., 1.])
[ 493.95326134 1033.79629462]
*******************
tensor([0.8000, 0.2000])
[ 506.79258841 2149.78015507]
*******************
tensor([1., 0.])
[209.13162065 609.29358313]
*******************
tensor([1., 0.])
[209.13162065 609.29358313]
*******************
tensor([0.8000, 0.2000])
[ 81.70111958 296.47279863]
*******************
tensor([0.6000, 0.4000])
[ 264.32848532 1825.96409735]
*******************
tensor([0.2000, 0.8000])
[ 496.30980557 2395.13929438]
*******************
tensor([0.4000, 0.6000])
[ 154.62285069 1941.1628691 ]
*******************
tensor([1., 0.])
[ 658.28144434 1914.65425919]
*******************
tensor([1., 0.])
[ 658.28144434 1914.65425919]
*******************
tensor([0.6000, 0.4000])
[ 664.453961   1926.14872931]
*******************
tensor([0., 1.])
[ 622.74232734 1603.57927217]
*******************
tensor([0.6000, 0.4000])
[ 664.453961   1926.14872931]
*******************
tensor([0.6000, 0.4000])
[ 664.453961   1926.14872931]
*******************
tensor([0.2000, 0.8000])
[ 405.35013994 1720.03987497]
*******************
tensor([0.8000, 0.2000])
[ 807.92134601 2152.55071098]
*******************
tensor([0.4000, 0.6000])
[ 498.83843384 1974.23696863]
*******************
tensor([0.8000, 0.2000])
[ 807.92134601 2152.55071098]
*******************
tensor([0.4000, 0.6000])
[ 498.83843384 1974.23696863]
*******************
tensor([0., 1.])
[ 622.74232734 1603.57927217]
*******************
tensor([0.4000, 0.6000])
[ 498.83843384 1974.23696863]
*******************
tensor([0., 1.])
[ 622.74232734 1603.57927217]
*******************
tensor([0.2000, 0.8000])
[ 405.35013994 1720.03987497]
*******************
tensor([0.8000, 0.2000])
[ 807.92134601 2152.55071098]
*******************
tensor([1., 0.])
[ 658.28144434 1914.65425919]
*******************
tensor([0., 1.])
[ 493.08259719 1036.61383381]
*******************
tensor([0.2000, 0.8000])
[ 405.35013994 1720.03987497]
*******************
tensor([0.6000, 0.4000])
[ 264.32848532 1825.96409735]
*******************
tensor([0.8000, 0.2000])
[ 81.70111958 296.47279863]
*******************
tensor([0.4000, 0.6000])
[ 154.62285069 1941.1628691 ]
*******************
tensor([0.2000, 0.8000])
[ 496.30980557 2395.13929438]
*******************
tensor([0., 1.])
[ 493.08259719 1036.61383381]
*******************
tensor([1., 0.])
[ 588.02626558 1923.84009407]
*******************
tensor([1., 0.])
[ 588.02626558 1923.84009407]
*******************
tensor([0.8000, 0.2000])
[ 504.92419219 2135.66302455]
*******************
tensor([0.4000, 0.6000])
[ 284.3642296  2035.59442943]
*******************
tensor([0.6000, 0.4000])
[ 587.96967973 2076.56955736]
*******************
tensor([0.2000, 0.8000])
[ 502.49608231 2400.96189309]
*******************
tensor([1., 0.])
[ 860.85458737 1891.8901232 ]
*******************
*******************
tensor([1., 0.])
[ 860.85458737 1891.8901232 ]
tensor([0.6000, 0.4000])
[ 291.62190331 1878.82292358]
*******************
tensor([0.2000, 0.8000])
[ 345.40461293 1661.15152278]
*******************
tensor([0., 1.])
[ 637.2272926  1638.41546498]
*******************
*******************
tensor([0.6000, 0.4000])
[ 587.96967973 2076.56955736]
*******************
tensor([0.8000, 0.2000])
[ 886.28305089 2191.720047  ]
tensor([0.8000, 0.2000])
[ 886.28305089 2191.720047  ]
*******************
tensor([0.6000, 0.4000])
[ 587.96967973 2076.56955736]
*******************
tensor([0.4000, 0.6000])
[ 498.01646191 1921.3131143 ]
*******************
tensor([0.4000, 0.6000])
[ 498.01646191 1921.3131143 ]
*******************
tensor([0., 1.])
[ 637.2272926  1638.41546498]
*******************
tensor([0.4000, 0.6000])
[ 498.01646191 1921.3131143 ]
*******************
tensor([0., 1.])
[ 637.2272926  1638.41546498]
*******************
tensor([0.2000, 0.8000])
[ 345.40461293 1661.15152278]
*******************
tensor([0.8000, 0.2000])
[ 886.28305089 2191.720047  ]
*******************
tensor([1., 0.])
[ 860.85458737 1891.8901232 ]
*******************
tensor([0., 1.])
[ 494.65308266 1074.11748005]
*******************
tensor([0.2000, 0.8000])
[ 345.40461293 1661.15152278]
*******************
tensor([0.6000, 0.4000])
[ 291.62190331 1878.82292358]
*******************
tensor([0.4000, 0.6000])
[ 284.3642296  2035.59442943]
*******************
tensor([0.8000, 0.2000])
[ 504.92419219 2135.66302455]
*******************
tensor([0.2000, 0.8000])
[ 502.49608231 2400.96189309]
*******************
tensor([0., 1.])
[ 494.65308266 1074.11748005]
*******************
tensor([1., 0.])
[ 722.38023359 1957.39300161]
*******************
tensor([0.8000, 0.2000])
[ 507.60332186 2037.15705481]
*******************
tensor([1., 0.])
[ 722.38023359 1957.39300161]
*******************
tensor([0.2000, 0.8000])
[ 500.87773135 2427.68166412]
*******************
tensor([0.4000, 0.6000])
[ 417.64590853 2178.5703146 ]
*******************
tensor([0.2000, 0.8000])
[ 330.66434942 1609.38639104]
*******************
tensor([0.6000, 0.4000])
[ 474.445219   2370.77492104]
*******************
tensor([1., 0.])
[ 772.71166313 1816.10560809]
*******************
*******************
tensor([0.8000, 0.2000])
[ 940.26540794 2144.32223326]
tensor([0.6000, 0.4000])
[ 474.445219   2370.77492104]
*******************
tensor([1., 0.])
[ 772.71166313 1816.10560809]
*******************
tensor([0., 1.])
[ 647.18104503 1735.68042579]
*******************
tensor([0.8000, 0.2000])
[ 940.26540794 2144.32223326]
*******************
tensor([0.6000, 0.4000])
[ 420.08257167 1879.03299174]
*******************
tensor([0.4000, 0.6000])
[ 500.03653541 1893.9699238 ]
*******************
tensor([0.6000, 0.4000])
[ 474.445219   2370.77492104]
*******************
tensor([0.4000, 0.6000])
[ 500.03653541 1893.9699238 ]
*******************
tensor([0., 1.])
[ 647.18104503 1735.68042579]
*******************
tensor([0.2000, 0.8000])
[ 330.66434942 1609.38639104]
*******************
tensor([0.4000, 0.6000])
[ 500.03653541 1893.9699238 ]
*******************
tensor([0., 1.])
[ 647.18104503 1735.68042579]
*******************
tensor([0.8000, 0.2000])
[ 940.26540794 2144.32223326]
*******************
tensor([0., 1.])
[ 493.89945081 1102.9535942 ]
*******************
tensor([1., 0.])
[ 772.71166313 1816.10560809]
*******************
tensor([0.2000, 0.8000])
[ 330.66434942 1609.38639104]
*******************
tensor([0.6000, 0.4000])
[ 420.08257167 1879.03299174]
*******************
tensor([0.4000, 0.6000])
[ 417.64590853 2178.5703146 ]
*******************
tensor([0.8000, 0.2000])
[ 507.60332186 2037.15705481]
*******************
tensor([0., 1.])
[ 493.89945081 1102.9535942 ]
*******************
tensor([0.2000, 0.8000])
[ 500.87773135 2427.68166412]
*******************
tensor([1., 0.])
[ 812.24948871 1975.25268738]
*******************
tensor([0.8000, 0.2000])
[ 537.91710054 2019.81282607]
*******************
tensor([1., 0.])
*******************
tensor([0.2000, 0.8000])
[ 499.43527672 2432.24857445]
[ 812.24948871 1975.25268738]
*******************
tensor([0.2000, 0.8000])
[ 355.00468881 1596.92823997]
*******************
tensor([0.6000, 0.4000])
[ 498.53984813 2360.26388204]
*******************
tensor([0.6000, 0.4000])
[ 498.53984813 2360.26388204]
*******************
tensor([0.4000, 0.6000])
[ 425.51163904 2311.08050028]
*******************
tensor([0.8000, 0.2000])
[ 935.32498834 2153.60609556]
*******************
tensor([1., 0.])
[ 794.17717794 1936.01388618]
*******************
tensor([1., 0.])
[ 794.17717794 1936.01388618]
*******************
tensor([0.8000, 0.2000])
[ 935.32498834 2153.60609556]
*******************
tensor([0., 1.])
[ 608.61351837 1741.11010231]
*******************
tensor([0.4000, 0.6000])
[ 501.2431027  1860.18779342]
*******************
tensor([0.6000, 0.4000])
[ 235.9148755  1902.97222089]
*******************
tensor([0.6000, 0.4000])
[ 498.53984813 2360.26388204]
*******************
tensor([0., 1.])
[ 608.61351837 1741.11010231]
*******************
tensor([0.4000, 0.6000])
[ 501.2431027  1860.18779342]
*******************
tensor([0.2000, 0.8000])
[ 355.00468881 1596.92823997]
*******************
tensor([0., 1.])
[ 608.61351837 1741.11010231]
*******************
tensor([0.4000, 0.6000])
[ 501.2431027  1860.18779342]
*******************
tensor([0.8000, 0.2000])
[ 935.32498834 2153.60609556]
*******************
tensor([0., 1.])
[ 495.37087498 1186.36916767]
*******************
tensor([1., 0.])
[ 794.17717794 1936.01388618]
*******************
tensor([0.2000, 0.8000])
[ 355.00468881 1596.92823997]
*******************
tensor([0.6000, 0.4000])
[ 235.9148755  1902.97222089]
*******************
tensor([0.4000, 0.6000])
[ 425.51163904 2311.08050028]
*******************
tensor([0.8000, 0.2000])
[ 537.91710054 2019.81282607]
*******************
tensor([0., 1.])
[ 495.37087498 1186.36916767]
*******************
tensor([0.2000, 0.8000])
[ 499.43527672 2432.24857445]
*******************
tensor([1., 0.])
[ 860.28887911 1955.62808389]
*******************
tensor([0.8000, 0.2000])
[ 550.63866194 2093.34708173]
*******************
tensor([0.2000, 0.8000])
[ 500.20763995 2426.57722219]
*******************
tensor([0.2000, 0.8000])
[ 303.02044111 1593.74820424]
*******************
tensor([0.6000, 0.4000])
[ 526.88472479 2388.19749978]
*******************
tensor([0.4000, 0.6000])
[ 555.30996061 2244.30425271]
*******************
tensor([0.6000, 0.4000])
[ 526.88472479 2388.19749978]
*******************
tensor([0.8000, 0.2000])
[ 862.24854853 2134.46724932]
*******************
tensor([1., 0.])
[ 522.39856755 1689.37989123]
*******************
tensor([0.8000, 0.2000])
[ 862.24854853 2134.46724932]
*******************
tensor([0., 1.])
[ 535.79824064 1852.81518367]
*******************
tensor([1., 0.])
[ 522.39856755 1689.37989123]
*******************
tensor([0.4000, 0.6000])
[ 500.06191341 1896.97289222]
*******************
*******************
tensor([0.6000, 0.4000])
[ 526.88472479 2388.19749978]
tensor([1., 0.])
[ 860.28887911 1955.62808389]
*******************
tensor([0.6000, 0.4000])
[ 237.94944629 1952.72561651]
*******************
tensor([0., 1.])
[ 535.79824064 1852.81518367]
*******************
tensor([0.4000, 0.6000])
[ 500.06191341 1896.97289222]
*******************
tensor([0.2000, 0.8000])
[ 303.02044111 1593.74820424]
*******************
tensor([0., 1.])
[ 535.79824064 1852.81518367]
*******************
tensor([0.4000, 0.6000])
[ 500.06191341 1896.97289222]
*******************
tensor([0.8000, 0.2000])
[ 862.24854853 2134.46724932]
*******************
tensor([0.2000, 0.8000])
[ 303.02044111 1593.74820424]
*******************
tensor([0., 1.])
[ 495.74623814 1274.09928343]
*******************
tensor([1., 0.])
[ 522.39856755 1689.37989123]
*******************
tensor([0.6000, 0.4000])
[ 237.94944629 1952.72561651]
*******************
tensor([0.4000, 0.6000])
[ 555.30996061 2244.30425271]
*******************
tensor([0.8000, 0.2000])
[ 550.63866194 2093.34708173]
*******************
tensor([0., 1.])
[ 495.74623814 1274.09928343]
*******************
tensor([0.2000, 0.8000])
[ 500.20763995 2426.57722219]
*******************
tensor([1., 0.])
[ 890.30757512 1906.70616556]
*******************
tensor([0.8000, 0.2000])
[ 555.69627952 2027.69688131]
*******************
tensor([0.2000, 0.8000])
[ 270.75381792 1571.43593863]
*******************
tensor([0.8000, 0.2000])
[ 831.77698133 2126.75725565]
*******************
tensor([0.2000, 0.8000])
[ 501.09172231 2417.57290544]
*******************
tensor([1., 0.])
[ 508.46776557 1667.65805834]
*******************
tensor([0.4000, 0.6000])
[ 494.27181032 2378.0335202 ]
*******************
tensor([0.6000, 0.4000])
[ 521.0396466  2383.47120143]
*******************
tensor([0.6000, 0.4000])
[ 521.0396466  2383.47120143]
*******************
tensor([0.8000, 0.2000])
[ 831.77698133 2126.75725565]
*******************
tensor([1., 0.])
[ 508.46776557 1667.65805834]
*******************
tensor([0., 1.])
[ 498.09042349 1901.6969866 ]
*******************
tensor([0.4000, 0.6000])
[ 500.05365802 1988.82215244]
*******************
tensor([0.6000, 0.4000])
[ 521.0396466  2383.47120143]
*******************
tensor([0., 1.])
[ 498.09042349 1901.6969866 ]
*******************
tensor([0.2000, 0.8000])
[ 270.75381792 1571.43593863]
*******************
tensor([0.4000, 0.6000])
[ 500.05365802 1988.82215244]
*******************
tensor([0.6000, 0.4000])
[ 332.77325294 2014.42186912]
*******************
tensor([1., 0.])
[ 890.30757512 1906.70616556]
*******************
tensor([0.4000, 0.6000])
[ 500.05365802 1988.82215244]
*******************
tensor([0., 1.])
[ 498.09042349 1901.6969866 ]
*******************
tensor([0.8000, 0.2000])
[ 831.77698133 2126.75725565]
*******************
tensor([0.2000, 0.8000])
[ 270.75381792 1571.43593863]
*******************
tensor([1., 0.])
[ 508.46776557 1667.65805834]
*******************
tensor([0., 1.])
[ 494.84778553 1280.69411584]
*******************
tensor([0.6000, 0.4000])
[ 332.77325294 2014.42186912]
*******************
tensor([0.4000, 0.6000])
[ 494.27181032 2378.0335202 ]
*******************
tensor([0.8000, 0.2000])
[ 555.69627952 2027.69688131]
*******************
tensor([0., 1.])
[ 494.84778553 1280.69411584]
*******************
tensor([0.2000, 0.8000])
[ 501.09172231 2417.57290544]
*******************
tensor([1., 0.])
[ 899.80269151 1899.88610224]
*******************
tensor([0.8000, 0.2000])
[ 567.38911272 2041.3125603 ]
*******************
tensor([0.8000, 0.2000])
[ 796.27718785 2021.05598561]
*******************
tensor([0.2000, 0.8000])
[ 249.47215039 1577.01643707]
*******************
tensor([1., 0.])
[ 501.37731348 1520.80505377]
*******************
tensor([0.6000, 0.4000])
[ 528.95372628 2379.88917747]
*******************
tensor([0.2000, 0.8000])
[ 503.44711822 2385.59258049]
*******************
tensor([1., 0.])
[ 501.37731348 1520.80505377]
*******************
tensor([0.4000, 0.6000])
[ 497.39385671 2289.54377767]
*******************
tensor([0., 1.])
[ 497.51698684 1974.16886328]
[RL] Updates 10, num timesteps 81920, FPS 50, time 1637.63 seconds
*******************
tensor([0.8000, 0.2000])
[ 796.27718785 2021.05598561]
*******************
tensor([0.6000, 0.4000])
[ 528.95372628 2379.88917747]
*******************
tensor([0.4000, 0.6000])
[ 500.07861879 1984.80079185]
*******************
tensor([0., 1.])
[ 497.51698684 1974.16886328]
[RL] Updates 10, num timesteps 81920, FPS 49, time 1638.96 seconds
*******************
tensor([0.6000, 0.4000])
[ 528.95372628 2379.88917747]
*******************
tensor([0.2000, 0.8000])
[ 249.47215039 1577.01643707]
*******************
tensor([0.4000, 0.6000])
[ 500.07861879 1984.80079185]
*******************
tensor([0.6000, 0.4000])
[ 390.76138033 1962.69627216]
*******************
tensor([0.4000, 0.6000])
[ 500.07861879 1984.80079185]
*******************
tensor([0.8000, 0.2000])
[ 796.27718785 2021.05598561]
*******************
tensor([0., 1.])
[ 497.51698684 1974.16886328]
[RL] Updates 10, num timesteps 81920, FPS 49, time 1644.89 seconds
*******************
tensor([1., 0.])
[ 899.80269151 1899.88610224]
*******************
tensor([0.2000, 0.8000])
[ 249.47215039 1577.01643707]
*******************
tensor([1., 0.])
[ 501.37731348 1520.80505377]
*******************
tensor([0., 1.])
[ 495.20580525 1280.5865783 ]
[RL] Updates 10, num timesteps 81920, FPS 49, time 1647.74 seconds
*******************
tensor([0.6000, 0.4000])
[ 390.76138033 1962.69627216]
*******************
tensor([0.4000, 0.6000])
[ 497.39385671 2289.54377767]
*******************
tensor([0., 1.])
[ 495.20580525 1280.5865783 ]
[RL] Updates 10, num timesteps 81920, FPS 48, time 1686.75 seconds
*******************
tensor([0.8000, 0.2000])
[ 567.38911272 2041.3125603 ]
*******************
tensor([0.2000, 0.8000])
[ 503.44711822 2385.59258049]
*******************
tensor([1., 0.])
[ 927.53330937 1955.1421399 ]
*******************
tensor([0.8000, 0.2000])
[ 801.10699903 2005.27832249]
*******************
tensor([0.8000, 0.2000])
[ 541.29430386 2076.03798333]
*******************
tensor([1., 0.])
[ 501.44416524 1535.80594292]
*******************
tensor([0.2000, 0.8000])
[ 288.23268252 1639.16430173]
*******************
tensor([0.6000, 0.4000])
[ 535.45366294 2381.40908848]
*******************
tensor([0., 1.])
[ 498.60507418 1956.77341696]
*******************
tensor([1., 0.])
[ 501.44416524 1535.80594292]
*******************
tensor([0.2000, 0.8000])
[ 503.30948182 2398.56666419]
*******************
tensor([0.4000, 0.6000])
[ 498.68571821 2352.60606951]
*******************
tensor([0.4000, 0.6000])
[ 499.92046989 2015.65942744]
*******************
tensor([0.8000, 0.2000])
[ 801.10699903 2005.27832249]
*******************
tensor([0., 1.])
[ 498.60507418 1956.77341696]
*******************
tensor([0.6000, 0.4000])
[ 535.45366294 2381.40908848]
*******************
tensor([0.6000, 0.4000])
[ 535.45366294 2381.40908848]
*******************
tensor([0.2000, 0.8000])
[ 288.23268252 1639.16430173]
*******************
tensor([0.4000, 0.6000])
[ 499.92046989 2015.65942744]
*******************
tensor([0.4000, 0.6000])
[ 499.92046989 2015.65942744]
*******************
tensor([0.6000, 0.4000])
[ 483.50950169 2022.67670836]
*******************
tensor([0.8000, 0.2000])
[ 801.10699903 2005.27832249]
*******************
tensor([1., 0.])
[ 501.44416524 1535.80594292]
*******************
tensor([0.2000, 0.8000])
[ 288.23268252 1639.16430173]
*******************
tensor([0., 1.])
[ 498.60507418 1956.77341696]
*******************
tensor([1., 0.])
[ 927.53330937 1955.1421399 ]
*******************
tensor([0., 1.])
[ 494.3734271  1308.71027436]
*******************
tensor([0.6000, 0.4000])
[ 483.50950169 2022.67670836]
*******************
tensor([0.4000, 0.6000])
[ 498.68571821 2352.60606951]
*******************
tensor([0., 1.])
[ 494.3734271  1308.71027436]
*******************
tensor([0.8000, 0.2000])
[ 541.29430386 2076.03798333]
*******************
tensor([0.2000, 0.8000])
[ 503.30948182 2398.56666419]
*******************
tensor([0.8000, 0.2000])
[ 760.99614228 1871.08357241]
*******************
tensor([0.8000, 0.2000])
[ 515.55409563 2060.10406904]
*******************
tensor([1., 0.])
[ 508.35192163 1512.41581824]
*******************
tensor([1., 0.])
[ 946.96045928 1912.47823752]
*******************
tensor([0.6000, 0.4000])
[ 655.40032407 2291.29712951]
*******************
tensor([0., 1.])
[ 498.43887089 2057.27153714]
**************************************
tensor([0.2000, 0.8000])
[ 423.38950647 1794.42542831]

tensor([0.2000, 0.8000])
[ 501.45458675 2388.58579999]
*******************
tensor([0., 1.])
[ 498.43887089 2057.27153714]
*******************
tensor([1., 0.])
[ 508.35192163 1512.41581824]
*******************
tensor([0.4000, 0.6000])
[ 499.55713657 2063.90624427]
*******************
tensor([0.4000, 0.6000])
[ 498.77868679 2203.29146724]
*******************
*******************
*******************
tensor([0.6000, 0.4000])
[ 655.40032407 2291.29712951]
tensor([0.6000, 0.4000])
[ 655.40032407 2291.29712951]
tensor([0.8000, 0.2000])
[ 760.99614228 1871.08357241]
*******************
tensor([0.2000, 0.8000])
[ 423.38950647 1794.42542831]
*******************
tensor([0.4000, 0.6000])
[ 499.55713657 2063.90624427]
*******************
tensor([0.4000, 0.6000])
[ 499.55713657 2063.90624427]
*******************
tensor([0.8000, 0.2000])
[ 760.99614228 1871.08357241]
*******************
tensor([0.6000, 0.4000])
[ 542.11787723 2106.47900756]
*******************
tensor([1., 0.])
[ 508.35192163 1512.41581824]
*******************
tensor([0.2000, 0.8000])
[ 423.38950647 1794.42542831]
*******************
tensor([0., 1.])
[ 498.43887089 2057.27153714]
*******************
tensor([0., 1.])
[ 494.11728431 1419.60542306]
*******************
tensor([1., 0.])
[ 946.96045928 1912.47823752]
*******************
tensor([0.6000, 0.4000])
[ 542.11787723 2106.47900756]
*******************
tensor([0.4000, 0.6000])
[ 498.77868679 2203.29146724]
*******************
tensor([0., 1.])
[ 494.11728431 1419.60542306]
*******************
tensor([0.8000, 0.2000])
[ 515.55409563 2060.10406904]
*******************
tensor([0.2000, 0.8000])
[ 501.45458675 2388.58579999]
*******************
tensor([0.8000, 0.2000])
[ 820.20949904 2069.77091924]
*******************
tensor([1., 0.])
[ 527.06468071 1516.29204828]
*******************
tensor([0.8000, 0.2000])
[ 524.5652498  1989.92630102]
*******************
tensor([0., 1.])
[ 498.67981841 2112.0039802 ]
*******************
tensor([0., 1.])
[ 498.67981841 2112.0039802 ]
*******************
tensor([0.6000, 0.4000])
[ 546.71614494 2383.99864552]
*******************
tensor([1., 0.])
[ 967.39292724 1918.84852938]
*******************
tensor([0.4000, 0.6000])
[ 499.92473862 2052.22492862]
*******************
tensor([0.2000, 0.8000])
[ 501.77902702 1937.79277113]
*******************
tensor([0.2000, 0.8000])
[ 503.52785066 2364.3981365 ]
*******************
tensor([0.6000, 0.4000])
[ 546.71614494 2383.99864552]
*******************
tensor([0.4000, 0.6000])
[ 500.60997073 2265.07437086]
*******************
tensor([1., 0.])
[ 527.06468071 1516.29204828]
*******************
tensor([0.8000, 0.2000])
[ 820.20949904 2069.77091924]
*******************
tensor([0.2000, 0.8000])
[ 501.77902702 1937.79277113]
*******************
tensor([0.6000, 0.4000])
[ 546.71614494 2383.99864552]
*******************
tensor([0.4000, 0.6000])
[ 499.92473862 2052.22492862]
*******************
tensor([0.8000, 0.2000])
[ 820.20949904 2069.77091924]
*******************
tensor([0.4000, 0.6000])
[ 499.92473862 2052.22492862]
*******************
tensor([0.6000, 0.4000])
[ 541.17688455 2161.82962262]
*******************
tensor([1., 0.])
[ 527.06468071 1516.29204828]
*******************
tensor([0.2000, 0.8000])
[ 501.77902702 1937.79277113]
*******************
tensor([0., 1.])
[ 498.67981841 2112.0039802 ]
*******************
tensor([0., 1.])
[ 494.44755447 1457.5073099 ]
*******************
tensor([1., 0.])
[ 967.39292724 1918.84852938]
*******************
tensor([0.6000, 0.4000])
[ 541.17688455 2161.82962262]
*******************
tensor([0.4000, 0.6000])
[ 500.60997073 2265.07437086]
*******************
tensor([0., 1.])
[ 494.44755447 1457.5073099 ]
*******************
tensor([0.8000, 0.2000])
[ 524.5652498  1989.92630102]
*******************
tensor([0.2000, 0.8000])
[ 503.52785066 2364.3981365 ]
*******************
tensor([0.8000, 0.2000])
[ 732.4495329  1800.80479523]
*******************
tensor([1., 0.])
[ 669.38734718 1571.44156174]
*******************
tensor([0., 1.])
[ 498.42356107 2128.82302085]
*******************
tensor([0., 1.])
[ 498.42356107 2128.82302085]
*******************
tensor([0.8000, 0.2000])
[ 524.15957022 1970.66529198]
*******************
tensor([0.6000, 0.4000])
[ 538.78894542 2395.97551752]
*******************
tensor([1., 0.])
[1008.23037701 1863.84170455]
*******************
tensor([0.4000, 0.6000])
[ 499.82502158 2012.80514587]
*******************
tensor([0.2000, 0.8000])
[ 502.18739272 1879.66896866]
*******************
tensor([0.2000, 0.8000])
[ 502.18739272 1879.66896866]
*******************
tensor([0.6000, 0.4000])
[ 538.78894542 2395.97551752]
*******************
tensor([0.4000, 0.6000])
[ 501.14824518 2256.5270923 ]
*******************
tensor([0.2000, 0.8000])
[ 501.21193685 2310.90630492]
*******************
tensor([0.8000, 0.2000])
[ 732.4495329  1800.80479523]
*******************
tensor([1., 0.])
[ 669.38734718 1571.44156174]
*******************
tensor([0.6000, 0.4000])
[ 538.78894542 2395.97551752]
*******************
tensor([0.4000, 0.6000])
[ 499.82502158 2012.80514587]
*******************
tensor([0.8000, 0.2000])
[ 732.4495329  1800.80479523]
*******************
tensor([0.4000, 0.6000])
[ 499.82502158 2012.80514587]
*******************
tensor([1., 0.])
[ 669.38734718 1571.44156174]
*******************
tensor([0.2000, 0.8000])
[ 502.18739272 1879.66896866]
*******************
tensor([0.6000, 0.4000])
[ 570.34063492 2123.4852055 ]
*******************
tensor([0., 1.])
[ 498.42356107 2128.82302085]
*******************
tensor([0., 1.])
[ 493.91659099 1432.49866724]
*******************
tensor([1., 0.])
[1008.23037701 1863.84170455]
*******************
tensor([0.6000, 0.4000])
[ 570.34063492 2123.4852055 ]
*******************
tensor([0.4000, 0.6000])
[ 501.14824518 2256.5270923 ]
*******************
tensor([0., 1.])
[ 493.91659099 1432.49866724]
*******************
tensor([0.8000, 0.2000])
[ 524.15957022 1970.66529198]
*******************
tensor([0.2000, 0.8000])
[ 501.21193685 2310.90630492]
*******************
tensor([0.8000, 0.2000])
[ 764.34115266 1714.48936137]
*******************
tensor([1., 0.])
[ 700.32360795 1558.24158395]
*******************
tensor([0., 1.])
[ 498.32152033 2172.25789854]
*******************
tensor([0., 1.])
[ 498.32152033 2172.25789854]
*******************
tensor([0.8000, 0.2000])
[ 517.73043386 1887.60130822]
*******************
tensor([0.6000, 0.4000])
[ 600.78217086 2364.55642627]
*******************
tensor([0.2000, 0.8000])
[ 501.75941125 1940.18386701]
*******************
tensor([0.4000, 0.6000])
[ 500.14275126 2051.16474128]
*******************
tensor([0.6000, 0.4000])
[ 600.78217086 2364.55642627]
*******************
tensor([1., 0.])
[1056.45378209 1820.4355992 ]
*******************
tensor([0.2000, 0.8000])
[ 501.75941125 1940.18386701]
*******************
tensor([0.2000, 0.8000])
[ 500.63367104 2295.6777585 ]
*******************
tensor([0.4000, 0.6000])
[ 501.78273377 2292.43903395]
*******************
tensor([0.8000, 0.2000])
[ 764.34115266 1714.48936137]
*******************
tensor([1., 0.])
[ 700.32360795 1558.24158395]
*******************
tensor([0.6000, 0.4000])
[ 600.78217086 2364.55642627]
*******************
tensor([0.4000, 0.6000])
[ 500.14275126 2051.16474128]
*******************
tensor([0.8000, 0.2000])
[ 764.34115266 1714.48936137]
*******************
tensor([0.4000, 0.6000])
[ 500.14275126 2051.16474128]
*******************
tensor([1., 0.])
[ 700.32360795 1558.24158395]
*******************
tensor([0.2000, 0.8000])
[ 501.75941125 1940.18386701]
*******************
tensor([0.6000, 0.4000])
[ 581.03279156 2200.40605058]
*******************
tensor([0., 1.])
[ 498.32152033 2172.25789854]
*******************
tensor([0., 1.])
[ 494.06905639 1478.04483674]
*******************
tensor([1., 0.])
[1056.45378209 1820.4355992 ]
*******************
tensor([0.6000, 0.4000])
[ 581.03279156 2200.40605058]
*******************
tensor([0.4000, 0.6000])
[ 501.78273377 2292.43903395]
*******************
tensor([0., 1.])
[ 494.06905639 1478.04483674]
*******************
tensor([0.8000, 0.2000])
[ 517.73043386 1887.60130822]
*******************
tensor([0.2000, 0.8000])
[ 500.63367104 2295.6777585 ]
*******************
tensor([0.8000, 0.2000])
[ 755.39627192 1656.44377251]
*******************
tensor([1., 0.])
[ 763.83636338 1597.68738616]
*******************
tensor([0., 1.])
[ 498.68015891 2203.23139376]
*******************
tensor([0., 1.])
[ 498.68015891 2203.23139376]
*******************
tensor([0.2000, 0.8000])
[ 502.1275062  1983.28157665]
*******************
tensor([0.8000, 0.2000])
[ 531.99556183 1920.23815165]
*******************
tensor([0.6000, 0.4000])
[ 737.19448867 2263.60567149]
*******************
tensor([0.4000, 0.6000])
[ 500.26003446 2129.02395217]
*******************
tensor([0.6000, 0.4000])
[ 737.19448867 2263.60567149]
*******************
tensor([1., 0.])
[1122.18332796 1742.37208707]
*******************
tensor([0.2000, 0.8000])
[ 500.38958046 2312.16891016]
*******************
tensor([0.2000, 0.8000])
[ 502.1275062  1983.28157665]
*******************
tensor([0.4000, 0.6000])
[ 502.31641571 2289.50132311]
*******************
tensor([0.8000, 0.2000])
[ 755.39627192 1656.44377251]
*******************
tensor([1., 0.])
[ 763.83636338 1597.68738616]
*******************
tensor([0.6000, 0.4000])
[ 737.19448867 2263.60567149]
*******************
tensor([0.4000, 0.6000])
[ 500.26003446 2129.02395217]
*******************
tensor([0.8000, 0.2000])
[ 755.39627192 1656.44377251]
*******************
tensor([1., 0.])
[ 763.83636338 1597.68738616]
*******************
tensor([0.4000, 0.6000])
[ 500.26003446 2129.02395217]
*******************
tensor([0.2000, 0.8000])
[ 502.1275062  1983.28157665]
*******************
tensor([0.6000, 0.4000])
[ 648.34291778 2065.98207889]
*******************
tensor([0., 1.])
[ 498.68015891 2203.23139376]
*******************
tensor([0., 1.])
[ 494.37817101 1671.59895188]
*******************
tensor([1., 0.])
[1122.18332796 1742.37208707]
*******************
tensor([0.6000, 0.4000])
[ 648.34291778 2065.98207889]
*******************
tensor([0.4000, 0.6000])
[ 502.31641571 2289.50132311]
*******************
tensor([0., 1.])
[ 494.37817101 1671.59895188]
*******************
tensor([0.8000, 0.2000])
[ 531.99556183 1920.23815165]
*******************
tensor([0.2000, 0.8000])
[ 500.38958046 2312.16891016]
*******************
tensor([0.8000, 0.2000])
[ 757.52721032 1626.66323323]
*******************
tensor([1., 0.])
[ 802.99741904 1623.93269436]
*******************
tensor([0., 1.])
[ 499.01548519 2240.00810299]
*******************
tensor([0., 1.])
[ 499.01548519 2240.00810299]
*******************
tensor([0.2000, 0.8000])
[ 502.50106804 2086.24201669]
*******************
tensor([0.6000, 0.4000])
[ 778.57151702 2250.17975959]
*******************
tensor([0.4000, 0.6000])
[ 500.24519224 2116.54507516]
*******************
tensor([0.8000, 0.2000])
[ 538.79944407 1986.54967907]
*******************
tensor([0.6000, 0.4000])
[ 778.57151702 2250.17975959]
*******************
tensor([1., 0.])
[1161.37142394 1646.33119399]
*******************
tensor([0.2000, 0.8000])
[ 500.46548528 2302.47734713]
*******************
tensor([0.2000, 0.8000])
[ 502.50106804 2086.24201669]
*******************
tensor([0.4000, 0.6000])
[ 502.06577328 2258.55029295]
*******************
tensor([0.8000, 0.2000])
[ 757.52721032 1626.66323323]
*******************
tensor([1., 0.])
[ 802.99741904 1623.93269436]
*******************
tensor([0.6000, 0.4000])
[ 778.57151702 2250.17975959]
*******************
tensor([0.4000, 0.6000])
[ 500.24519224 2116.54507516]
*******************
tensor([0.8000, 0.2000])
[ 757.52721032 1626.66323323]
*******************
tensor([1., 0.])
[ 802.99741904 1623.93269436]
*******************
tensor([0.2000, 0.8000])
[ 502.50106804 2086.24201669]
*******************
tensor([0.4000, 0.6000])
[ 500.24519224 2116.54507516]
*******************
tensor([0.6000, 0.4000])
[ 627.79068287 2105.07204339]
*******************
tensor([0., 1.])
[ 499.01548519 2240.00810299]
*******************
tensor([0., 1.])
[ 493.85598507 1725.79072066]
*******************
tensor([1., 0.])
[1161.37142394 1646.33119399]
*******************
tensor([0.6000, 0.4000])
[ 627.79068287 2105.07204339]
*******************
tensor([0.4000, 0.6000])
[ 502.06577328 2258.55029295]
*******************
tensor([0., 1.])
[ 493.85598507 1725.79072066]
*******************
tensor([0.8000, 0.2000])
[ 538.79944407 1986.54967907]
*******************
tensor([0.2000, 0.8000])
[ 500.46548528 2302.47734713]
*******************
tensor([1., 0.])
[ 910.34325703 1659.55981818]
*******************
tensor([0.8000, 0.2000])
[ 842.4191873  1613.63337553]
*******************
tensor([0., 1.])
[ 499.69104913 2248.44852936]
*******************
tensor([0., 1.])
[ 499.69104913 2248.44852936]
*******************
tensor([0.2000, 0.8000])
[ 502.0636044  2192.52854292]
*******************
tensor([0.6000, 0.4000])
[ 951.12084133 2127.98112471]
*******************
tensor([0.6000, 0.4000])
[ 951.12084133 2127.98112471]
*******************
tensor([0.4000, 0.6000])
[ 500.22694409 2181.17454888]
*******************
tensor([0.8000, 0.2000])
[ 542.48527037 1980.01084783]
*******************
tensor([1., 0.])
[1168.73985015 1671.2957558 ]
*******************
tensor([0.2000, 0.8000])
[ 500.47488039 2311.12218472]
*******************
tensor([0.2000, 0.8000])
[ 502.0636044  2192.52854292]
*******************
tensor([0.8000, 0.2000])
[ 842.4191873  1613.63337553]
*******************
tensor([0.4000, 0.6000])
[ 501.52432293 2210.92509786]
*******************
tensor([1., 0.])
[ 910.34325703 1659.55981818]
*******************
tensor([0.6000, 0.4000])
[ 951.12084133 2127.98112471]
*******************
tensor([0.4000, 0.6000])
[ 500.22694409 2181.17454888]
*******************
tensor([0.8000, 0.2000])
[ 842.4191873  1613.63337553]
*******************
tensor([1., 0.])
[ 910.34325703 1659.55981818]
*******************
tensor([0.2000, 0.8000])
[ 502.0636044  2192.52854292]
*******************
tensor([0.4000, 0.6000])
[ 500.22694409 2181.17454888]
*******************
tensor([0.6000, 0.4000])
[ 576.09741881 2127.98316809]
*******************
tensor([0., 1.])
[ 499.69104913 2248.44852936]
*******************
tensor([0., 1.])
[ 494.99348678 1937.67477756]
*******************
tensor([1., 0.])
[1168.73985015 1671.2957558 ]
*******************
tensor([0.6000, 0.4000])
[ 576.09741881 2127.98316809]
*******************
tensor([0.4000, 0.6000])
[ 501.52432293 2210.92509786]
*******************
tensor([0., 1.])
[ 494.99348678 1937.67477756]
*******************
tensor([0.8000, 0.2000])
[ 542.48527037 1980.01084783]
*******************
tensor([0.2000, 0.8000])
[ 500.47488039 2311.12218472]
*******************
tensor([1., 0.])
[1046.01120898 1706.04183722]
*******************
tensor([0.8000, 0.2000])
[ 851.96363389 1552.01372136]
*******************
tensor([0., 1.])
[ 500.19322416 2204.99969123]
*******************
tensor([0., 1.])
[ 500.19322416 2204.99969123]
*******************
tensor([0.2000, 0.8000])
[ 502.80367088 2224.01777568]
*******************
tensor([0.6000, 0.4000])
[1041.41770007 2069.6332248 ]
*******************
tensor([0.6000, 0.4000])
[1041.41770007 2069.6332248 ]
*******************
tensor([0.4000, 0.6000])
[ 500.16515745 2230.97679785]
*******************
tensor([0.8000, 0.2000])
[ 638.07400878 1952.71108509]
*******************
tensor([1., 0.])
[1153.74180644 1659.14440908]
*******************
tensor([0.2000, 0.8000])
[ 500.36068949 2297.1182646 ]
*******************
tensor([0.2000, 0.8000])
[ 502.80367088 2224.01777568]
*******************
tensor([0.4000, 0.6000])
[ 501.23245754 2139.17753554]
*******************
tensor([0.8000, 0.2000])
[ 851.96363389 1552.01372136]
*******************
tensor([1., 0.])
[1046.01120898 1706.04183722]
*******************
tensor([0.4000, 0.6000])
[ 500.16515745 2230.97679785]
*******************
tensor([0.6000, 0.4000])
[1041.41770007 2069.6332248 ]
*******************
tensor([0.8000, 0.2000])
[ 851.96363389 1552.01372136]
*******************
tensor([1., 0.])
[1046.01120898 1706.04183722]
*******************
tensor([0.2000, 0.8000])
[ 502.80367088 2224.01777568]
*******************
tensor([0.4000, 0.6000])
[ 500.16515745 2230.97679785]
*******************
tensor([0.6000, 0.4000])
[ 613.61452956 2178.43735368]
*******************
tensor([0., 1.])
[ 500.19322416 2204.99969123]
*******************
tensor([0., 1.])
[ 494.86309037 1950.3587224 ]
*******************
tensor([1., 0.])
[1153.74180644 1659.14440908]
*******************
tensor([0.6000, 0.4000])
[ 613.61452956 2178.43735368]
*******************
tensor([0.4000, 0.6000])
[ 501.23245754 2139.17753554]
*******************
tensor([0., 1.])
[ 494.86309037 1950.3587224 ]
*******************
tensor([0.8000, 0.2000])
[ 638.07400878 1952.71108509]
*******************
tensor([0.2000, 0.8000])
[ 500.36068949 2297.1182646 ]
*******************
tensor([1., 0.])
[1035.92421036 1656.222934  ]
*******************
tensor([0.8000, 0.2000])
[ 897.41639644 1509.67146919]
*******************
tensor([0., 1.])
[ 499.62147448 2216.71259391]
[RL] Updates 20, num timesteps 163840, FPS 50, time 3273.07 seconds
*******************
tensor([0., 1.])
[ 499.62147448 2216.71259391]
[RL] Updates 20, num timesteps 163840, FPS 50, time 3273.73 seconds
*******************
tensor([0.2000, 0.8000])
[ 503.06219277 2246.70974235]
*******************
tensor([0.6000, 0.4000])
[1019.51725427 2072.68043868]
*******************
tensor([0.6000, 0.4000])
[1019.51725427 2072.68043868]
*******************
tensor([0.4000, 0.6000])
[ 500.28784586 2248.39152397]
*******************
tensor([0.8000, 0.2000])
[ 896.05031324 1975.21200936]
*******************
tensor([1., 0.])
[1198.24273135 1612.12097155]
*******************
tensor([0.2000, 0.8000])
[ 500.06546223 2333.75230106]
*******************
tensor([0.2000, 0.8000])
[ 503.06219277 2246.70974235]
*******************
tensor([0.4000, 0.6000])
[ 501.24735718 2201.55965152]
*******************
tensor([0.8000, 0.2000])
[ 897.41639644 1509.67146919]
*******************
tensor([1., 0.])
[1035.92421036 1656.222934  ]
*******************
tensor([0.4000, 0.6000])
[ 500.28784586 2248.39152397]
*******************
tensor([0.8000, 0.2000])
[ 897.41639644 1509.67146919]
*******************
tensor([0.6000, 0.4000])
[1019.51725427 2072.68043868]
*******************
tensor([1., 0.])
[1035.92421036 1656.222934  ]
*******************
tensor([0.2000, 0.8000])
[ 503.06219277 2246.70974235]
*******************
tensor([0.4000, 0.6000])
[ 500.28784586 2248.39152397]
*******************
tensor([0.6000, 0.4000])
[ 609.97674381 2076.93358348]
*******************
tensor([0., 1.])
[ 499.62147448 2216.71259391]
[RL] Updates 20, num timesteps 163840, FPS 49, time 3307.45 seconds
*******************
tensor([0., 1.])
[ 495.77327212 2030.6044093 ]
[RL] Updates 20, num timesteps 163840, FPS 49, time 3309.60 seconds
*******************
tensor([1., 0.])
[1198.24273135 1612.12097155]
*******************
tensor([0.6000, 0.4000])
[ 609.97674381 2076.93358348]
*******************
tensor([0.4000, 0.6000])
[ 501.24735718 2201.55965152]
*******************
tensor([0., 1.])
[ 495.77327212 2030.6044093 ]
[RL] Updates 20, num timesteps 163840, FPS 48, time 3400.70 seconds
*******************
tensor([0.8000, 0.2000])
[ 896.05031324 1975.21200936]
*******************
tensor([0.2000, 0.8000])
[ 500.06546223 2333.75230106]
*******************
tensor([0.8000, 0.2000])
[ 958.08045475 1465.69006693]
*******************
tensor([1., 0.])
[1050.38497988 1645.10110339]
*******************
tensor([0., 1.])
[ 499.53734445 2258.67519074]
*******************
tensor([0., 1.])
[ 499.53734445 2258.67519074]
*******************
tensor([0.2000, 0.8000])
[ 502.86684607 2289.49569817]
*******************
tensor([0.6000, 0.4000])
[1043.97220802 2061.256694  ]
*******************
tensor([0.6000, 0.4000])
[1043.97220802 2061.256694  ]
*******************
tensor([0.4000, 0.6000])
[ 499.93399699 2273.30566215]
*******************
tensor([0.8000, 0.2000])
[ 897.21798223 1897.42957027]
*******************
tensor([0.2000, 0.8000])
[ 500.65270843 2372.75093859]
*******************
tensor([0.2000, 0.8000])
[ 502.86684607 2289.49569817]
*******************
tensor([1., 0.])
[1217.76340124 1494.35276076]
*******************
tensor([0.8000, 0.2000])
[ 958.08045475 1465.69006693]
*******************
tensor([0.4000, 0.6000])
[ 501.5144688  2132.00546119]
*******************
tensor([1., 0.])
[1050.38497988 1645.10110339]
*******************
tensor([0.4000, 0.6000])
[ 499.93399699 2273.30566215]
*******************
tensor([0.8000, 0.2000])
[ 958.08045475 1465.69006693]
*******************
tensor([0.6000, 0.4000])
[1043.97220802 2061.256694  ]
*******************
tensor([1., 0.])
[1050.38497988 1645.10110339]
*******************
tensor([0.2000, 0.8000])
[ 502.86684607 2289.49569817]
*******************
tensor([0.4000, 0.6000])
[ 499.93399699 2273.30566215]
*******************
tensor([0.6000, 0.4000])
[ 718.82647056 1975.28235975]
*******************
tensor([0., 1.])
[ 499.53734445 2258.67519074]
*******************
tensor([0., 1.])
[ 496.02572172 2143.68206547]
*******************
tensor([1., 0.])
[1217.76340124 1494.35276076]
*******************
tensor([0.6000, 0.4000])
[ 718.82647056 1975.28235975]
*******************
tensor([0.4000, 0.6000])
[ 501.5144688  2132.00546119]
*******************
tensor([0., 1.])
[ 496.02572172 2143.68206547]
*******************
tensor([0.8000, 0.2000])
[ 897.21798223 1897.42957027]
*******************
tensor([0.2000, 0.8000])
[ 500.65270843 2372.75093859]
*******************
tensor([1., 0.])
[1139.15301196 1653.22760933]
*******************
tensor([0.8000, 0.2000])
[ 985.84918668 1433.56869679]
*******************
tensor([0., 1.])
[ 499.37896455 2324.94416812]
*******************
tensor([0., 1.])
[ 499.37896455 2324.94416812]
*******************
tensor([0.2000, 0.8000])
[ 501.96981782 2356.18992695]
*******************
tensor([0.6000, 0.4000])
[1088.73810189 2029.15074849]
*******************
tensor([0.6000, 0.4000])
[1088.73810189 2029.15074849]
*******************
tensor([0.4000, 0.6000])
[ 500.35141549 2321.00409993]
*******************
tensor([0.8000, 0.2000])
[ 948.68036166 1917.3268177 ]
*******************
tensor([0.2000, 0.8000])
[ 500.79051449 2368.77778801]
*******************
tensor([0.2000, 0.8000])
[ 501.96981782 2356.18992695]
*******************
tensor([1., 0.])
[1262.44538789 1417.92335267]
*******************
tensor([0.4000, 0.6000])
[ 501.66719217 2161.20502653]
*******************
tensor([0.8000, 0.2000])
[ 985.84918668 1433.56869679]
*******************
tensor([1., 0.])
[1139.15301196 1653.22760933]
*******************
tensor([0.4000, 0.6000])
[ 500.35141549 2321.00409993]
*******************
tensor([0.8000, 0.2000])
[ 985.84918668 1433.56869679]
*******************
tensor([0.6000, 0.4000])
[1088.73810189 2029.15074849]
*******************
tensor([1., 0.])
[1139.15301196 1653.22760933]
*******************
tensor([0.2000, 0.8000])
[ 501.96981782 2356.18992695]
*******************
tensor([0.4000, 0.6000])
[ 500.35141549 2321.00409993]
*******************
tensor([0.6000, 0.4000])
[ 861.1139745  1855.72851374]
*******************
tensor([0., 1.])
[ 499.37896455 2324.94416812]
*******************
tensor([0., 1.])
[ 496.47514115 2181.00906858]
*******************
tensor([1., 0.])
[1262.44538789 1417.92335267]
*******************
tensor([0.6000, 0.4000])
[ 861.1139745  1855.72851374]
*******************
tensor([0.4000, 0.6000])
[ 501.66719217 2161.20502653]
*******************
tensor([0., 1.])
[ 496.47514115 2181.00906858]
*******************
tensor([0.8000, 0.2000])
[ 948.68036166 1917.3268177 ]
*******************
tensor([0.2000, 0.8000])
[ 500.79051449 2368.77778801]
*******************
tensor([1., 0.])
[1073.38427502 1488.06530559]
*******************
tensor([0.8000, 0.2000])
[1029.45104058 1429.62373978]
*******************
tensor([0., 1.])
[ 499.47653706 2360.86466972]
*******************
tensor([0., 1.])
[ 499.47653706 2360.86466972]
*******************
tensor([0.2000, 0.8000])
[ 502.16859319 2386.02001295]
*******************
tensor([0.6000, 0.4000])
[1190.02037521 1959.18300797]
*******************
tensor([0.6000, 0.4000])
[1190.02037521 1959.18300797]
*******************
tensor([0.4000, 0.6000])
[ 500.34243138 2299.18521117]
*******************
tensor([0.2000, 0.8000])
[ 500.73805048 2394.80464861]
*******************
tensor([0.8000, 0.2000])
[ 912.95443827 1818.20175479]
*******************
tensor([1., 0.])
[1380.7498544 1432.0560348]
*******************
tensor([0.2000, 0.8000])
[ 502.16859319 2386.02001295]
*******************
tensor([0.4000, 0.6000])
[ 501.58125158 2255.37782555]
*******************
tensor([0.8000, 0.2000])
[1029.45104058 1429.62373978]
*******************
tensor([1., 0.])
[1073.38427502 1488.06530559]
*******************
tensor([0.4000, 0.6000])
[ 500.34243138 2299.18521117]
*******************
tensor([0.8000, 0.2000])
[1029.45104058 1429.62373978]
*******************
tensor([0.6000, 0.4000])
[1190.02037521 1959.18300797]
*******************
tensor([1., 0.])
[1073.38427502 1488.06530559]
*******************
tensor([0.2000, 0.8000])
[ 502.16859319 2386.02001295]
*******************
tensor([0.4000, 0.6000])
[ 500.34243138 2299.18521117]
*******************
tensor([0.6000, 0.4000])
[1008.02497944 1770.49919324]
*******************
tensor([0., 1.])
[ 499.47653706 2360.86466972]
*******************
tensor([0., 1.])
[ 496.63452378 2228.71251737]
*******************
tensor([1., 0.])
[1380.7498544 1432.0560348]
*******************
tensor([0.6000, 0.4000])
[1008.02497944 1770.49919324]
*******************
tensor([0.4000, 0.6000])
[ 501.58125158 2255.37782555]
*******************
tensor([0., 1.])
[ 496.63452378 2228.71251737]
*******************
tensor([0.8000, 0.2000])
[ 912.95443827 1818.20175479]
*******************
tensor([0.2000, 0.8000])
[ 500.73805048 2394.80464861]
*******************
tensor([0.8000, 0.2000])
[1056.74815681 1472.91310278]
*******************
tensor([1., 0.])
[1091.49982108 1495.17607621]
*******************
tensor([0., 1.])
[ 499.56925468 2401.70762808]
*******************
tensor([0., 1.])
[ 499.56925468 2401.70762808]
*******************
tensor([0.2000, 0.8000])
[ 502.08174787 2390.68811386]
*******************
tensor([0.6000, 0.4000])
[1232.59989248 1928.37564006]
*******************
tensor([0.6000, 0.4000])
[1232.59989248 1928.37564006]
*******************
tensor([0.4000, 0.6000])
[ 500.47191448 2301.57351644]
*******************
tensor([0.2000, 0.8000])
[ 500.84033944 2402.83156745]
*******************
tensor([0.8000, 0.2000])
[ 890.4938297  1759.21769691]
*******************
tensor([1., 0.])
[1413.45318952 1406.35375991]
*******************
tensor([0.2000, 0.8000])
[ 502.08174787 2390.68811386]
*******************
tensor([0.4000, 0.6000])
[ 502.84146853 2321.28481327]
*******************
tensor([0.8000, 0.2000])
[1056.74815681 1472.91310278]
*******************
tensor([1., 0.])
[1091.49982108 1495.17607621]
*******************
tensor([0.4000, 0.6000])
[ 500.47191448 2301.57351644]
*******************
tensor([0.8000, 0.2000])
[1056.74815681 1472.91310278]
*******************
tensor([0.6000, 0.4000])
[1232.59989248 1928.37564006]
*******************
tensor([1., 0.])
[1091.49982108 1495.17607621]
*******************
tensor([0.2000, 0.8000])
[ 502.08174787 2390.68811386]
*******************
tensor([0.4000, 0.6000])
[ 500.47191448 2301.57351644]
*******************
tensor([0.6000, 0.4000])
[1018.56392954 1765.87504074]
*******************
tensor([0., 1.])
[ 499.56925468 2401.70762808]
*******************
tensor([0., 1.])
[ 496.88489912 2291.8818876 ]
*******************
tensor([1., 0.])
[1413.45318952 1406.35375991]
*******************
tensor([0.6000, 0.4000])
[1018.56392954 1765.87504074]
*******************
tensor([0.4000, 0.6000])
[ 502.84146853 2321.28481327]
*******************
tensor([0., 1.])
[ 496.88489912 2291.8818876 ]
*******************
tensor([0.8000, 0.2000])
[ 890.4938297  1759.21769691]
*******************
tensor([0.2000, 0.8000])
[ 500.84033944 2402.83156745]
*******************
tensor([0.8000, 0.2000])
[1117.97571312 1451.11606365]
*******************
tensor([0., 1.])
[ 499.57546171 2408.81934587]
*******************
tensor([1., 0.])
[1195.59810791 1555.58489384]
*******************
tensor([0., 1.])
[ 499.57546171 2408.81934587]
*******************
tensor([0.2000, 0.8000])
[ 502.30852153 2407.7401984 ]
*******************
tensor([0.6000, 0.4000])
[1265.02950266 1893.76594951]
*******************
tensor([0.6000, 0.4000])
[1265.02950266 1893.76594951]
*******************
tensor([0.4000, 0.6000])
[ 500.53323172 2322.26857747]
*******************
tensor([0.2000, 0.8000])
[ 500.87139223 2425.14720476]
*******************
tensor([0.8000, 0.2000])
[ 974.91361311 1762.29021215]
*******************
tensor([1., 0.])
[1420.65311925 1391.55609166]
*******************
*******************
tensor([0.2000, 0.8000])
[ 502.30852153 2407.7401984 ]
tensor([0.4000, 0.6000])
[ 503.08455425 2394.58780693]
*******************
tensor([0.8000, 0.2000])
[1117.97571312 1451.11606365]
*******************
tensor([0.4000, 0.6000])
[ 500.53323172 2322.26857747]
*******************
tensor([1., 0.])
[1195.59810791 1555.58489384]
*******************
tensor([0.8000, 0.2000])
[1117.97571312 1451.11606365]
*******************
tensor([0.6000, 0.4000])
[1265.02950266 1893.76594951]
*******************
tensor([1., 0.])
[1195.59810791 1555.58489384]
*******************
tensor([0.2000, 0.8000])
[ 502.30852153 2407.7401984 ]
*******************
tensor([0.4000, 0.6000])
[ 500.53323172 2322.26857747]
*******************
tensor([0.6000, 0.4000])
[1034.92751194 1784.76886995]
*******************
tensor([0., 1.])
[ 499.57546171 2408.81934587]
*******************
tensor([0., 1.])
[ 497.41859221 2345.2008383 ]
*******************
tensor([1., 0.])
[1420.65311925 1391.55609166]
*******************
tensor([0.6000, 0.4000])
[1034.92751194 1784.76886995]
*******************
tensor([0.4000, 0.6000])
[ 503.08455425 2394.58780693]
*******************
tensor([0., 1.])
[ 497.41859221 2345.2008383 ]
*******************
*******************
tensor([0.8000, 0.2000])
[ 974.91361311 1762.29021215]
tensor([0.2000, 0.8000])
[ 500.87139223 2425.14720476]
*******************
tensor([0.8000, 0.2000])
[1211.02232857 1461.0170339 ]
*******************
tensor([0., 1.])
[ 499.76571604 2426.42792923]
*******************
tensor([0., 1.])
[ 499.76571604 2426.42792923]
*******************
tensor([1., 0.])
[1170.43356775 1471.89876828]
*******************
tensor([0.2000, 0.8000])
[ 502.24322482 2419.01451724]
*******************
tensor([0.6000, 0.4000])
[1344.05542248 1859.59786087]
*******************
tensor([0.6000, 0.4000])
[1344.05542248 1859.59786087]
*******************
tensor([0.4000, 0.6000])
[ 500.93540766 2307.06857869]
*******************
tensor([0.2000, 0.8000])
[ 500.92368398 2432.58571611]
*******************
tensor([0.8000, 0.2000])
[ 958.18458552 1739.59152182]
*******************
tensor([1., 0.])
[1462.00363545 1339.70407746]
*******************
tensor([0.2000, 0.8000])
[ 502.24322482 2419.01451724]
*******************
tensor([0.4000, 0.6000])
[ 503.9752764  2470.96309345]
*******************
tensor([0.8000, 0.2000])
[1211.02232857 1461.0170339 ]
*******************
tensor([0.4000, 0.6000])
[ 500.93540766 2307.06857869]
*******************
tensor([1., 0.])
[1170.43356775 1471.89876828]
*******************
tensor([0.8000, 0.2000])
[1211.02232857 1461.0170339 ]
*******************
tensor([0.6000, 0.4000])
[1344.05542248 1859.59786087]
*******************
tensor([1., 0.])
[1170.43356775 1471.89876828]
*******************
tensor([0.2000, 0.8000])
[ 502.24322482 2419.01451724]
*******************
tensor([0.4000, 0.6000])
[ 500.93540766 2307.06857869]
*******************
tensor([0.6000, 0.4000])
[1222.1615312 1683.2656313]
*******************
tensor([0., 1.])
[ 499.76571604 2426.42792923]
*******************
tensor([0., 1.])
[ 498.02967789 2399.70682613]
*******************
tensor([1., 0.])
[1462.00363545 1339.70407746]
*******************
tensor([0.6000, 0.4000])
[1222.1615312 1683.2656313]
*******************
tensor([0.4000, 0.6000])
[ 503.9752764  2470.96309345]
*******************
tensor([0., 1.])
[ 498.02967789 2399.70682613]
*******************
tensor([0.2000, 0.8000])
[ 500.92368398 2432.58571611]
*******************
tensor([0.8000, 0.2000])
[ 958.18458552 1739.59152182]
*******************
tensor([0.8000, 0.2000])
[1203.77158171 1452.98613336]
*******************
tensor([0., 1.])
[ 499.765906   2440.37648882]
*******************
tensor([1., 0.])
[1244.8482998  1455.13347373]
*******************
tensor([0., 1.])
[ 499.765906   2440.37648882]
*******************
tensor([0.2000, 0.8000])
[ 502.72870911 2444.28834903]
*******************
tensor([0.6000, 0.4000])
[1386.74090891 1806.98523715]
*******************
tensor([0.6000, 0.4000])
[1386.74090891 1806.98523715]
*******************
tensor([0.4000, 0.6000])
[ 500.65163987 2338.28433816]
*******************
tensor([0.2000, 0.8000])
[ 501.08180403 2440.19107132]
*******************
tensor([0.8000, 0.2000])
[ 983.62445246 1817.16979474]
*******************
tensor([0.2000, 0.8000])
[ 502.72870911 2444.28834903]
*******************
tensor([1., 0.])
[1634.81397956 1281.21866579]
*******************
tensor([0.4000, 0.6000])
[ 502.82903002 2471.16023423]
*******************
tensor([0.8000, 0.2000])
[1203.77158171 1452.98613336]
*******************
tensor([0.4000, 0.6000])
[ 500.65163987 2338.28433816]
*******************
tensor([1., 0.])
[1244.8482998  1455.13347373]
*******************
tensor([0.8000, 0.2000])
[1203.77158171 1452.98613336]
*******************
tensor([0.6000, 0.4000])
[1386.74090891 1806.98523715]
*******************
tensor([1., 0.])
[1244.8482998  1455.13347373]
*******************
tensor([0.2000, 0.8000])
[ 502.72870911 2444.28834903]
*******************
tensor([0.4000, 0.6000])
[ 500.65163987 2338.28433816]
*******************
tensor([0.6000, 0.4000])
[1148.94833321 1733.29158142]
*******************
tensor([0., 1.])
[ 499.765906   2440.37648882]
*******************
tensor([0., 1.])
[ 498.40188878 2418.47394706]
*******************
tensor([1., 0.])
[1634.81397956 1281.21866579]
*******************
tensor([0.6000, 0.4000])
[1148.94833321 1733.29158142]
*******************
tensor([0.4000, 0.6000])
[ 502.82903002 2471.16023423]
*******************
tensor([0., 1.])
[ 498.40188878 2418.47394706]
*******************
tensor([0.8000, 0.2000])
[1196.36686595 1447.21650874]
*******************
tensor([0., 1.])
[ 499.78388217 2460.56421801]
*******************
tensor([0.2000, 0.8000])
[ 501.08180403 2440.19107132]
*******************
tensor([1., 0.])
[1333.56491095 1429.97669528]
*******************
tensor([0., 1.])
[ 499.78388217 2460.56421801]
*******************
tensor([0.8000, 0.2000])
[ 983.62445246 1817.16979474]
*******************
tensor([0.6000, 0.4000])
[1438.2362895  1787.77337882]
*******************
tensor([0.2000, 0.8000])
[ 503.51204323 2452.62126472]
*******************
tensor([0.6000, 0.4000])
[1438.2362895  1787.77337882]
*******************
tensor([0.4000, 0.6000])
[ 501.30197073 2325.68119898]
*******************
tensor([0.2000, 0.8000])
[ 501.80591055 2450.60828179]
*******************
*******************
tensor([0.8000, 0.2000])
[ 974.00984078 1737.41681518]
*******************
tensor([1., 0.])
[1685.20987703 1221.51671008]
tensor([0.2000, 0.8000])
[ 503.51204323 2452.62126472]
*******************
tensor([0.4000, 0.6000])
[ 502.66810853 2471.09881196]
*******************
tensor([0.8000, 0.2000])
[1196.36686595 1447.21650874]
*******************
tensor([0.4000, 0.6000])
[ 501.30197073 2325.68119898]
*******************
tensor([1., 0.])
[1333.56491095 1429.97669528]
*******************
tensor([0.8000, 0.2000])
[1196.36686595 1447.21650874]
*******************
tensor([0.6000, 0.4000])
[1438.2362895  1787.77337882]
*******************
tensor([1., 0.])
[1333.56491095 1429.97669528]
*******************
tensor([0.2000, 0.8000])
[ 503.51204323 2452.62126472]
*******************
tensor([0.4000, 0.6000])
[ 501.30197073 2325.68119898]
*******************
tensor([0.6000, 0.4000])
[1200.42877506 1701.42922554]
*******************
tensor([0., 1.])
[ 499.78388217 2460.56421801]
*******************
tensor([0., 1.])
[ 498.71036837 2443.11215286]
*******************
tensor([1., 0.])
[1685.20987703 1221.51671008]
*******************
tensor([0.6000, 0.4000])
[1200.42877506 1701.42922554]
*******************
tensor([0.4000, 0.6000])
[ 502.66810853 2471.09881196]
*******************
tensor([0., 1.])
[ 498.71036837 2443.11215286]
*******************
tensor([0.8000, 0.2000])
[1353.53570233 1454.33813253]
*******************
tensor([0.2000, 0.8000])
[ 501.80591055 2450.60828179]
*******************
tensor([1., 0.])
[1378.18913936 1367.62161913]
*******************
tensor([0., 1.])
[ 499.81128581 2471.12373245]
*******************
tensor([0.8000, 0.2000])
[ 974.00984078 1737.41681518]
*******************
tensor([0., 1.])
[ 499.81128581 2471.12373245]
*******************
tensor([0.6000, 0.4000])
[1561.72893653 1688.66414856]
*******************
tensor([0.2000, 0.8000])
[ 503.28112813 2459.72849576]
*******************
tensor([0.6000, 0.4000])
[1561.72893653 1688.66414856]
*******************
tensor([0.4000, 0.6000])
[ 500.75630293 2332.21555392]
*******************
tensor([0.2000, 0.8000])
[ 501.17104655 2464.11784483]
*******************
tensor([0.2000, 0.8000])
[ 503.28112813 2459.72849576]
*******************
tensor([1., 0.])
[1798.87249455 1229.67924665]
*******************
tensor([0.8000, 0.2000])
[ 997.82257749 1736.58753605]
*******************
tensor([0.8000, 0.2000])
[1353.53570233 1454.33813253]
*******************
tensor([0.4000, 0.6000])
[ 503.21297458 2471.52617347]
*******************
tensor([0.4000, 0.6000])
[ 500.75630293 2332.21555392]
*******************
tensor([1., 0.])
[1378.18913936 1367.62161913]
*******************
tensor([0.8000, 0.2000])
[1353.53570233 1454.33813253]
*******************
tensor([0.6000, 0.4000])
[1561.72893653 1688.66414856]
*******************
tensor([1., 0.])
[1378.18913936 1367.62161913]
*******************
tensor([0.2000, 0.8000])
[ 503.28112813 2459.72849576]
*******************
tensor([0.4000, 0.6000])
[ 500.75630293 2332.21555392]
*******************
tensor([0.6000, 0.4000])
[1237.8270249 1712.2198288]
*******************
tensor([0., 1.])
[ 499.81128581 2471.12373245]
*******************
tensor([0., 1.])
[ 499.2951343  2453.37426171]
*******************
tensor([1., 0.])
[1798.87249455 1229.67924665]
*******************
tensor([0.6000, 0.4000])
[1237.8270249 1712.2198288]
*******************
tensor([0.4000, 0.6000])
[ 503.21297458 2471.52617347]
*******************
tensor([0.8000, 0.2000])
[1349.96984161 1479.69630536]
*******************
tensor([1., 0.])
[1430.04909525 1318.27136722]
*******************
tensor([0., 1.])
[ 499.2951343  2453.37426171]
*******************
tensor([0., 1.])
[ 499.74393585 2474.40451045]
[RL] Updates 30, num timesteps 245760, FPS 49, time 4979.16 seconds
*******************
tensor([0., 1.])
[ 499.74393585 2474.40451045]
[RL] Updates 30, num timesteps 245760, FPS 49, time 4979.63 seconds
*******************
tensor([0.2000, 0.8000])
[ 501.17104655 2464.11784483]
*******************
tensor([0.6000, 0.4000])
[1611.56025518 1600.8273744 ]
*******************
tensor([0.2000, 0.8000])
[ 502.83804676 2464.6257605 ]
*******************
tensor([0.8000, 0.2000])
[ 997.82257749 1736.58753605]
*******************
tensor([0.6000, 0.4000])
[1611.56025518 1600.8273744 ]
*******************
tensor([0.4000, 0.6000])
[ 500.64435761 2350.74437192]
*******************
tensor([1., 0.])
[1793.96182217 1208.45516429]
*******************
tensor([0.2000, 0.8000])
[ 501.55893326 2471.55334558]
*******************
tensor([0.2000, 0.8000])
[ 502.83804676 2464.6257605 ]
*******************
tensor([0.8000, 0.2000])
[1093.84802998 1751.5719387 ]
*******************
tensor([0.4000, 0.6000])
[ 503.02293111 2469.5666403 ]
*******************
tensor([0.8000, 0.2000])
[1349.96984161 1479.69630536]
*******************
tensor([0.4000, 0.6000])
[ 500.64435761 2350.74437192]
*******************
tensor([0.8000, 0.2000])
[1349.96984161 1479.69630536]
*******************
tensor([1., 0.])
[1430.04909525 1318.27136722]
*******************
tensor([0.6000, 0.4000])
[1611.56025518 1600.8273744 ]
*******************
tensor([1., 0.])
[1430.04909525 1318.27136722]
*******************
tensor([0.2000, 0.8000])
[ 502.83804676 2464.6257605 ]
*******************
tensor([0.4000, 0.6000])
[ 500.64435761 2350.74437192]
*******************
tensor([0.6000, 0.4000])
[1280.76686394 1696.28530003]
*******************
tensor([0., 1.])
[ 499.74393585 2474.40451045]
[RL] Updates 30, num timesteps 245760, FPS 48, time 5101.81 seconds
*******************
tensor([0., 1.])
[ 499.25781013 2456.78936609]
[RL] Updates 30, num timesteps 245760, FPS 48, time 5105.37 seconds
*******************
tensor([1., 0.])
[1793.96182217 1208.45516429]
*******************
tensor([0.8000, 0.2000])
[1450.54312395 1483.52762466]
*******************
tensor([1., 0.])
[1503.10951782 1249.41395111]
*******************
tensor([0., 1.])
[ 499.96315996 2480.22422326]
*******************
tensor([0.6000, 0.4000])
[1280.76686394 1696.28530003]
*******************
tensor([0., 1.])
[ 499.96315996 2480.22422326]
*******************
tensor([0.4000, 0.6000])
[ 503.02293111 2469.5666403 ]
*******************
tensor([0.6000, 0.4000])
[1617.58106459 1557.33316575]
*******************
tensor([0.2000, 0.8000])
[ 502.33020431 2476.58297305]
*******************
tensor([0.6000, 0.4000])
[1617.58106459 1557.33316575]
*******************
tensor([0., 1.])
[ 499.25781013 2456.78936609]
[RL] Updates 30, num timesteps 245760, FPS 47, time 5152.13 seconds
*******************
tensor([0.2000, 0.8000])
[ 501.55893326 2471.55334558]
*******************
tensor([0.4000, 0.6000])
[ 501.02947196 2368.28411728]
*******************
tensor([1., 0.])
[1789.02473505 1153.2172177 ]
*******************
tensor([0.2000, 0.8000])
[ 502.33020431 2476.58297305]
*******************
tensor([0.8000, 0.2000])
[1093.84802998 1751.5719387 ]
*******************
tensor([0.2000, 0.8000])
[ 501.23530542 2471.81101497]
*******************
tensor([0.8000, 0.2000])
[1204.33139243 1692.93165516]
*******************
tensor([0.8000, 0.2000])
[1450.54312395 1483.52762466]
*******************
tensor([0.4000, 0.6000])
[ 501.02947196 2368.28411728]
*******************
tensor([0.4000, 0.6000])
[ 503.47716437 2473.44379529]
*******************
tensor([0.8000, 0.2000])
[1450.54312395 1483.52762466]
*******************
tensor([1., 0.])
[1503.10951782 1249.41395111]
*******************
tensor([0.6000, 0.4000])
[1617.58106459 1557.33316575]
*******************
tensor([1., 0.])
[1503.10951782 1249.41395111]
*******************
tensor([0.4000, 0.6000])
[ 501.02947196 2368.28411728]
*******************
tensor([0.2000, 0.8000])
[ 502.33020431 2476.58297305]
*******************
tensor([0.6000, 0.4000])
[1241.77225239 1713.60631173]
*******************
tensor([0., 1.])
[ 499.96315996 2480.22422326]
*******************
tensor([0., 1.])
[ 499.12482228 2465.54296479]
*******************
tensor([1., 0.])
[1789.02473505 1153.2172177 ]
*******************
tensor([0.8000, 0.2000])
[1557.29417665 1501.31053015]
*******************
tensor([1., 0.])
[1582.65557624 1285.48837529]
*******************
tensor([0.6000, 0.4000])
[1241.77225239 1713.60631173]
*******************
tensor([0.4000, 0.6000])
[ 503.47716437 2473.44379529]
*******************
tensor([0., 1.])
[ 499.92392118 2483.3039889 ]
*******************
tensor([0., 1.])
[ 499.92392118 2483.3039889 ]
*******************
tensor([0.6000, 0.4000])
[1632.52045189 1548.60312425]
*******************
tensor([0.2000, 0.8000])
[ 503.08293879 2480.23580466]
*******************
tensor([0.6000, 0.4000])
[1632.52045189 1548.60312425]
*******************
tensor([0., 1.])
[ 499.12482228 2465.54296479]
*******************
tensor([0.2000, 0.8000])
[ 501.23530542 2471.81101497]
*******************
tensor([0.8000, 0.2000])
[1204.33139243 1692.93165516]
*******************
tensor([1., 0.])
[1762.67416353 1118.50057306]
*******************
tensor([0.4000, 0.6000])
[ 501.95426385 2385.70935955]
*******************
tensor([0.2000, 0.8000])
[ 503.08293879 2480.23580466]
*******************
tensor([0.2000, 0.8000])
[ 501.09529302 2479.8874252 ]
*******************
*******************
tensor([0.8000, 0.2000])
[1557.29417665 1501.31053015]
tensor([0.8000, 0.2000])
[1211.18939764 1662.35064196]
*******************
tensor([0.4000, 0.6000])
[ 501.95426385 2385.70935955]
*******************
tensor([0.4000, 0.6000])
[ 503.59756424 2478.43955773]
*******************
tensor([0.8000, 0.2000])
[1557.29417665 1501.31053015]
*******************
tensor([1., 0.])
[1582.65557624 1285.48837529]
*******************
tensor([0.6000, 0.4000])
[1632.52045189 1548.60312425]
*******************
tensor([1., 0.])
[1582.65557624 1285.48837529]
*******************
tensor([0.4000, 0.6000])
[ 501.95426385 2385.70935955]
*******************
tensor([0.2000, 0.8000])
[ 503.08293879 2480.23580466]
srun: Job step aborted: Waiting up to 62 seconds for job step to finish.
slurmstepd: error: *** STEP 2395774.0 ON c1113 CANCELLED AT 2023-05-27T16:20:16 ***
slurmstepd: error: *** JOB 2395774 ON c1113 CANCELLED AT 2023-05-27T16:20:16 ***
