/users/mazumdar/.local/lib/python3.9/site-packages/gym/envs/registration.py:423: UserWarning: [33mWARN: Custom namespace `ALE` is being overridden by namespace `ALE`. If you are developing a plugin you shouldn't specify a namespace in `register` calls. The namespace is specified through the entry point package metadata.[0m
/users/mazumdar/.local/lib/python3.9/site-packages/gym/envs/registration.py:423: UserWarning: [33mWARN: Custom namespace `ALE` is being overridden by namespace `ALE`. If you are developing a plugin you shouldn't specify a namespace in `register` calls. The namespace is specified through the entry point package metadata.[0m
  logger.warn(
  logger.warn(
Warning: Gym version v0.24.0 has a number of critical issues with `gym.make` such that the `reset` and `step` functions are called before returning the environment. It is recommend to downgrading to v0.23.1 or upgrading to v0.25.1
Warning: Gym version v0.24.0 has a number of critical issues with `gym.make` such that the `reset` and `step` functions are called before returning the environment. It is recommend to downgrading to v0.23.1 or upgrading to v0.25.1
[96m 
------------------------------- Warm-up Stage ------------------------------- [0m
[96m 
------------------------------- Warm-up Stage ------------------------------- [0m
*******************
tensor([0.6000, 0.4000])
[  90.31582604 1662.16143414]
*******************
tensor([1., 0.])
[ 543.03884203 1868.4725297 ]
*******************
tensor([0., 1.])
[ 623.36542971 1663.51094233]
*******************
tensor([0.4000, 0.6000])
*******************
[ 499.82125595 2120.14571931]
tensor([0.2000, 0.8000])
[ 438.07126644 1814.3856305 ]
*******************
tensor([0.8000, 0.2000])
[ 742.04396119 1982.83068037]
*******************
tensor([0.6000, 0.4000])
[  90.31582604 1662.16143414]
*******************
tensor([0.8000, 0.2000])
[ 742.04396119 1982.83068037]
*******************
tensor([0.4000, 0.6000])
[ 499.82125595 2120.14571931]
*******************
tensor([0., 1.])
[ 623.36542971 1663.51094233]
*******************
tensor([0.2000, 0.8000])
[ 438.07126644 1814.3856305 ]
*******************
tensor([1., 0.])
[ 543.03884203 1868.4725297 ]
*******************
tensor([0.6000, 0.4000])
[ 179.46368567 1812.71489208]
*******************
tensor([1., 0.])
[ 379.04617984 1891.44668948]
*******************
tensor([0., 1.])
[ 597.74303937 1670.65157687]
*******************
tensor([0.4000, 0.6000])
[ 499.77834704 2068.41794218]
*******************
tensor([0.2000, 0.8000])
[ 440.71356364 1860.54329997]
*******************
tensor([0.8000, 0.2000])
[ 770.19138029 1986.56892076]
*******************
tensor([0.6000, 0.4000])
[ 179.46368567 1812.71489208]
*******************
*******************
tensor([1., 0.])
[ 379.04617984 1891.44668948]
*******************
tensor([0.8000, 0.2000])
[ 770.19138029 1986.56892076]
tensor([0., 1.])
[ 597.74303937 1670.65157687]
*******************
tensor([0.4000, 0.6000])
[ 499.77834704 2068.41794218]
*******************
tensor([0.2000, 0.8000])
[ 440.71356364 1860.54329997]
*******************
tensor([1., 0.])
[ 403.01962364 1672.53107545]
*******************
tensor([0.6000, 0.4000])
[ 441.82156897 1754.76318709]
*******************
tensor([0., 1.])
[ 523.0979727  1641.96872424]
*******************
tensor([0.4000, 0.6000])
[ 498.18059637 2044.1523156 ]
*******************
tensor([0.2000, 0.8000])
[ 408.29511704 1704.31940341]
*******************
tensor([0.8000, 0.2000])
[ 807.08944395 2142.35266898]
*******************
tensor([1., 0.])
[ 403.01962364 1672.53107545]
*******************
tensor([0.6000, 0.4000])
[ 441.82156897 1754.76318709]
*******************
tensor([0.8000, 0.2000])
[ 807.08944395 2142.35266898]
*******************
tensor([0., 1.])
[ 523.0979727  1641.96872424]
*******************
tensor([0.4000, 0.6000])
[ 498.18059637 2044.1523156 ]
*******************
tensor([0.2000, 0.8000])
[ 408.29511704 1704.31940341]
*******************
tensor([1., 0.])
[ 658.28144434 1914.65425919]
*******************
tensor([0.6000, 0.4000])
[ 664.453961   1926.14872931]
*******************
tensor([0., 1.])
[ 622.74232734 1603.57927217]
*******************
tensor([0.4000, 0.6000])
[ 498.83843384 1974.23696863]
*******************
tensor([0.2000, 0.8000])
[ 405.35013994 1720.03987497]
*******************
tensor([0.8000, 0.2000])
[ 807.92134601 2152.55071098]
*******************
tensor([1., 0.])
[ 658.28144434 1914.65425919]
*******************
tensor([0.6000, 0.4000])
[ 664.453961   1926.14872931]
*******************
tensor([0.8000, 0.2000])
[ 807.92134601 2152.55071098]
*******************
tensor([0., 1.])
[ 622.74232734 1603.57927217]
*******************
tensor([0.2000, 0.8000])
*******************
tensor([0.4000, 0.6000])
[ 498.83843384 1974.23696863]
[ 405.35013994 1720.03987497]
*******************
tensor([1., 0.])
[ 860.85458737 1891.8901232 ]
*******************
tensor([0.6000, 0.4000])
[ 587.96967973 2076.56955736]
*******************
tensor([0., 1.])
[ 637.2272926  1638.41546498]
*******************
tensor([0.2000, 0.8000])
[ 345.40461293 1661.15152278]
*******************
tensor([0.4000, 0.6000])
[ 498.01646191 1921.3131143 ]
*******************
tensor([0.8000, 0.2000])
[ 886.28305089 2191.720047  ]
*******************
tensor([1., 0.])
[ 860.85458737 1891.8901232 ]
*******************
tensor([0.6000, 0.4000])
[ 587.96967973 2076.56955736]
*******************
tensor([0.8000, 0.2000])
[ 886.28305089 2191.720047  ]
*******************
tensor([0., 1.])
[ 637.2272926  1638.41546498]
*******************
*******************
tensor([0.4000, 0.6000])
[ 498.01646191 1921.3131143 ]
tensor([0.2000, 0.8000])
[ 345.40461293 1661.15152278]
*******************
tensor([1., 0.])
[ 772.71166313 1816.10560809]
*******************
tensor([0.6000, 0.4000])
[ 474.445219   2370.77492104]
*******************
tensor([0., 1.])
[ 647.18104503 1735.68042579]
*******************
tensor([0.2000, 0.8000])
[ 330.66434942 1609.38639104]
*******************
tensor([0.8000, 0.2000])
[ 940.26540794 2144.32223326]
*******************
tensor([0.4000, 0.6000])
[ 500.03653541 1893.9699238 ]
*******************
tensor([1., 0.])
[ 772.71166313 1816.10560809]
*******************
tensor([0.6000, 0.4000])
[ 474.445219   2370.77492104]
*******************
tensor([0.8000, 0.2000])
[ 940.26540794 2144.32223326]
*******************
tensor([0., 1.])
[ 647.18104503 1735.68042579]
*******************
tensor([0.2000, 0.8000])
[ 330.66434942 1609.38639104]
*******************
tensor([0.4000, 0.6000])
[ 500.03653541 1893.9699238 ]
*******************
tensor([1., 0.])
[ 794.17717794 1936.01388618]
*******************
tensor([0.6000, 0.4000])
[ 498.53984813 2360.26388204]
*******************
tensor([0., 1.])
[ 608.61351837 1741.11010231]
*******************
tensor([0.2000, 0.8000])
[ 355.00468881 1596.92823997]
*******************
tensor([0.8000, 0.2000])
[ 935.32498834 2153.60609556]
*******************
tensor([0.4000, 0.6000])
[ 501.2431027  1860.18779342]
*******************
tensor([1., 0.])
[ 794.17717794 1936.01388618]
*******************
tensor([0.6000, 0.4000])
[ 498.53984813 2360.26388204]
*******************
tensor([0.8000, 0.2000])
[ 935.32498834 2153.60609556]
*******************
tensor([0.2000, 0.8000])
[ 355.00468881 1596.92823997]
*******************
tensor([0., 1.])
[ 608.61351837 1741.11010231]
*******************
tensor([0.4000, 0.6000])
[ 501.2431027  1860.18779342]
srun: Job 2396891 step creation temporarily disabled, retrying (Requested nodes are busy)
*******************
tensor([1., 0.])
[ 522.39856755 1689.37989123]
*******************
tensor([0.6000, 0.4000])
[ 526.88472479 2388.19749978]
*******************
tensor([0., 1.])
[ 535.79824064 1852.81518367]
*******************
tensor([0.2000, 0.8000])
[ 303.02044111 1593.74820424]
*******************
tensor([0.8000, 0.2000])
[ 862.24854853 2134.46724932]
*******************
tensor([0.4000, 0.6000])
[ 500.06191341 1896.97289222]
*******************
tensor([1., 0.])
[ 522.39856755 1689.37989123]
*******************
tensor([0.6000, 0.4000])
[ 526.88472479 2388.19749978]
*******************
tensor([0.8000, 0.2000])
[ 862.24854853 2134.46724932]
*******************
tensor([0.2000, 0.8000])
[ 303.02044111 1593.74820424]
*******************
tensor([0., 1.])
[ 535.79824064 1852.81518367]
*******************
tensor([0.4000, 0.6000])
[ 500.06191341 1896.97289222]
*******************
tensor([1., 0.])
[ 508.46776557 1667.65805834]
*******************
tensor([0.6000, 0.4000])
[ 521.0396466  2383.47120143]
*******************
tensor([0.2000, 0.8000])
[ 270.75381792 1571.43593863]
*******************
tensor([0., 1.])
[ 498.09042349 1901.6969866 ]
*******************
tensor([0.8000, 0.2000])
[ 831.77698133 2126.75725565]
*******************
tensor([0.4000, 0.6000])
[ 500.05365802 1988.82215244]
*******************
tensor([1., 0.])
[ 508.46776557 1667.65805834]
*******************
tensor([0.6000, 0.4000])
[ 521.0396466  2383.47120143]
*******************
tensor([0.8000, 0.2000])
[ 831.77698133 2126.75725565]
*******************
tensor([0.2000, 0.8000])
[ 270.75381792 1571.43593863]
*******************
tensor([0., 1.])
[ 498.09042349 1901.6969866 ]
*******************
tensor([0.4000, 0.6000])
[ 500.05365802 1988.82215244]
*******************
tensor([1., 0.])
[ 501.37731348 1520.80505377]
*******************
tensor([0.6000, 0.4000])
[ 528.95372628 2379.88917747]
*******************
tensor([0.8000, 0.2000])
[ 796.27718785 2021.05598561]
*******************
tensor([0.2000, 0.8000])
[ 249.47215039 1577.01643707]
*******************
tensor([0., 1.])
[ 497.51698684 1974.16886328]
[RL] Updates 10, num timesteps 81920, FPS 222, time 368.67 seconds
*******************
tensor([0.4000, 0.6000])
[ 500.07861879 1984.80079185]
*******************
tensor([1., 0.])
[ 501.37731348 1520.80505377]
*******************
tensor([0.6000, 0.4000])
[ 528.95372628 2379.88917747]
*******************
tensor([0.8000, 0.2000])
[ 796.27718785 2021.05598561]
*******************
tensor([0.2000, 0.8000])
[ 249.47215039 1577.01643707]
*******************
tensor([0.4000, 0.6000])
[ 500.07861879 1984.80079185]
*******************
tensor([0., 1.])
[ 497.51698684 1974.16886328]
[RL] Updates 10, num timesteps 81920, FPS 220, time 371.89 seconds
*******************
tensor([1., 0.])
[ 501.44416524 1535.80594292]
*******************
tensor([0.6000, 0.4000])
[ 535.45366294 2381.40908848]
*******************
tensor([0.2000, 0.8000])
[ 288.23268252 1639.16430173]
*******************
tensor([0.8000, 0.2000])
[ 801.10699903 2005.27832249]
*******************
tensor([0.4000, 0.6000])
[ 499.92046989 2015.65942744]
*******************
tensor([0., 1.])
[ 498.60507418 1956.77341696]
*******************
tensor([1., 0.])
[ 501.44416524 1535.80594292]
*******************
tensor([0.6000, 0.4000])
[ 535.45366294 2381.40908848]
*******************
tensor([0.2000, 0.8000])
[ 288.23268252 1639.16430173]
*******************
tensor([0.8000, 0.2000])
[ 801.10699903 2005.27832249]
*******************
tensor([0.4000, 0.6000])
[ 499.92046989 2015.65942744]
*******************
tensor([0., 1.])
[ 498.60507418 1956.77341696]
*******************
tensor([1., 0.])
[ 508.35192163 1512.41581824]
*******************
tensor([0.6000, 0.4000])
[ 655.40032407 2291.29712951]
*******************
tensor([0.8000, 0.2000])
[ 760.99614228 1871.08357241]
*******************
tensor([0.4000, 0.6000])
[ 499.55713657 2063.90624427]
*******************
tensor([0.2000, 0.8000])
[ 423.38950647 1794.42542831]
*******************
tensor([0., 1.])
[ 498.43887089 2057.27153714]
*******************
tensor([1., 0.])
[ 508.35192163 1512.41581824]
*******************
tensor([0.6000, 0.4000])
[ 655.40032407 2291.29712951]
*******************
tensor([0.2000, 0.8000])
[ 423.38950647 1794.42542831]
*******************
tensor([0.8000, 0.2000])
[ 760.99614228 1871.08357241]
*******************
tensor([0.4000, 0.6000])
[ 499.55713657 2063.90624427]
*******************
tensor([0., 1.])
[ 498.43887089 2057.27153714]
*******************
tensor([1., 0.])
[ 527.06468071 1516.29204828]
*******************
tensor([0.6000, 0.4000])
[ 546.71614494 2383.99864552]
*******************
tensor([0.8000, 0.2000])
[ 820.20949904 2069.77091924]
*******************
tensor([0.4000, 0.6000])
[ 499.92473862 2052.22492862]
*******************
tensor([0.2000, 0.8000])
[ 501.77902702 1937.79277113]
*******************
tensor([0., 1.])
[ 498.67981841 2112.0039802 ]
*******************
tensor([1., 0.])
[ 527.06468071 1516.29204828]
*******************
tensor([0.6000, 0.4000])
[ 546.71614494 2383.99864552]
*******************
tensor([0.2000, 0.8000])
[ 501.77902702 1937.79277113]
*******************
tensor([0.8000, 0.2000])
[ 820.20949904 2069.77091924]
*******************
tensor([0.4000, 0.6000])
[ 499.92473862 2052.22492862]
*******************
tensor([0., 1.])
[ 498.67981841 2112.0039802 ]
srun: Job 2396891 step creation still disabled, retrying (Requested nodes are busy)
srun: Job step aborted: Waiting up to 62 seconds for job step to finish.
srun: Job step aborted: Waiting up to 62 seconds for job step to finish.
srun: error: Unable to create step for job 2396891: Job/step already completing or completed
slurmstepd: error: *** STEP 2396891.1 ON c2365 CANCELLED AT 2023-05-27T17:58:41 ***
slurmstepd: error: *** STEP 2396891.0 ON c2365 CANCELLED AT 2023-05-27T17:58:41 ***
slurmstepd: error: *** JOB 2396891 ON c2365 CANCELLED AT 2023-05-27T17:58:41 ***
