/users/mazumdar/.local/lib/python3.9/site-packages/gym/envs/registration.py:423: UserWarning: [33mWARN: Custom namespace `ALE` is being overridden by namespace `ALE`. If you are developing a plugin you shouldn't specify a namespace in `register` calls. The namespace is specified through the entry point package metadata.[0m
  logger.warn(
/users/mazumdar/.local/lib/python3.9/site-packages/gym/envs/registration.py:423: UserWarning: [33mWARN: Custom namespace `ALE` is being overridden by namespace `ALE`. If you are developing a plugin you shouldn't specify a namespace in `register` calls. The namespace is specified through the entry point package metadata.[0m
  logger.warn(
/users/mazumdar/.local/lib/python3.9/site-packages/gym/envs/registration.py:423: UserWarning: [33mWARN: Custom namespace `ALE` is being overridden by namespace `ALE`. If you are developing a plugin you shouldn't specify a namespace in `register` calls. The namespace is specified through the entry point package metadata.[0m
  logger.warn(
/users/mazumdar/.local/lib/python3.9/site-packages/gym/envs/registration.py:423: UserWarning: [33mWARN: Custom namespace `ALE` is being overridden by namespace `ALE`. If you are developing a plugin you shouldn't specify a namespace in `register` calls. The namespace is specified through the entry point package metadata.[0m
  logger.warn(
/users/mazumdar/.local/lib/python3.9/site-packages/gym/envs/registration.py:423: UserWarning: [33mWARN: Custom namespace `ALE` is being overridden by namespace `ALE`. If you are developing a plugin you shouldn't specify a namespace in `register` calls. The namespace is specified through the entry point package metadata.[0m
  logger.warn(
/users/mazumdar/.local/lib/python3.9/site-packages/gym/envs/registration.py:423: UserWarning: [33mWARN: Custom namespace `ALE` is being overridden by namespace `ALE`. If you are developing a plugin you shouldn't specify a namespace in `register` calls. The namespace is specified through the entry point package metadata.[0m
  logger.warn(
/users/mazumdar/.local/lib/python3.9/site-packages/gym/envs/registration.py:423: UserWarning: [33mWARN: Custom namespace `ALE` is being overridden by namespace `ALE`. If you are developing a plugin you shouldn't specify a namespace in `register` calls. The namespace is specified through the entry point package metadata.[0m
  logger.warn(
/users/mazumdar/.local/lib/python3.9/site-packages/gym/envs/registration.py:423: UserWarning: [33mWARN: Custom namespace `ALE` is being overridden by namespace `ALE`. If you are developing a plugin you shouldn't specify a namespace in `register` calls. The namespace is specified through the entry point package metadata.[0m
  logger.warn(
/users/mazumdar/.local/lib/python3.9/site-packages/gym/envs/registration.py:423: UserWarning: [33mWARN: Custom namespace `ALE` is being overridden by namespace `ALE`. If you are developing a plugin you shouldn't specify a namespace in `register` calls. The namespace is specified through the entry point package metadata.[0m
  logger.warn(
/users/mazumdar/.local/lib/python3.9/site-packages/gym/envs/registration.py:423: UserWarning: [33mWARN: Custom namespace `ALE` is being overridden by namespace `ALE`. If you are developing a plugin you shouldn't specify a namespace in `register` calls. The namespace is specified through the entry point package metadata.[0m
  logger.warn(
/users/mazumdar/.local/lib/python3.9/site-packages/gym/envs/registration.py:423: UserWarning: [33mWARN: Custom namespace `ALE` is being overridden by namespace `ALE`. If you are developing a plugin you shouldn't specify a namespace in `register` calls. The namespace is specified through the entry point package metadata.[0m
  logger.warn(
/users/mazumdar/.local/lib/python3.9/site-packages/gym/envs/registration.py:423: UserWarning: [33mWARN: Custom namespace `ALE` is being overridden by namespace `ALE`. If you are developing a plugin you shouldn't specify a namespace in `register` calls. The namespace is specified through the entry point package metadata.[0m
  logger.warn(
/users/mazumdar/.local/lib/python3.9/site-packages/gym/envs/registration.py:423: UserWarning: [33mWARN: Custom namespace `ALE` is being overridden by namespace `ALE`. If you are developing a plugin you shouldn't specify a namespace in `register` calls. The namespace is specified through the entry point package metadata.[0m
  logger.warn(
/users/mazumdar/.local/lib/python3.9/site-packages/gym/envs/registration.py:423: UserWarning: [33mWARN: Custom namespace `ALE` is being overridden by namespace `ALE`. If you are developing a plugin you shouldn't specify a namespace in `register` calls. The namespace is specified through the entry point package metadata.[0m
  logger.warn(
/users/mazumdar/.local/lib/python3.9/site-packages/gym/envs/registration.py:423: UserWarning: [33mWARN: Custom namespace `ALE` is being overridden by namespace `ALE`. If you are developing a plugin you shouldn't specify a namespace in `register` calls. The namespace is specified through the entry point package metadata.[0m
  logger.warn(
/users/mazumdar/.local/lib/python3.9/site-packages/gym/envs/registration.py:423: UserWarning: [33mWARN: Custom namespace `ALE` is being overridden by namespace `ALE`. If you are developing a plugin you shouldn't specify a namespace in `register` calls. The namespace is specified through the entry point package metadata.[0m
  logger.warn(
/users/mazumdar/.local/lib/python3.9/site-packages/gym/envs/registration.py:423: UserWarning: [33mWARN: Custom namespace `ALE` is being overridden by namespace `ALE`. If you are developing a plugin you shouldn't specify a namespace in `register` calls. The namespace is specified through the entry point package metadata.[0m
  logger.warn(
/users/mazumdar/.local/lib/python3.9/site-packages/gym/envs/registration.py:423: UserWarning: [33mWARN: Custom namespace `ALE` is being overridden by namespace `ALE`. If you are developing a plugin you shouldn't specify a namespace in `register` calls. The namespace is specified through the entry point package metadata.[0m
  logger.warn(
/users/mazumdar/.local/lib/python3.9/site-packages/gym/envs/registration.py:423: UserWarning: [33mWARN: Custom namespace `ALE` is being overridden by namespace `ALE`. If you are developing a plugin you shouldn't specify a namespace in `register` calls. The namespace is specified through the entry point package metadata.[0m
  logger.warn(
/users/mazumdar/.local/lib/python3.9/site-packages/gym/envs/registration.py:423: UserWarning: [33mWARN: Custom namespace `ALE` is being overridden by namespace `ALE`. If you are developing a plugin you shouldn't specify a namespace in `register` calls. The namespace is specified through the entry point package metadata.[0m
  logger.warn(
/users/mazumdar/.local/lib/python3.9/site-packages/gym/envs/registration.py:423: UserWarning: [33mWARN: Custom namespace `ALE` is being overridden by namespace `ALE`. If you are developing a plugin you shouldn't specify a namespace in `register` calls. The namespace is specified through the entry point package metadata.[0m
  logger.warn(
/users/mazumdar/.local/lib/python3.9/site-packages/gym/envs/registration.py:423: UserWarning: [33mWARN: Custom namespace `ALE` is being overridden by namespace `ALE`. If you are developing a plugin you shouldn't specify a namespace in `register` calls. The namespace is specified through the entry point package metadata.[0m
  logger.warn(
/users/mazumdar/.local/lib/python3.9/site-packages/gym/envs/registration.py:423: UserWarning: [33mWARN: Custom namespace `ALE` is being overridden by namespace `ALE`. If you are developing a plugin you shouldn't specify a namespace in `register` calls. The namespace is specified through the entry point package metadata.[0m
  logger.warn(
/users/mazumdar/.local/lib/python3.9/site-packages/gym/envs/registration.py:423: UserWarning: [33mWARN: Custom namespace `ALE` is being overridden by namespace `ALE`. If you are developing a plugin you shouldn't specify a namespace in `register` calls. The namespace is specified through the entry point package metadata.[0m
  logger.warn(
/users/mazumdar/.local/lib/python3.9/site-packages/gym/envs/registration.py:423: UserWarning: [33mWARN: Custom namespace `ALE` is being overridden by namespace `ALE`. If you are developing a plugin you shouldn't specify a namespace in `register` calls. The namespace is specified through the entry point package metadata.[0m
  logger.warn(
/users/mazumdar/.local/lib/python3.9/site-packages/gym/envs/registration.py:423: UserWarning: [33mWARN: Custom namespace `ALE` is being overridden by namespace `ALE`. If you are developing a plugin you shouldn't specify a namespace in `register` calls. The namespace is specified through the entry point package metadata.[0m
  logger.warn(
/users/mazumdar/.local/lib/python3.9/site-packages/gym/envs/registration.py:423: UserWarning: [33mWARN: Custom namespace `ALE` is being overridden by namespace `ALE`. If you are developing a plugin you shouldn't specify a namespace in `register` calls. The namespace is specified through the entry point package metadata.[0m
  logger.warn(
/users/mazumdar/.local/lib/python3.9/site-packages/gym/envs/registration.py:423: UserWarning: [33mWARN: Custom namespace `ALE` is being overridden by namespace `ALE`. If you are developing a plugin you shouldn't specify a namespace in `register` calls. The namespace is specified through the entry point package metadata.[0m
  logger.warn(
/users/mazumdar/.local/lib/python3.9/site-packages/gym/envs/registration.py:423: UserWarning: [33mWARN: Custom namespace `ALE` is being overridden by namespace `ALE`. If you are developing a plugin you shouldn't specify a namespace in `register` calls. The namespace is specified through the entry point package metadata.[0m
  logger.warn(
/users/mazumdar/.local/lib/python3.9/site-packages/gym/envs/registration.py:423: UserWarning: [33mWARN: Custom namespace `ALE` is being overridden by namespace `ALE`. If you are developing a plugin you shouldn't specify a namespace in `register` calls. The namespace is specified through the entry point package metadata.[0m
  logger.warn(
Warning: Gym version v0.24.0 has a number of critical issues with `gym.make` such that the `reset` and `step` functions are called before returning the environment. It is recommend to downgrading to v0.23.1 or upgrading to v0.25.1
Warning: Gym version v0.24.0 has a number of critical issues with `gym.make` such that the `reset` and `step` functions are called before returning the environment. It is recommend to downgrading to v0.23.1 or upgrading to v0.25.1
Warning: Gym version v0.24.0 has a number of critical issues with `gym.make` such that the `reset` and `step` functions are called before returning the environment. It is recommend to downgrading to v0.23.1 or upgrading to v0.25.1
Warning: Gym version v0.24.0 has a number of critical issues with `gym.make` such that the `reset` and `step` functions are called before returning the environment. It is recommend to downgrading to v0.23.1 or upgrading to v0.25.1
Warning: Gym version v0.24.0 has a number of critical issues with `gym.make` such that the `reset` and `step` functions are called before returning the environment. It is recommend to downgrading to v0.23.1 or upgrading to v0.25.1
Warning: Gym version v0.24.0 has a number of critical issues with `gym.make` such that the `reset` and `step` functions are called before returning the environment. It is recommend to downgrading to v0.23.1 or upgrading to v0.25.1
Warning: Gym version v0.24.0 has a number of critical issues with `gym.make` such that the `reset` and `step` functions are called before returning the environment. It is recommend to downgrading to v0.23.1 or upgrading to v0.25.1
Warning: Gym version v0.24.0 has a number of critical issues with `gym.make` such that the `reset` and `step` functions are called before returning the environment. It is recommend to downgrading to v0.23.1 or upgrading to v0.25.1
Warning: Gym version v0.24.0 has a number of critical issues with `gym.make` such that the `reset` and `step` functions are called before returning the environment. It is recommend to downgrading to v0.23.1 or upgrading to v0.25.1
Warning: Gym version v0.24.0 has a number of critical issues with `gym.make` such that the `reset` and `step` functions are called before returning the environment. It is recommend to downgrading to v0.23.1 or upgrading to v0.25.1
Warning: Gym version v0.24.0 has a number of critical issues with `gym.make` such that the `reset` and `step` functions are called before returning the environment. It is recommend to downgrading to v0.23.1 or upgrading to v0.25.1
Warning: Gym version v0.24.0 has a number of critical issues with `gym.make` such that the `reset` and `step` functions are called before returning the environment. It is recommend to downgrading to v0.23.1 or upgrading to v0.25.1
Warning: Gym version v0.24.0 has a number of critical issues with `gym.make` such that the `reset` and `step` functions are called before returning the environment. It is recommend to downgrading to v0.23.1 or upgrading to v0.25.1
Warning: Gym version v0.24.0 has a number of critical issues with `gym.make` such that the `reset` and `step` functions are called before returning the environment. It is recommend to downgrading to v0.23.1 or upgrading to v0.25.1
Warning: Gym version v0.24.0 has a number of critical issues with `gym.make` such that the `reset` and `step` functions are called before returning the environment. It is recommend to downgrading to v0.23.1 or upgrading to v0.25.1
Warning: Gym version v0.24.0 has a number of critical issues with `gym.make` such that the `reset` and `step` functions are called before returning the environment. It is recommend to downgrading to v0.23.1 or upgrading to v0.25.1
Warning: Gym version v0.24.0 has a number of critical issues with `gym.make` such that the `reset` and `step` functions are called before returning the environment. It is recommend to downgrading to v0.23.1 or upgrading to v0.25.1
Warning: Gym version v0.24.0 has a number of critical issues with `gym.make` such that the `reset` and `step` functions are called before returning the environment. It is recommend to downgrading to v0.23.1 or upgrading to v0.25.1
Warning: Gym version v0.24.0 has a number of critical issues with `gym.make` such that the `reset` and `step` functions are called before returning the environment. It is recommend to downgrading to v0.23.1 or upgrading to v0.25.1
Warning: Gym version v0.24.0 has a number of critical issues with `gym.make` such that the `reset` and `step` functions are called before returning the environment. It is recommend to downgrading to v0.23.1 or upgrading to v0.25.1
Warning: Gym version v0.24.0 has a number of critical issues with `gym.make` such that the `reset` and `step` functions are called before returning the environment. It is recommend to downgrading to v0.23.1 or upgrading to v0.25.1
Warning: Gym version v0.24.0 has a number of critical issues with `gym.make` such that the `reset` and `step` functions are called before returning the environment. It is recommend to downgrading to v0.23.1 or upgrading to v0.25.1
Warning: Gym version v0.24.0 has a number of critical issues with `gym.make` such that the `reset` and `step` functions are called before returning the environment. It is recommend to downgrading to v0.23.1 or upgrading to v0.25.1
Warning: Gym version v0.24.0 has a number of critical issues with `gym.make` such that the `reset` and `step` functions are called before returning the environment. It is recommend to downgrading to v0.23.1 or upgrading to v0.25.1
Warning: Gym version v0.24.0 has a number of critical issues with `gym.make` such that the `reset` and `step` functions are called before returning the environment. It is recommend to downgrading to v0.23.1 or upgrading to v0.25.1
Warning: Gym version v0.24.0 has a number of critical issues with `gym.make` such that the `reset` and `step` functions are called before returning the environment. It is recommend to downgrading to v0.23.1 or upgrading to v0.25.1
Warning: Gym version v0.24.0 has a number of critical issues with `gym.make` such that the `reset` and `step` functions are called before returning the environment. It is recommend to downgrading to v0.23.1 or upgrading to v0.25.1
Warning: Gym version v0.24.0 has a number of critical issues with `gym.make` such that the `reset` and `step` functions are called before returning the environment. It is recommend to downgrading to v0.23.1 or upgrading to v0.25.1
Warning: Gym version v0.24.0 has a number of critical issues with `gym.make` such that the `reset` and `step` functions are called before returning the environment. It is recommend to downgrading to v0.23.1 or upgrading to v0.25.1
Warning: Gym version v0.24.0 has a number of critical issues with `gym.make` such that the `reset` and `step` functions are called before returning the environment. It is recommend to downgrading to v0.23.1 or upgrading to v0.25.1
[96m 
------------------------------- Warm-up Stage ------------------------------- [0m
[96m 
------------------------------- Warm-up Stage ------------------------------- [0m
[96m 
------------------------------- Warm-up Stage ------------------------------- [0m
[96m 
------------------------------- Warm-up Stage ------------------------------- [0m
[96m 
------------------------------- Warm-up Stage ------------------------------- [0m
[96m 
------------------------------- Warm-up Stage ------------------------------- [0m
[96m 
------------------------------- Warm-up Stage ------------------------------- [0m
[96m 
------------------------------- Warm-up Stage ------------------------------- [0m
[96m 
------------------------------- Warm-up Stage ------------------------------- [0m
[96m 
------------------------------- Warm-up Stage ------------------------------- [0m
[96m 
------------------------------- Warm-up Stage ------------------------------- [0m
[96m 
------------------------------- Warm-up Stage ------------------------------- [0m
[96m 
------------------------------- Warm-up Stage ------------------------------- [0m
[96m 
------------------------------- Warm-up Stage ------------------------------- [0m
[96m 
------------------------------- Warm-up Stage ------------------------------- [0m
[96m 
------------------------------- Warm-up Stage ------------------------------- [0m
[96m 
------------------------------- Warm-up Stage ------------------------------- [0m
[96m 
------------------------------- Warm-up Stage ------------------------------- [0m
[96m 
------------------------------- Warm-up Stage ------------------------------- [0m
[96m 
------------------------------- Warm-up Stage ------------------------------- [0m
[96m 
------------------------------- Warm-up Stage ------------------------------- [0m
[96m 
------------------------------- Warm-up Stage ------------------------------- [0m
[96m 
------------------------------- Warm-up Stage ------------------------------- [0m
[96m 
------------------------------- Warm-up Stage ------------------------------- [0m
[96m 
------------------------------- Warm-up Stage ------------------------------- [0m
[96m 
------------------------------- Warm-up Stage ------------------------------- [0m
[96m 
------------------------------- Warm-up Stage ------------------------------- [0m
[96m 
------------------------------- Warm-up Stage ------------------------------- [0m
[96m 
------------------------------- Warm-up Stage ------------------------------- [0m
[96m 
------------------------------- Warm-up Stage ------------------------------- [0m
*******************
tensor([1., 0.])
[ 44.89711159 167.61221489]
*******************
tensor([1., 0.])
[ 44.89711159 167.61221489]
*******************
tensor([0.2000, 0.8000])
[ 70.378237   213.20905473]
*******************
tensor([0.6000, 0.4000])
[ 54.62641279 157.92485744]
*******************
tensor([0.6000, 0.4000])
[ 54.62641279 157.92485744]
*******************
tensor([0.2000, 0.8000])
[ 70.378237   213.20905473]
*******************
tensor([1., 0.])
[107.32051192 551.84437496]
*******************
tensor([0.6000, 0.4000])
[ 54.62641279 157.92485744]
*******************
tensor([1., 0.])
[ 44.89711159 167.61221489]
*******************
tensor([0.6000, 0.4000])
[ 54.62641279 157.92485744]
*******************
tensor([1., 0.])
[ 44.89711159 167.61221489]
*******************
tensor([0.6000, 0.4000])
[142.84605246 841.85473755]
*******************
tensor([1., 0.])
[ 44.89711159 167.61221489]
*******************
tensor([0.2000, 0.8000])
[ 70.378237   213.20905473]
*******************
tensor([0.6000, 0.4000])
[ 54.62641279 157.92485744]
*******************
tensor([0.6000, 0.4000])
[142.84605246 841.85473755]
*******************
tensor([0.2000, 0.8000])
[ 70.378237   213.20905473]
*******************
tensor([1., 0.])
[107.32051192 551.84437496]
*******************
tensor([0.2000, 0.8000])
[ 70.378237   213.20905473]
*******************
tensor([1., 0.])
[ 44.89711159 167.61221489]
*******************
tensor([1., 0.])
[107.32051192 551.84437496]
*******************
tensor([1., 0.])
[107.32051192 551.84437496]
*******************
tensor([1., 0.])
[107.32051192 551.84437496]
*******************
tensor([0.6000, 0.4000])
[142.84605246 841.85473755]
*******************
tensor([0.6000, 0.4000])
[ 54.62641279 157.92485744]
*******************
tensor([0.6000, 0.4000])
[142.84605246 841.85473755]
*******************
tensor([0.2000, 0.8000])
[ 70.378237   213.20905473]
*******************
tensor([0.6000, 0.4000])
[142.84605246 841.85473755]
srun: Job step aborted: Waiting up to 62 seconds for job step to finish.
slurmstepd: error: *** STEP 2392794.0 ON c2125 CANCELLED AT 2023-05-27T01:04:05 ***
slurmstepd: error: *** JOB 2392794 ON c2125 CANCELLED AT 2023-05-27T01:04:05 ***
