/users/mazumdar/.local/lib/python3.9/site-packages/gym/envs/registration.py:423: UserWarning: [33mWARN: Custom namespace `ALE` is being overridden by namespace `ALE`. If you are developing a plugin you shouldn't specify a namespace in `register` calls. The namespace is specified through the entry point package metadata.[0m
  logger.warn(
/users/mazumdar/.local/lib/python3.9/site-packages/gym/envs/registration.py:423: UserWarning: [33mWARN: Custom namespace `ALE` is being overridden by namespace `ALE`. If you are developing a plugin you shouldn't specify a namespace in `register` calls. The namespace is specified through the entry point package metadata.[0m
  logger.warn(
/users/mazumdar/.local/lib/python3.9/site-packages/gym/envs/registration.py:423: UserWarning: [33mWARN: Custom namespace `ALE` is being overridden by namespace `ALE`. If you are developing a plugin you shouldn't specify a namespace in `register` calls. The namespace is specified through the entry point package metadata.[0m
  logger.warn(
/users/mazumdar/.local/lib/python3.9/site-packages/gym/envs/registration.py:423: UserWarning: [33mWARN: Custom namespace `ALE` is being overridden by namespace `ALE`. If you are developing a plugin you shouldn't specify a namespace in `register` calls. The namespace is specified through the entry point package metadata.[0m
  logger.warn(
/users/mazumdar/.local/lib/python3.9/site-packages/gym/envs/registration.py:423: UserWarning: [33mWARN: Custom namespace `ALE` is being overridden by namespace `ALE`. If you are developing a plugin you shouldn't specify a namespace in `register` calls. The namespace is specified through the entry point package metadata.[0m
  logger.warn(
Warning: Gym version v0.24.0 has a number of critical issues with `gym.make` such that the `reset` and `step` functions are called before returning the environment. It is recommend to downgrading to v0.23.1 or upgrading to v0.25.1
Warning: Gym version v0.24.0 has a number of critical issues with `gym.make` such that the `reset` and `step` functions are called before returning the environment. It is recommend to downgrading to v0.23.1 or upgrading to v0.25.1
Warning: Gym version v0.24.0 has a number of critical issues with `gym.make` such that the `reset` and `step` functions are called before returning the environment. It is recommend to downgrading to v0.23.1 or upgrading to v0.25.1
Warning: Gym version v0.24.0 has a number of critical issues with `gym.make` such that the `reset` and `step` functions are called before returning the environment. It is recommend to downgrading to v0.23.1 or upgrading to v0.25.1
Warning: Gym version v0.24.0 has a number of critical issues with `gym.make` such that the `reset` and `step` functions are called before returning the environment. It is recommend to downgrading to v0.23.1 or upgrading to v0.25.1
[96m 
------------------------------- Warm-up Stage ------------------------------- [0m
[96m 
------------------------------- Warm-up Stage ------------------------------- [0m
[96m 
------------------------------- Warm-up Stage ------------------------------- [0m
[96m 
------------------------------- Warm-up Stage ------------------------------- [0m
[96m 
------------------------------- Warm-up Stage ------------------------------- [0m
*******************
tensor([1., 0.])
[ 44.89711159 167.61221489]
*******************
tensor([1., 0.])
[ 44.89711159 167.61221489]
*******************
tensor([0.6000, 0.4000])
[142.84605246 841.85473755]
*******************
tensor([0.6000, 0.4000])
[142.84605246 841.85473755]
*******************
tensor([0.4000, 0.6000])
[ 324.29047073 1865.0062517 ]
*******************
tensor([0.2000, 0.8000])
[ 500.79809104 2415.43137416]
*******************
tensor([0.6000, 0.4000])
[  90.31582604 1662.16143414]
*******************
tensor([0.8000, 0.2000])
[ 504.99145247 2328.74879409]
*******************
tensor([0.4000, 0.6000])
[ 324.29047073 1865.0062517 ]
*******************
*******************
tensor([0.2000, 0.8000])
[ 500.79809104 2415.43137416]
*******************
tensor([0.8000, 0.2000])
[ 504.99145247 2328.74879409]
tensor([0.2000, 0.8000])
[ 438.07126644 1814.3856305 ]
*******************
tensor([0., 1.])
[ 494.04486362 1079.19015998]
*******************
tensor([0., 1.])
[ 494.04486362 1079.19015998]
*******************
tensor([0.6000, 0.4000])
[  90.31582604 1662.16143414]
*******************
tensor([0.6000, 0.4000])
[  90.31582604 1662.16143414]
*******************
tensor([0.4000, 0.6000])
[ 499.82125595 2120.14571931]
*******************
tensor([0., 1.])
[ 623.36542971 1663.51094233]
*******************
tensor([1., 0.])
[ 543.03884203 1868.4725297 ]
*******************
tensor([1., 0.])
[ 543.03884203 1868.4725297 ]
*******************
tensor([1., 0.])
[ 543.03884203 1868.4725297 ]
*******************
tensor([0.4000, 0.6000])
[ 499.82125595 2120.14571931]
*******************
*******************
tensor([0.2000, 0.8000])
[ 438.07126644 1814.3856305 ]
tensor([0.8000, 0.2000])
[ 742.04396119 1982.83068037]
*******************
tensor([0.8000, 0.2000])
[ 742.04396119 1982.83068037]
*******************
tensor([0.4000, 0.6000])
[ 499.82125595 2120.14571931]
*******************
tensor([0., 1.])
[ 623.36542971 1663.51094233]
*******************
tensor([0.2000, 0.8000])
[ 438.07126644 1814.3856305 ]
*******************
tensor([0.8000, 0.2000])
[ 742.04396119 1982.83068037]
*******************
tensor([0., 1.])
[ 623.36542971 1663.51094233]
*******************
tensor([1., 0.])
[ 54.14298372 175.63157792]
*******************
tensor([1., 0.])
[ 54.14298372 175.63157792]
*******************
tensor([0.6000, 0.4000])
[ 228.71089037 1760.19451235]
*******************
tensor([0.6000, 0.4000])
[ 228.71089037 1760.19451235]
*******************
tensor([0.6000, 0.4000])
[ 179.46368567 1812.71489208]
*******************
tensor([0.4000, 0.6000])
[ 213.11093478 1774.5612457 ]
*******************
tensor([0.2000, 0.8000])
[ 497.42087213 2404.52737552]
*******************
tensor([0.8000, 0.2000])
[ 504.28247397 2257.49453394]
*******************
tensor([0.4000, 0.6000])
[ 213.11093478 1774.5612457 ]
*******************
tensor([0., 1.])
[ 597.74303937 1670.65157687]
*******************
tensor([0.2000, 0.8000])
[ 440.71356364 1860.54329997]
*******************
tensor([0.8000, 0.2000])
[ 504.28247397 2257.49453394]
*******************
tensor([1., 0.])
[ 379.04617984 1891.44668948]
*******************
tensor([0.6000, 0.4000])
[ 179.46368567 1812.71489208]
*******************
tensor([0.2000, 0.8000])
[ 497.42087213 2404.52737552]
*******************
tensor([0., 1.])
*******************
tensor([0.4000, 0.6000])
[ 499.77834704 2068.41794218]
[ 428.37394682 1013.91801869]
*******************
tensor([1., 0.])
[ 379.04617984 1891.44668948]
*******************
tensor([1., 0.])
[ 379.04617984 1891.44668948]
*******************
tensor([0., 1.])
[ 428.37394682 1013.91801869]
*******************
tensor([0.6000, 0.4000])
[ 179.46368567 1812.71489208]
*******************
tensor([0.8000, 0.2000])
[ 770.19138029 1986.56892076]
*******************
tensor([0.2000, 0.8000])
[ 440.71356364 1860.54329997]
*******************
tensor([0., 1.])
[ 597.74303937 1670.65157687]
*******************
tensor([0.4000, 0.6000])
[ 499.77834704 2068.41794218]
*******************
tensor([0.4000, 0.6000])
[ 499.77834704 2068.41794218]
*******************
tensor([0.8000, 0.2000])
[ 770.19138029 1986.56892076]
*******************
tensor([0.8000, 0.2000])
[ 770.19138029 1986.56892076]
*******************
tensor([0.2000, 0.8000])
[ 440.71356364 1860.54329997]
*******************
tensor([0., 1.])
[ 597.74303937 1670.65157687]
*******************
tensor([1., 0.])
[ 96.66251378 268.14322866]
*******************
tensor([1., 0.])
[ 96.66251378 268.14322866]
*******************
tensor([0.6000, 0.4000])
[ 338.17081144 1838.97848817]
*******************
tensor([0.6000, 0.4000])
[ 338.17081144 1838.97848817]
*******************
tensor([1., 0.])
[ 403.01962364 1672.53107545]
*******************
tensor([0.6000, 0.4000])
[ 441.82156897 1754.76318709]
*******************
tensor([1., 0.])
[ 403.01962364 1672.53107545]
*******************
tensor([1., 0.])
[ 403.01962364 1672.53107545]
*******************
tensor([0.4000, 0.6000])
[ 211.360554   1790.94120625]
*******************
tensor([0.2000, 0.8000])
[ 483.82882491 2388.1026228 ]
*******************
tensor([0., 1.])
[ 523.0979727  1641.96872424]
*******************
tensor([0.4000, 0.6000])
[ 211.360554   1790.94120625]
*******************
tensor([0.8000, 0.2000])
[ 506.79258841 2149.78015507]
*******************
tensor([0.6000, 0.4000])
[ 441.82156897 1754.76318709]
*******************
tensor([0.2000, 0.8000])
[ 408.29511704 1704.31940341]
**************************************
tensor([0.6000, 0.4000])
[ 441.82156897 1754.76318709]

tensor([0.8000, 0.2000])
[ 506.79258841 2149.78015507]
*******************
*******************
tensor([0., 1.])
tensor([0.4000, 0.6000])
[ 498.18059637 2044.1523156 ]
*******************
tensor([0., 1.])
[ 493.95326134 1033.79629462]
[ 493.95326134 1033.79629462]
*******************
tensor([0.2000, 0.8000])
[ 483.82882491 2388.1026228 ]
*******************
tensor([0., 1.])
[ 523.0979727  1641.96872424]
*******************
tensor([0.8000, 0.2000])
*******************
tensor([0.4000, 0.6000])
[ 498.18059637 2044.1523156 ]
[ 807.08944395 2142.35266898]
*******************
tensor([0.4000, 0.6000])
[ 498.18059637 2044.1523156 ]
*******************
tensor([0.2000, 0.8000])
[ 408.29511704 1704.31940341]
*******************
tensor([0.8000, 0.2000])
[ 807.08944395 2142.35266898]
*******************
tensor([0.8000, 0.2000])
[ 807.08944395 2142.35266898]
*******************
tensor([0.2000, 0.8000])
[ 408.29511704 1704.31940341]
*******************
tensor([0., 1.])
[ 523.0979727  1641.96872424]
*******************
tensor([1., 0.])
[209.13162065 609.29358313]
*******************
tensor([1., 0.])
[209.13162065 609.29358313]
*******************
tensor([0.8000, 0.2000])
[ 81.70111958 296.47279863]
*******************
tensor([0.8000, 0.2000])
[ 81.70111958 296.47279863]
*******************
tensor([0.6000, 0.4000])
[ 264.32848532 1825.96409735]
*******************
tensor([0.6000, 0.4000])
[ 264.32848532 1825.96409735]
*******************
tensor([0.6000, 0.4000])
[ 664.453961   1926.14872931]
*******************
tensor([1., 0.])
[ 658.28144434 1914.65425919]
*******************
tensor([1., 0.])
[ 658.28144434 1914.65425919]
*******************
tensor([0.4000, 0.6000])
[ 154.62285069 1941.1628691 ]
*******************
tensor([1., 0.])
[ 658.28144434 1914.65425919]
*******************
tensor([0.2000, 0.8000])
[ 496.30980557 2395.13929438]
*******************
tensor([0., 1.])
[ 622.74232734 1603.57927217]
*******************
tensor([0.2000, 0.8000])
[ 405.35013994 1720.03987497]
*******************
tensor([0.4000, 0.6000])
[ 154.62285069 1941.1628691 ]
*******************
tensor([0.6000, 0.4000])
[ 664.453961   1926.14872931]
*******************
tensor([0., 1.])
[ 493.08259719 1036.61383381]
*******************
*******************
tensor([0.4000, 0.6000])
[ 498.83843384 1974.23696863]
tensor([0.2000, 0.8000])
[ 496.30980557 2395.13929438]
*******************
tensor([0., 1.])
[ 493.08259719 1036.61383381]
*******************
tensor([0.6000, 0.4000])
[ 664.453961   1926.14872931]
*******************
tensor([0., 1.])
[ 622.74232734 1603.57927217]
*******************
tensor([0.8000, 0.2000])
[ 807.92134601 2152.55071098]
*******************
tensor([0.4000, 0.6000])
[ 498.83843384 1974.23696863]
*******************
tensor([0.8000, 0.2000])
[ 807.92134601 2152.55071098]
*******************
tensor([0.4000, 0.6000])
[ 498.83843384 1974.23696863]
*******************
tensor([0.2000, 0.8000])
[ 405.35013994 1720.03987497]
*******************
tensor([0.8000, 0.2000])
[ 807.92134601 2152.55071098]
*******************
tensor([0.2000, 0.8000])
[ 405.35013994 1720.03987497]
*******************
tensor([0., 1.])
[ 622.74232734 1603.57927217]
*******************
tensor([1., 0.])
[ 588.02626558 1923.84009407]
*******************
tensor([1., 0.])
[ 588.02626558 1923.84009407]
*******************
tensor([0.8000, 0.2000])
[ 504.92419219 2135.66302455]
*******************
tensor([0.8000, 0.2000])
[ 504.92419219 2135.66302455]
*******************
tensor([0.6000, 0.4000])
[ 291.62190331 1878.82292358]
*******************
tensor([0.6000, 0.4000])
[ 291.62190331 1878.82292358]
*******************
tensor([0.6000, 0.4000])
[ 587.96967973 2076.56955736]
*******************
tensor([1., 0.])
[ 860.85458737 1891.8901232 ]
*******************
tensor([0.4000, 0.6000])
[ 284.3642296  2035.59442943]
*******************
tensor([0., 1.])
[ 637.2272926  1638.41546498]
*******************
tensor([0.2000, 0.8000])
[ 502.49608231 2400.96189309]
*******************
tensor([0.2000, 0.8000])
[ 345.40461293 1661.15152278]
*******************
tensor([1., 0.])
[ 860.85458737 1891.8901232 ]
*******************
tensor([1., 0.])
[ 860.85458737 1891.8901232 ]
*******************
tensor([0.4000, 0.6000])
[ 284.3642296  2035.59442943]
*******************
tensor([0.6000, 0.4000])
[ 587.96967973 2076.56955736]
*******************
tensor([0.4000, 0.6000])
[ 498.01646191 1921.3131143 ]
*******************
tensor([0., 1.])
[ 494.65308266 1074.11748005]
*******************
tensor([0., 1.])
[ 494.65308266 1074.11748005]
*******************
tensor([0.6000, 0.4000])
*******************
tensor([0., 1.])
[ 637.2272926  1638.41546498]
*******************
tensor([0.2000, 0.8000])
[ 502.49608231 2400.96189309]
[ 587.96967973 2076.56955736]
*******************
tensor([0.8000, 0.2000])
[ 886.28305089 2191.720047  ]
*******************
tensor([0.4000, 0.6000])
[ 498.01646191 1921.3131143 ]
*******************
tensor([0.8000, 0.2000])
[ 886.28305089 2191.720047  ]
*******************
tensor([0.4000, 0.6000])
[ 498.01646191 1921.3131143 ]
*******************
tensor([0.2000, 0.8000])
[ 345.40461293 1661.15152278]
*******************
tensor([0.8000, 0.2000])
[ 886.28305089 2191.720047  ]
*******************
tensor([0.2000, 0.8000])
[ 345.40461293 1661.15152278]
*******************
tensor([0., 1.])
[ 637.2272926  1638.41546498]
*******************
tensor([1., 0.])
[ 722.38023359 1957.39300161]
*******************
tensor([1., 0.])
[ 722.38023359 1957.39300161]
*******************
tensor([0.8000, 0.2000])
[ 507.60332186 2037.15705481]
*******************
tensor([0.8000, 0.2000])
[ 507.60332186 2037.15705481]
*******************
tensor([0.6000, 0.4000])
[ 420.08257167 1879.03299174]
*******************
tensor([0.6000, 0.4000])
[ 420.08257167 1879.03299174]
*******************
tensor([1., 0.])
[ 772.71166313 1816.10560809]
*******************
tensor([0.6000, 0.4000])
[ 474.445219   2370.77492104]
*******************
tensor([0.4000, 0.6000])
[ 417.64590853 2178.5703146 ]
*******************
tensor([0.2000, 0.8000])
[ 500.87773135 2427.68166412]
*******************
tensor([0., 1.])
[ 647.18104503 1735.68042579]
*******************
tensor([0.2000, 0.8000])
[ 330.66434942 1609.38639104]
*******************
tensor([1., 0.])
[ 772.71166313 1816.10560809]
*******************
tensor([1., 0.])
[ 772.71166313 1816.10560809]
*******************
tensor([0.4000, 0.6000])
[ 417.64590853 2178.5703146 ]
*******************
tensor([0.4000, 0.6000])
[ 500.03653541 1893.9699238 ]
*******************
tensor([0.6000, 0.4000])
[ 474.445219   2370.77492104]
*******************
tensor([0., 1.])
[ 493.89945081 1102.9535942 ]
*******************
tensor([0., 1.])
*******************
tensor([0., 1.])
[ 647.18104503 1735.68042579]
[ 493.89945081 1102.9535942 ]
*******************
tensor([0.8000, 0.2000])
[ 940.26540794 2144.32223326]
*******************
tensor([0.2000, 0.8000])
[ 500.87773135 2427.68166412]
*******************
tensor([0.6000, 0.4000])
[ 474.445219   2370.77492104]
*******************
tensor([0.8000, 0.2000])
[ 940.26540794 2144.32223326]
*******************
tensor([0.4000, 0.6000])
[ 500.03653541 1893.9699238 ]
*******************
tensor([0.8000, 0.2000])
[ 940.26540794 2144.32223326]
*******************
tensor([0.2000, 0.8000])
[ 330.66434942 1609.38639104]
*******************
tensor([0.4000, 0.6000])
[ 500.03653541 1893.9699238 ]
*******************
tensor([0.2000, 0.8000])
[ 330.66434942 1609.38639104]
*******************
tensor([0., 1.])
[ 647.18104503 1735.68042579]
*******************
tensor([1., 0.])
[ 812.24948871 1975.25268738]
*******************
tensor([1., 0.])
[ 812.24948871 1975.25268738]
*******************
tensor([0.8000, 0.2000])
[ 537.91710054 2019.81282607]
*******************
tensor([0.8000, 0.2000])
[ 537.91710054 2019.81282607]
*******************
tensor([0.6000, 0.4000])
[ 235.9148755  1902.97222089]
*******************
tensor([0.6000, 0.4000])
[ 235.9148755  1902.97222089]
*******************
tensor([1., 0.])
[ 794.17717794 1936.01388618]
*******************
tensor([0.6000, 0.4000])
[ 498.53984813 2360.26388204]
*******************
tensor([0.4000, 0.6000])
[ 425.51163904 2311.08050028]
*******************
tensor([0., 1.])
[ 608.61351837 1741.11010231]
*******************
tensor([0.2000, 0.8000])
[ 499.43527672 2432.24857445]
*******************
tensor([0.2000, 0.8000])
[ 355.00468881 1596.92823997]
*******************
tensor([1., 0.])
[ 794.17717794 1936.01388618]
*******************
tensor([1., 0.])
[ 794.17717794 1936.01388618]
*******************
tensor([0.4000, 0.6000])
[ 501.2431027  1860.18779342]
*******************
tensor([0.4000, 0.6000])
[ 425.51163904 2311.08050028]
*******************
tensor([0.6000, 0.4000])
[ 498.53984813 2360.26388204]
*******************
tensor([0., 1.])
[ 608.61351837 1741.11010231]
*******************
tensor([0., 1.])
[ 495.37087498 1186.36916767]
*******************
tensor([0.8000, 0.2000])
[ 935.32498834 2153.60609556]
*******************
tensor([0., 1.])
[ 495.37087498 1186.36916767]
*******************
tensor([0.2000, 0.8000])
[ 499.43527672 2432.24857445]
*******************
tensor([0.8000, 0.2000])
[ 935.32498834 2153.60609556]
*******************
tensor([0.6000, 0.4000])
[ 498.53984813 2360.26388204]
*******************
tensor([0.4000, 0.6000])
[ 501.2431027  1860.18779342]
*******************
tensor([0.8000, 0.2000])
[ 935.32498834 2153.60609556]
*******************
tensor([0.2000, 0.8000])
[ 355.00468881 1596.92823997]
*******************
tensor([0.4000, 0.6000])
[ 501.2431027  1860.18779342]
*******************
tensor([0.2000, 0.8000])
[ 355.00468881 1596.92823997]
*******************
tensor([0., 1.])
[ 608.61351837 1741.11010231]
*******************
tensor([1., 0.])
[ 860.28887911 1955.62808389]
*******************
tensor([1., 0.])
[ 860.28887911 1955.62808389]
*******************
tensor([0.8000, 0.2000])
[ 550.63866194 2093.34708173]
*******************
tensor([0.8000, 0.2000])
[ 550.63866194 2093.34708173]
*******************
tensor([0.6000, 0.4000])
[ 237.94944629 1952.72561651]
*******************
tensor([0.6000, 0.4000])
[ 237.94944629 1952.72561651]
*******************
tensor([1., 0.])
[ 522.39856755 1689.37989123]
*******************
tensor([0.6000, 0.4000])
[ 526.88472479 2388.19749978]
*******************
tensor([0.4000, 0.6000])
[ 555.30996061 2244.30425271]
*******************
tensor([0., 1.])
[ 535.79824064 1852.81518367]
*******************
tensor([0.2000, 0.8000])
[ 303.02044111 1593.74820424]
*******************
tensor([0.2000, 0.8000])
[ 500.20763995 2426.57722219]
*******************
tensor([1., 0.])
[ 522.39856755 1689.37989123]
*******************
tensor([1., 0.])
[ 522.39856755 1689.37989123]
*******************
*******************
tensor([0.6000, 0.4000])
[ 526.88472479 2388.19749978]
tensor([0.4000, 0.6000])
[ 500.06191341 1896.97289222]
*******************
tensor([0., 1.])
[ 535.79824064 1852.81518367]
*******************
tensor([0.4000, 0.6000])
[ 555.30996061 2244.30425271]
*******************
tensor([0., 1.])
[ 495.74623814 1274.09928343]
*******************
tensor([0.8000, 0.2000])
[ 862.24854853 2134.46724932]
*******************
tensor([0.8000, 0.2000])
[ 862.24854853 2134.46724932]
*******************
tensor([0., 1.])
[ 495.74623814 1274.09928343]
*******************
tensor([0.2000, 0.8000])
[ 500.20763995 2426.57722219]
*******************
tensor([0.6000, 0.4000])
[ 526.88472479 2388.19749978]
*******************
tensor([0.4000, 0.6000])
[ 500.06191341 1896.97289222]
*******************
tensor([0.8000, 0.2000])
[ 862.24854853 2134.46724932]
*******************
tensor([0.2000, 0.8000])
[ 303.02044111 1593.74820424]
*******************
tensor([0.4000, 0.6000])
[ 500.06191341 1896.97289222]
*******************
tensor([0.2000, 0.8000])
[ 303.02044111 1593.74820424]
*******************
tensor([0., 1.])
[ 535.79824064 1852.81518367]
*******************
tensor([1., 0.])
[ 890.30757512 1906.70616556]
*******************
tensor([1., 0.])
[ 890.30757512 1906.70616556]
*******************
tensor([0.8000, 0.2000])
[ 555.69627952 2027.69688131]
*******************
tensor([0.6000, 0.4000])
[ 332.77325294 2014.42186912]
*******************
tensor([0.8000, 0.2000])
[ 555.69627952 2027.69688131]
*******************
tensor([1., 0.])
[ 508.46776557 1667.65805834]
*******************
tensor([0.6000, 0.4000])
[ 332.77325294 2014.42186912]
*******************
tensor([0.2000, 0.8000])
[ 270.75381792 1571.43593863]
*******************
tensor([0.6000, 0.4000])
[ 521.0396466  2383.47120143]
*******************
tensor([0.4000, 0.6000])
[ 494.27181032 2378.0335202 ]
*******************
tensor([0.2000, 0.8000])
[ 501.09172231 2417.57290544]
*******************
tensor([0., 1.])
[ 498.09042349 1901.6969866 ]
*******************
tensor([1., 0.])
[ 508.46776557 1667.65805834]
*******************
tensor([1., 0.])
[ 508.46776557 1667.65805834]
*******************
tensor([0.4000, 0.6000])
[ 500.05365802 1988.82215244]
*******************
tensor([0.6000, 0.4000])
[ 521.0396466  2383.47120143]
*******************
tensor([0.4000, 0.6000])
[ 494.27181032 2378.0335202 ]
*******************
tensor([0., 1.])
[ 498.09042349 1901.6969866 ]
*******************
tensor([0., 1.])
[ 494.84778553 1280.69411584]
*******************
tensor([0.8000, 0.2000])
[ 831.77698133 2126.75725565]
*******************
*******************
tensor([0., 1.])
[ 494.84778553 1280.69411584]
tensor([0.8000, 0.2000])
[ 831.77698133 2126.75725565]
*******************
tensor([0.2000, 0.8000])
[ 501.09172231 2417.57290544]
*******************
tensor([0.8000, 0.2000])
[ 831.77698133 2126.75725565]
*******************
tensor([0.4000, 0.6000])
[ 500.05365802 1988.82215244]
*******************
tensor([0.6000, 0.4000])
[ 521.0396466  2383.47120143]
*******************
tensor([0.2000, 0.8000])
[ 270.75381792 1571.43593863]
*******************
tensor([0.4000, 0.6000])
[ 500.05365802 1988.82215244]
*******************
tensor([0.2000, 0.8000])
[ 270.75381792 1571.43593863]
*******************
tensor([0., 1.])
[ 498.09042349 1901.6969866 ]
slurmstepd: error: *** STEP 2395351.0 ON c1354 CANCELLED AT 2023-05-27T13:58:52 ***
srun: Job step aborted: Waiting up to 62 seconds for job step to finish.
slurmstepd: error: *** JOB 2395351 ON c1354 CANCELLED AT 2023-05-27T13:58:52 ***
