/users/mazumdar/.local/lib/python3.9/site-packages/gym/envs/registration.py:423: UserWarning: [33mWARN: Custom namespace `ALE` is being overridden by namespace `ALE`. If you are developing a plugin you shouldn't specify a namespace in `register` calls. The namespace is specified through the entry point package metadata.[0m
  logger.warn(
/users/mazumdar/.local/lib/python3.9/site-packages/gym/envs/registration.py:423: UserWarning: [33mWARN: Custom namespace `ALE` is being overridden by namespace `ALE`. If you are developing a plugin you shouldn't specify a namespace in `register` calls. The namespace is specified through the entry point package metadata.[0m
  logger.warn(
/users/mazumdar/.local/lib/python3.9/site-packages/gym/envs/registration.py:423: UserWarning: [33mWARN: Custom namespace `ALE` is being overridden by namespace `ALE`. If you are developing a plugin you shouldn't specify a namespace in `register` calls. The namespace is specified through the entry point package metadata.[0m
  logger.warn(
/users/mazumdar/.local/lib/python3.9/site-packages/gym/envs/registration.py:423: UserWarning: [33mWARN: Custom namespace `ALE` is being overridden by namespace `ALE`. If you are developing a plugin you shouldn't specify a namespace in `register` calls. The namespace is specified through the entry point package metadata.[0m
  logger.warn(
/users/mazumdar/.local/lib/python3.9/site-packages/gym/envs/registration.py:423: UserWarning: [33mWARN: Custom namespace `ALE` is being overridden by namespace `ALE`. If you are developing a plugin you shouldn't specify a namespace in `register` calls. The namespace is specified through the entry point package metadata.[0m
  logger.warn(
Warning: Gym version v0.24.0 has a number of critical issues with `gym.make` such that the `reset` and `step` functions are called before returning the environment. It is recommend to downgrading to v0.23.1 or upgrading to v0.25.1
Warning: Gym version v0.24.0 has a number of critical issues with `gym.make` such that the `reset` and `step` functions are called before returning the environment. It is recommend to downgrading to v0.23.1 or upgrading to v0.25.1
Warning: Gym version v0.24.0 has a number of critical issues with `gym.make` such that the `reset` and `step` functions are called before returning the environment. It is recommend to downgrading to v0.23.1 or upgrading to v0.25.1
Warning: Gym version v0.24.0 has a number of critical issues with `gym.make` such that the `reset` and `step` functions are called before returning the environment. It is recommend to downgrading to v0.23.1 or upgrading to v0.25.1
Warning: Gym version v0.24.0 has a number of critical issues with `gym.make` such that the `reset` and `step` functions are called before returning the environment. It is recommend to downgrading to v0.23.1 or upgrading to v0.25.1
[96m 
------------------------------- Warm-up Stage ------------------------------- [0m
[96m 
------------------------------- Warm-up Stage ------------------------------- [0m
[96m 
------------------------------- Warm-up Stage ------------------------------- [0m
[96m 
------------------------------- Warm-up Stage ------------------------------- [0m
[96m 
------------------------------- Warm-up Stage ------------------------------- [0m
*******************
tensor([1., 0.])
[ 44.89711159 167.61221489]
*******************
tensor([1., 0.])
[ 44.89711159 167.61221489]
*******************
tensor([0.6000, 0.4000])
[142.84605246 841.85473755]
*******************
tensor([0.6000, 0.4000])
[142.84605246 841.85473755]
*******************
tensor([0.8000, 0.2000])
[ 742.04396119 1982.83068037]
*******************
*******************
*******************
tensor([1., 0.])
[ 543.03884203 1868.4725297 ]
tensor([0.4000, 0.6000])
[ 499.82125595 2120.14571931]
tensor([0., 1.])
[ 623.36542971 1663.51094233]
*******************
tensor([1., 0.])
[ 543.03884203 1868.4725297 ]
*******************
tensor([0.2000, 0.8000])
[ 438.07126644 1814.3856305 ]
*******************
tensor([0., 1.])
[ 623.36542971 1663.51094233]
*******************
tensor([0.6000, 0.4000])
[  90.31582604 1662.16143414]
*******************
tensor([0.4000, 0.6000])
[ 499.82125595 2120.14571931]
*******************
*******************
tensor([0.4000, 0.6000])
[ 499.82125595 2120.14571931]
tensor([0.2000, 0.8000])
[ 438.07126644 1814.3856305 ]
*******************
tensor([0.8000, 0.2000])
[ 742.04396119 1982.83068037]
*******************
*******************
tensor([1., 0.])
[ 543.03884203 1868.4725297 ]
*******************
tensor([0.8000, 0.2000])tensor([0.6000, 0.4000])
[  90.31582604 1662.16143414]
*******************
tensor([0.8000, 0.2000])
[ 504.99145247 2328.74879409]

[ 742.04396119 1982.83068037]
*******************
tensor([0.2000, 0.8000])
[ 500.79809104 2415.43137416]
*******************
tensor([0.6000, 0.4000])
[  90.31582604 1662.16143414]
*******************
tensor([0.2000, 0.8000])
[ 438.07126644 1814.3856305 ]
*******************
tensor([0., 1.])
[ 623.36542971 1663.51094233]
*******************
tensor([0.4000, 0.6000])
*******************
tensor([0.4000, 0.6000])
[ 324.29047073 1865.0062517 ]
*******************
tensor([0., 1.])
[ 494.04486362 1079.19015998]
[ 324.29047073 1865.0062517 ]
*******************
tensor([0., 1.])
[ 494.04486362 1079.19015998]
*******************
tensor([0.2000, 0.8000])
[ 500.79809104 2415.43137416]
*******************
tensor([0.8000, 0.2000])
[ 504.99145247 2328.74879409]
*******************
tensor([1., 0.])
[ 54.14298372 175.63157792]
*******************
tensor([1., 0.])
[ 54.14298372 175.63157792]
*******************
tensor([0.6000, 0.4000])
[ 228.71089037 1760.19451235]
*******************
tensor([0.8000, 0.2000])
[ 770.19138029 1986.56892076]
*******************
tensor([0.4000, 0.6000])
[ 499.77834704 2068.41794218]
*******************
tensor([1., 0.])
[ 379.04617984 1891.44668948]
*******************
tensor([1., 0.])
[ 379.04617984 1891.44668948]
*******************
tensor([0., 1.])
[ 597.74303937 1670.65157687]
*******************
tensor([0.6000, 0.4000])
[ 179.46368567 1812.71489208]
*******************
tensor([0., 1.])
*******************
tensor([0.6000, 0.4000])
[ 228.71089037 1760.19451235]
*******************
tensor([0.2000, 0.8000])
[ 440.71356364 1860.54329997]
[ 597.74303937 1670.65157687]
*******************
tensor([0.4000, 0.6000])
[ 499.77834704 2068.41794218]
*******************
tensor([0.4000, 0.6000])
[ 499.77834704 2068.41794218]
*******************
tensor([1., 0.])
[ 379.04617984 1891.44668948]
*******************
tensor([0.8000, 0.2000])
[ 770.19138029 1986.56892076]
*******************
tensor([0.6000, 0.4000])
[ 179.46368567 1812.71489208]
*******************
tensor([0.2000, 0.8000])
[ 440.71356364 1860.54329997]
*******************
tensor([0.8000, 0.2000])
[ 770.19138029 1986.56892076]
*******************
tensor([0.6000, 0.4000])
[ 179.46368567 1812.71489208]
*******************
tensor([0., 1.])
[ 597.74303937 1670.65157687]
*******************
tensor([0.2000, 0.8000])
*******************
tensor([0.2000, 0.8000])
[ 440.71356364 1860.54329997]
*******************
tensor([0.8000, 0.2000])
[ 504.28247397 2257.49453394]
[ 497.42087213 2404.52737552]
*******************
*******************
tensor([0., 1.])
[ 428.37394682 1013.91801869]
tensor([0.4000, 0.6000])
[ 213.11093478 1774.5612457 ]
*******************
tensor([0.4000, 0.6000])
[ 213.11093478 1774.5612457 ]
*******************
tensor([0., 1.])
[ 428.37394682 1013.91801869]
*******************
tensor([0.2000, 0.8000])
[ 497.42087213 2404.52737552]
*******************
tensor([0.8000, 0.2000])
[ 504.28247397 2257.49453394]
*******************
tensor([1., 0.])
[ 96.66251378 268.14322866]
*******************
tensor([1., 0.])
[ 96.66251378 268.14322866]
*******************
tensor([1., 0.])
[ 403.01962364 1672.53107545]
*******************
tensor([1., 0.])
[ 403.01962364 1672.53107545]
*******************
tensor([0.4000, 0.6000])
[ 498.18059637 2044.1523156 ]
*******************
tensor([0.8000, 0.2000])
[ 807.08944395 2142.35266898]
*******************
tensor([0., 1.])
[ 523.0979727  1641.96872424]
*******************
tensor([0.6000, 0.4000])
[ 441.82156897 1754.76318709]
*******************
tensor([0., 1.])
[ 523.0979727  1641.96872424]
*******************
*******************
tensor([1., 0.])
[ 403.01962364 1672.53107545]
tensor([0.2000, 0.8000])
[ 408.29511704 1704.31940341]
*******************
tensor([0.6000, 0.4000])
[ 338.17081144 1838.97848817]
*******************
tensor([0.4000, 0.6000])
[ 498.18059637 2044.1523156 ]
*******************
tensor([0.6000, 0.4000])
[ 441.82156897 1754.76318709]
*******************
tensor([0.4000, 0.6000])
[ 498.18059637 2044.1523156 ]
*******************
tensor([0.8000, 0.2000])
[ 807.08944395 2142.35266898]
*******************
tensor([0.2000, 0.8000])
[ 408.29511704 1704.31940341]
*******************
tensor([0.8000, 0.2000])
[ 807.08944395 2142.35266898]
*******************
*******************
tensor([0.6000, 0.4000])
[ 441.82156897 1754.76318709]
tensor([0.6000, 0.4000])
[ 338.17081144 1838.97848817]
*******************
tensor([0.2000, 0.8000])
[ 408.29511704 1704.31940341]
*******************
tensor([0., 1.])
[ 523.0979727  1641.96872424]
*******************
tensor([0.2000, 0.8000])
[ 483.82882491 2388.1026228 ]
*******************
tensor([0.8000, 0.2000])
[ 506.79258841 2149.78015507]
*******************
tensor([0.4000, 0.6000])
[ 211.360554   1790.94120625]
*******************
tensor([0., 1.])
[ 493.95326134 1033.79629462]
*******************
tensor([0.4000, 0.6000])
[ 211.360554   1790.94120625]
*******************
tensor([0., 1.])
[ 493.95326134 1033.79629462]
*******************
tensor([0.2000, 0.8000])
[ 483.82882491 2388.1026228 ]
*******************
tensor([0.8000, 0.2000])
[ 506.79258841 2149.78015507]
*******************
tensor([1., 0.])
[209.13162065 609.29358313]
*******************
tensor([1., 0.])
[209.13162065 609.29358313]
*******************
tensor([0.8000, 0.2000])
[ 807.92134601 2152.55071098]
*******************
tensor([0.4000, 0.6000])
[ 498.83843384 1974.23696863]
*******************
tensor([1., 0.])
[ 658.28144434 1914.65425919]
*******************
tensor([1., 0.])
[ 658.28144434 1914.65425919]
*******************
tensor([0.8000, 0.2000])
[ 81.70111958 296.47279863]
*******************
tensor([0.6000, 0.4000])
[ 664.453961   1926.14872931]
*******************
tensor([0., 1.])
[ 622.74232734 1603.57927217]
*******************
tensor([0., 1.])
[ 622.74232734 1603.57927217]
*******************
tensor([1., 0.])
[ 658.28144434 1914.65425919]
*******************
tensor([0.4000, 0.6000])
[ 498.83843384 1974.23696863]
*******************
tensor([0.2000, 0.8000])
[ 405.35013994 1720.03987497]
*******************
tensor([0.6000, 0.4000])
[ 664.453961   1926.14872931]
*******************
tensor([0.4000, 0.6000])
[ 498.83843384 1974.23696863]
*******************
tensor([0.6000, 0.4000])
[ 264.32848532 1825.96409735]
*******************
tensor([0.2000, 0.8000])
[ 405.35013994 1720.03987497]
*******************
tensor([0.8000, 0.2000])
[ 807.92134601 2152.55071098]
*******************
tensor([0.8000, 0.2000])
[ 807.92134601 2152.55071098]
*******************
tensor([0.6000, 0.4000])
[ 664.453961   1926.14872931]
*******************
tensor([0.2000, 0.8000])
[ 405.35013994 1720.03987497]
*******************
tensor([0., 1.])
[ 622.74232734 1603.57927217]
*******************
tensor([0.6000, 0.4000])
[ 264.32848532 1825.96409735]
*******************
tensor([0.2000, 0.8000])
[ 496.30980557 2395.13929438]
*******************
tensor([0.4000, 0.6000])
[ 154.62285069 1941.1628691 ]
*******************
tensor([0.8000, 0.2000])
[ 81.70111958 296.47279863]
*******************
tensor([0., 1.])
[ 493.08259719 1036.61383381]
srun: Job step aborted: Waiting up to 62 seconds for job step to finish.
slurmstepd: error: *** STEP 2395632.0 ON c4168 CANCELLED AT 2023-05-27T14:19:13 ***
slurmstepd: error: *** JOB 2395632 ON c4168 CANCELLED AT 2023-05-27T14:19:13 ***
