/users/mazumdar/.local/lib/python3.9/site-packages/gym/envs/registration.py:423: UserWarning: [33mWARN: Custom namespace `ALE` is being overridden by namespace `ALE`. If you are developing a plugin you shouldn't specify a namespace in `register` calls. The namespace is specified through the entry point package metadata.[0m
  logger.warn(
Warning: Gym version v0.24.0 has a number of critical issues with `gym.make` such that the `reset` and `step` functions are called before returning the environment. It is recommend to downgrading to v0.23.1 or upgrading to v0.25.1
[96m 
------------------------------- Warm-up Stage ------------------------------- [0m
*******************
tensor([0.6000, 0.4000])
[  90.31582604 1662.16143414]
*******************
tensor([1., 0.])
[ 543.03884203 1868.4725297 ]
*******************
tensor([0., 1.])
[ 623.36542971 1663.51094233]
*******************
tensor([0.8000, 0.2000])
[ 742.04396119 1982.83068037]
*******************
tensor([0.2000, 0.8000])
[ 438.07126644 1814.3856305 ]
*******************
tensor([0.4000, 0.6000])
[ 499.82125595 2120.14571931]
*******************
tensor([0.6000, 0.4000])
[ 179.46368567 1812.71489208]
*******************
tensor([1., 0.])
[ 379.04617984 1891.44668948]
*******************
*******************
tensor([0., 1.])
[ 597.74303937 1670.65157687]
tensor([0.8000, 0.2000])
[ 770.19138029 1986.56892076]
*******************
tensor([0.2000, 0.8000])
[ 440.71356364 1860.54329997]
*******************
tensor([0.4000, 0.6000])
[ 499.77834704 2068.41794218]
*******************
tensor([1., 0.])
[ 403.01962364 1672.53107545]
*******************
tensor([0.6000, 0.4000])
[ 441.82156897 1754.76318709]
*******************
tensor([0., 1.])
[ 523.0979727  1641.96872424]
*******************
tensor([0.8000, 0.2000])
[ 807.08944395 2142.35266898]
*******************
tensor([0.2000, 0.8000])
[ 408.29511704 1704.31940341]
*******************
tensor([0.4000, 0.6000])
[ 498.18059637 2044.1523156 ]
*******************
tensor([1., 0.])
[ 658.28144434 1914.65425919]
*******************
tensor([0.6000, 0.4000])
[ 664.453961   1926.14872931]
*******************
tensor([0., 1.])
[ 622.74232734 1603.57927217]
*******************
tensor([0.8000, 0.2000])
[ 807.92134601 2152.55071098]
*******************
tensor([0.2000, 0.8000])
[ 405.35013994 1720.03987497]
*******************
tensor([0.4000, 0.6000])
[ 498.83843384 1974.23696863]
*******************
tensor([1., 0.])
[ 860.85458737 1891.8901232 ]
*******************
tensor([0.6000, 0.4000])
[ 587.96967973 2076.56955736]
*******************
tensor([0.8000, 0.2000])
[ 886.28305089 2191.720047  ]
*******************
tensor([0., 1.])
[ 637.2272926  1638.41546498]
*******************
tensor([0.2000, 0.8000])
[ 345.40461293 1661.15152278]
*******************
tensor([0.4000, 0.6000])
[ 498.01646191 1921.3131143 ]
*******************
tensor([1., 0.])
[ 772.71166313 1816.10560809]
*******************
tensor([0.6000, 0.4000])
[ 474.445219   2370.77492104]
*******************
tensor([0.8000, 0.2000])
[ 940.26540794 2144.32223326]
*******************
tensor([0., 1.])
[ 647.18104503 1735.68042579]
*******************
tensor([0.2000, 0.8000])
[ 330.66434942 1609.38639104]
*******************
tensor([0.4000, 0.6000])
[ 500.03653541 1893.9699238 ]
*******************
tensor([1., 0.])
[ 794.17717794 1936.01388618]
*******************
tensor([0.6000, 0.4000])
[ 498.53984813 2360.26388204]
*******************
tensor([0.8000, 0.2000])
[ 935.32498834 2153.60609556]
*******************
tensor([0., 1.])
[ 608.61351837 1741.11010231]
*******************
tensor([0.2000, 0.8000])
[ 355.00468881 1596.92823997]
*******************
tensor([0.4000, 0.6000])
[ 501.2431027  1860.18779342]
*******************
tensor([0.6000, 0.4000])
[ 526.88472479 2388.19749978]*******************
tensor([1., 0.])
[ 522.39856755 1689.37989123]

*******************
tensor([0.8000, 0.2000])
[ 862.24854853 2134.46724932]
*******************
tensor([0., 1.])
[ 535.79824064 1852.81518367]
*******************
tensor([0.2000, 0.8000])
[ 303.02044111 1593.74820424]
*******************
tensor([0.4000, 0.6000])
[ 500.06191341 1896.97289222]
*******************
tensor([1., 0.])
[ 508.46776557 1667.65805834]
*******************
tensor([0.6000, 0.4000])
[ 521.0396466  2383.47120143]
*******************
tensor([0.8000, 0.2000])
[ 831.77698133 2126.75725565]
*******************
tensor([0., 1.])
[ 498.09042349 1901.6969866 ]
*******************
tensor([0.2000, 0.8000])
[ 270.75381792 1571.43593863]
*******************
tensor([0.4000, 0.6000])
[ 500.05365802 1988.82215244]
*******************
tensor([1., 0.])
[ 501.37731348 1520.80505377]
*******************
tensor([0.6000, 0.4000])
[ 528.95372628 2379.88917747]
*******************
tensor([0.8000, 0.2000])
[ 796.27718785 2021.05598561]
*******************
tensor([0.2000, 0.8000])
[ 249.47215039 1577.01643707]
*******************
tensor([0., 1.])
[ 497.51698684 1974.16886328]
[RL] Updates 10, num timesteps 81920, FPS 220, time 371.89 seconds
*******************
tensor([0.4000, 0.6000])
[ 500.07861879 1984.80079185]
*******************
tensor([1., 0.])
[ 501.44416524 1535.80594292]
*******************
tensor([0.6000, 0.4000])
[ 535.45366294 2381.40908848]
*******************
tensor([0.8000, 0.2000])
[ 801.10699903 2005.27832249]
*******************
tensor([0.2000, 0.8000])
[ 288.23268252 1639.16430173]
*******************
tensor([0., 1.])
[ 498.60507418 1956.77341696]
*******************
tensor([0.4000, 0.6000])
[ 499.92046989 2015.65942744]
*******************
tensor([0.6000, 0.4000])
[ 655.40032407 2291.29712951]
*******************
tensor([1., 0.])
[ 508.35192163 1512.41581824]
*******************
tensor([0.8000, 0.2000])
[ 760.99614228 1871.08357241]
*******************
tensor([0.2000, 0.8000])
[ 423.38950647 1794.42542831]
*******************
tensor([0., 1.])
[ 498.43887089 2057.27153714]
*******************
tensor([0.4000, 0.6000])
[ 499.55713657 2063.90624427]
*******************
tensor([0.6000, 0.4000])
[ 546.71614494 2383.99864552]
*******************
tensor([1., 0.])
[ 527.06468071 1516.29204828]
*******************
tensor([0.8000, 0.2000])
[ 820.20949904 2069.77091924]
*******************
tensor([0.2000, 0.8000])
[ 501.77902702 1937.79277113]
*******************
tensor([0., 1.])
[ 498.67981841 2112.0039802 ]
*******************
tensor([0.4000, 0.6000])
[ 499.92473862 2052.22492862]
*******************
tensor([0.6000, 0.4000])
[ 538.78894542 2395.97551752]
*******************
tensor([1., 0.])
[ 669.38734718 1571.44156174]
*******************
tensor([0.8000, 0.2000])
[ 732.4495329  1800.80479523]
*******************
tensor([0.2000, 0.8000])
[ 502.18739272 1879.66896866]
*******************
tensor([0., 1.])
[ 498.42356107 2128.82302085]
*******************
tensor([0.4000, 0.6000])
[ 499.82502158 2012.80514587]
*******************
tensor([0.6000, 0.4000])
[ 600.78217086 2364.55642627]
*******************
tensor([1., 0.])
[ 700.32360795 1558.24158395]
*******************
tensor([0.8000, 0.2000])
[ 764.34115266 1714.48936137]
*******************
tensor([0.2000, 0.8000])
[ 501.75941125 1940.18386701]
*******************
tensor([0., 1.])
[ 498.32152033 2172.25789854]
*******************
tensor([0.4000, 0.6000])
[ 500.14275126 2051.16474128]
*******************
tensor([0.6000, 0.4000])
[ 737.19448867 2263.60567149]
*******************
tensor([1., 0.])
[ 763.83636338 1597.68738616]
*******************
tensor([0.8000, 0.2000])
[ 755.39627192 1656.44377251]
*******************
tensor([0.2000, 0.8000])
[ 502.1275062  1983.28157665]
*******************
tensor([0., 1.])
[ 498.68015891 2203.23139376]
*******************
tensor([0.4000, 0.6000])
[ 500.26003446 2129.02395217]
*******************
tensor([1., 0.])
[ 802.99741904 1623.93269436]
*******************
tensor([0.6000, 0.4000])
[ 778.57151702 2250.17975959]
*******************
tensor([0.8000, 0.2000])
[ 757.52721032 1626.66323323]
*******************
tensor([0.2000, 0.8000])
[ 502.50106804 2086.24201669]
*******************
tensor([0., 1.])
[ 499.01548519 2240.00810299]
*******************
tensor([0.4000, 0.6000])
[ 500.24519224 2116.54507516]
*******************
tensor([1., 0.])
[ 910.34325703 1659.55981818]
*******************
tensor([0.6000, 0.4000])
[ 951.12084133 2127.98112471]
*******************
tensor([0.8000, 0.2000])
[ 842.4191873  1613.63337553]
*******************
tensor([0.2000, 0.8000])
[ 502.0636044  2192.52854292]
*******************
tensor([0., 1.])
[ 499.69104913 2248.44852936]
*******************
tensor([0.4000, 0.6000])
[ 500.22694409 2181.17454888]
*******************
tensor([0.6000, 0.4000])
[1041.41770007 2069.6332248 ]
*******************
tensor([1., 0.])
[1046.01120898 1706.04183722]
*******************
tensor([0.8000, 0.2000])
[ 851.96363389 1552.01372136]
*******************
tensor([0.2000, 0.8000])
[ 502.80367088 2224.01777568]
*******************
tensor([0., 1.])
[ 500.19322416 2204.99969123]
*******************
tensor([0.4000, 0.6000])
[ 500.16515745 2230.97679785]
*******************
tensor([1., 0.])
[1035.92421036 1656.222934  ]
*******************
tensor([0.6000, 0.4000])
[1019.51725427 2072.68043868]
*******************
tensor([0.8000, 0.2000])
[ 897.41639644 1509.67146919]
*******************
tensor([0.2000, 0.8000])
[ 503.06219277 2246.70974235]
*******************
tensor([0., 1.])
[ 499.62147448 2216.71259391]
[RL] Updates 20, num timesteps 163840, FPS 222, time 736.62 seconds
*******************
tensor([0.4000, 0.6000])
[ 500.28784586 2248.39152397]
*******************
tensor([1., 0.])
[1050.38497988 1645.10110339]
*******************
tensor([0.6000, 0.4000])
[1043.97220802 2061.256694  ]
*******************
tensor([0.8000, 0.2000])
[ 958.08045475 1465.69006693]
*******************
tensor([0.2000, 0.8000])
[ 502.86684607 2289.49569817]
*******************
tensor([0., 1.])
[ 499.53734445 2258.67519074]
*******************
tensor([0.4000, 0.6000])
[ 499.93399699 2273.30566215]
*******************
tensor([0.6000, 0.4000])
[1088.73810189 2029.15074849]
*******************
tensor([1., 0.])
[1139.15301196 1653.22760933]
*******************
tensor([0.8000, 0.2000])
[ 985.84918668 1433.56869679]
*******************
tensor([0.2000, 0.8000])
[ 501.96981782 2356.18992695]
*******************
tensor([0., 1.])
[ 499.37896455 2324.94416812]
*******************
tensor([0.4000, 0.6000])
[ 500.35141549 2321.00409993]
*******************
tensor([0.6000, 0.4000])
[1190.02037521 1959.18300797]
*******************
tensor([1., 0.])
[1073.38427502 1488.06530559]
*******************
tensor([0.8000, 0.2000])
[1029.45104058 1429.62373978]
*******************
tensor([0.2000, 0.8000])
[ 502.16859319 2386.02001295]
*******************
tensor([0., 1.])
[ 499.47653706 2360.86466972]
*******************
tensor([0.4000, 0.6000])
[ 500.34243138 2299.18521117]
*******************
tensor([0.6000, 0.4000])
[1232.59989248 1928.37564006]
*******************
tensor([1., 0.])
[1091.49982108 1495.17607621]
*******************
tensor([0.8000, 0.2000])
[1056.74815681 1472.91310278]
*******************
tensor([0.2000, 0.8000])
[ 502.08174787 2390.68811386]
*******************
tensor([0., 1.])
[ 499.56925468 2401.70762808]
*******************
tensor([0.4000, 0.6000])
[ 500.47191448 2301.57351644]
slurmstepd: error: *** STEP 2396322.0 ON c1105 CANCELLED AT 2023-05-27T16:45:39 ***
slurmstepd: error: *** JOB 2396322 ON c1105 CANCELLED AT 2023-05-27T16:45:39 ***
srun: Job step aborted: Waiting up to 62 seconds for job step to finish.
