/users/mazumdar/.local/lib/python3.9/site-packages/gym/envs/registration.py:423: UserWarning: [33mWARN: Custom namespace `ALE` is being overridden by namespace `ALE`. If you are developing a plugin you shouldn't specify a namespace in `register` calls. The namespace is specified through the entry point package metadata.[0m
  logger.warn(
/users/mazumdar/.local/lib/python3.9/site-packages/gym/envs/registration.py:423: UserWarning: [33mWARN: Custom namespace `ALE` is being overridden by namespace `ALE`. If you are developing a plugin you shouldn't specify a namespace in `register` calls. The namespace is specified through the entry point package metadata.[0m
  logger.warn(
/users/mazumdar/.local/lib/python3.9/site-packages/gym/envs/registration.py:423: UserWarning: [33mWARN: Custom namespace `ALE` is being overridden by namespace `ALE`. If you are developing a plugin you shouldn't specify a namespace in `register` calls. The namespace is specified through the entry point package metadata.[0m
  logger.warn(
/users/mazumdar/.local/lib/python3.9/site-packages/gym/envs/registration.py:423: UserWarning: [33mWARN: Custom namespace `ALE` is being overridden by namespace `ALE`. If you are developing a plugin you shouldn't specify a namespace in `register` calls. The namespace is specified through the entry point package metadata.[0m
  logger.warn(
/users/mazumdar/.local/lib/python3.9/site-packages/gym/envs/registration.py:423: UserWarning: [33mWARN: Custom namespace `ALE` is being overridden by namespace `ALE`. If you are developing a plugin you shouldn't specify a namespace in `register` calls. The namespace is specified through the entry point package metadata.[0m
  logger.warn(
Warning: Gym version v0.24.0 has a number of critical issues with `gym.make` such that the `reset` and `step` functions are called before returning the environment. It is recommend to downgrading to v0.23.1 or upgrading to v0.25.1
Warning: Gym version v0.24.0 has a number of critical issues with `gym.make` such that the `reset` and `step` functions are called before returning the environment. It is recommend to downgrading to v0.23.1 or upgrading to v0.25.1
Warning: Gym version v0.24.0 has a number of critical issues with `gym.make` such that the `reset` and `step` functions are called before returning the environment. It is recommend to downgrading to v0.23.1 or upgrading to v0.25.1
Warning: Gym version v0.24.0 has a number of critical issues with `gym.make` such that the `reset` and `step` functions are called before returning the environment. It is recommend to downgrading to v0.23.1 or upgrading to v0.25.1
Warning: Gym version v0.24.0 has a number of critical issues with `gym.make` such that the `reset` and `step` functions are called before returning the environment. It is recommend to downgrading to v0.23.1 or upgrading to v0.25.1
[96m 
------------------------------- Warm-up Stage ------------------------------- [0m
[96m 
------------------------------- Warm-up Stage ------------------------------- [0m
[96m 
------------------------------- Warm-up Stage ------------------------------- [0m
[96m 
------------------------------- Warm-up Stage ------------------------------- [0m
[96m 
------------------------------- Warm-up Stage ------------------------------- [0m
*******************
tensor([0.6000, 0.4000])
[ 54.62641279 157.92485744]
*******************
tensor([0.2000, 0.8000])
[ 70.378237   213.20905473]
*******************
tensor([1., 0.])
[107.32051192 551.84437496]
*******************
tensor([1., 0.])
[ 44.89711159 167.61221489]
*******************
tensor([0.6000, 0.4000])
[142.84605246 841.85473755]
*******************
tensor([0., 1.])
[ 500.01533288 1552.12300542]
*******************
tensor([0.4000, 0.6000])
[ 531.25613888 2269.44122707]
*******************
tensor([0., 1.])
[  97.2213063 1932.2586894]
*******************
tensor([0.8000, 0.2000])
[ 495.13281004 2187.98450121]
*******************
tensor([0.4000, 0.6000])
[ 492.19322941 1372.29631384]
*******************
tensor([0.6000, 0.4000])
*******************
tensor([0.2000, 0.8000])
[ 499.96161736 2084.53512269]
[ 512.43331814 2105.4186421 ]
*******************
tensor([1., 0.])
[ 521.21329862 1615.79885891]
*******************
tensor([0.8000, 0.2000])
[ 504.99145247 2328.74879409]
*******************
tensor([0., 1.])
[ 527.48870013 2452.26612965]
*******************
tensor([1., 0.])
[ 498.94449822 1579.62105208]
*******************
tensor([0.4000, 0.6000])
[ 544.06576167 1878.50708381]
*******************
*******************
tensor([0.2000, 0.8000])
[ 500.79809104 2415.43137416]
tensor([0.6000, 0.4000])
[ 341.67749377 1732.59372793]
*******************
tensor([0.8000, 0.2000])
[ 476.28312272 1719.92874307]
*******************
tensor([0., 1.])
[ 494.04486362 1079.19015998]
*******************
tensor([1., 0.])
[ 543.03884203 1868.4725297 ]
*******************
tensor([0.6000, 0.4000])
[  90.31582604 1662.16143414]
*******************
tensor([0.4000, 0.6000])
[ 324.29047073 1865.0062517 ]
*******************
tensor([0.8000, 0.2000])
[ 502.4960386  2130.22537222]
*******************
tensor([0., 1.])
[ 623.36542971 1663.51094233]
*******************
tensor([0.4000, 0.6000])
[ 499.82125595 2120.14571931]
*******************
tensor([0.2000, 0.8000])
[ 656.69422497 2204.98646276]
*******************
tensor([0.2000, 0.8000])
[ 438.07126644 1814.3856305 ]
*******************
tensor([0.8000, 0.2000])
[ 742.04396119 1982.83068037]
*******************
tensor([1., 0.])
[ 260.23514353 1139.5473631 ]
*******************
tensor([1., 0.])
[ 54.14298372 175.63157792]
*******************
tensor([0.2000, 0.8000])
[ 391.06896798 1316.87928045]
*******************
tensor([0.6000, 0.4000])
[ 509.77461162 1373.08284341]
*******************
tensor([0.6000, 0.4000])
[ 228.71089037 1760.19451235]
*******************
tensor([0., 1.])
[ 499.47451849 1673.63233284]
*******************
tensor([0.4000, 0.6000])
[ 530.39199117 2255.88565866]
*******************
tensor([0.8000, 0.2000])
[ 494.82797713 2206.25357267]
*******************
tensor([0., 1.])
[ 405.40311917 1933.74557904]
*******************
tensor([0.6000, 0.4000])
[ 497.47865801 1864.11228408]
*******************
tensor([0.2000, 0.8000])
[ 499.03146568 1797.75490062]
*******************
tensor([0.4000, 0.6000])
[ 493.01742261 1229.69281721]
*******************
tensor([1., 0.])
[ 863.28388179 1894.46758481]
*******************
tensor([0.8000, 0.2000])
[ 503.63436548 1747.4095092 ]
*******************
tensor([0.8000, 0.2000])
[ 504.28247397 2257.49453394]
*******************
tensor([0., 1.])
[ 638.11278322 2385.98489758]
*******************
tensor([1., 0.])
[ 499.32609855 1583.61463677]
*******************
*******************
tensor([0.4000, 0.6000])
[ 468.38792024 1931.2851244 ]
tensor([0.2000, 0.8000])
[ 497.42087213 2404.52737552]
*******************
tensor([0.6000, 0.4000])
[ 379.79098077 1717.65864989]
*******************
tensor([0.6000, 0.4000])
[ 179.46368567 1812.71489208]
*******************
tensor([1., 0.])
[ 379.04617984 1891.44668948]
*******************
*******************
tensor([0.8000, 0.2000])
[ 505.32154178 2134.55254066]
*******************
tensor([0.4000, 0.6000])
[ 213.11093478 1774.5612457 ]
tensor([0., 1.])
[ 428.37394682 1013.91801869]
*******************
tensor([0.4000, 0.6000])
[ 499.77834704 2068.41794218]
*******************
tensor([0., 1.])
[ 597.74303937 1670.65157687]
*******************
tensor([0.2000, 0.8000])
[ 440.71356364 1860.54329997]
*******************
tensor([0.2000, 0.8000])
[ 646.92829768 2207.10530253]
*******************
tensor([0.8000, 0.2000])
[ 770.19138029 1986.56892076]
*******************
tensor([1., 0.])
[ 96.66251378 268.14322866]
*******************
tensor([1., 0.])
[ 289.87636563 1540.17737021]
*******************
tensor([0.2000, 0.8000])
[ 559.63311109 2009.25519747]
*******************
tensor([0.6000, 0.4000])
[ 482.18521872 1417.96234349]
*******************
tensor([0., 1.])
[ 500.19076424 1688.10793265]
*******************
tensor([0.6000, 0.4000])
[ 338.17081144 1838.97848817]
*******************
tensor([0.4000, 0.6000])
[ 490.85146712 2340.98089639]
*******************
tensor([0.8000, 0.2000])
[ 494.31604716 2244.31931573]
*******************
tensor([0., 1.])
[ 157.53719131 1986.7383793 ]
*******************
tensor([0.6000, 0.4000])
[ 497.7181319  1780.56021655]
*******************
tensor([0.2000, 0.8000])
[ 499.88593492 1717.4424695 ]
*******************
tensor([1., 0.])
[ 752.10707038 1845.27904219]
*******************
tensor([0.4000, 0.6000])
[ 493.08017182 1321.76350601]
*******************
tensor([0.8000, 0.2000])
[ 755.75292546 1797.18729965]
*******************
tensor([0.8000, 0.2000])
[ 506.79258841 2149.78015507]
*******************
tensor([0., 1.])
[ 534.89926403 2456.20925053]
*******************
tensor([1., 0.])
[ 403.01962364 1672.53107545]
*******************
tensor([1., 0.])
[ 499.23860214 1614.2449527 ]
*******************
tensor([0.4000, 0.6000])
[ 489.9603606 1851.7661956]
*******************
tensor([0.2000, 0.8000])
[ 483.82882491 2388.1026228 ]
*******************
tensor([0.6000, 0.4000])
[ 449.01025054 1688.59429337]
*******************
tensor([0.6000, 0.4000])
[ 441.82156897 1754.76318709]
*******************
tensor([0.4000, 0.6000])
[ 211.360554   1790.94120625]
*******************
tensor([0., 1.])
[ 493.95326134 1033.79629462]
*******************
tensor([0.4000, 0.6000])
[ 498.18059637 2044.1523156 ]
*******************
tensor([0.8000, 0.2000])
[ 505.60562962 2080.37008884]
*******************
tensor([0., 1.])
[ 523.0979727  1641.96872424]
*******************
tensor([0.2000, 0.8000])
[ 408.29511704 1704.31940341]
*******************
tensor([0.2000, 0.8000])
[ 429.93692502 2110.01533517]
*******************
tensor([0.8000, 0.2000])
[ 807.08944395 2142.35266898]
*******************
tensor([1., 0.])
[209.13162065 609.29358313]
*******************
tensor([0.6000, 0.4000])
[120.11762304 363.31825811]
*******************
tensor([1., 0.])
[ 494.83265753 1958.35411363]
*******************
tensor([0.2000, 0.8000])
[ 584.24738948 2016.44637481]
*******************
tensor([0.8000, 0.2000])
[ 81.70111958 296.47279863]
*******************
tensor([0., 1.])
[ 499.09872561 1614.60768103]
*******************
tensor([0.8000, 0.2000])
[ 502.03323212 2221.95794335]
*******************
tensor([0.4000, 0.6000])
[ 477.17563492 2349.71879242]
*******************
tensor([0.6000, 0.4000])
[ 497.48779265 1795.68781143]
*******************
tensor([1., 0.])
[ 526.67803249 1574.61901621]
*******************
tensor([0.2000, 0.8000])
[ 500.49953587 1629.38958098]
*******************
tensor([0.4000, 0.6000])
[ 492.92938235 1410.17188593]
*******************
tensor([0., 1.])
[ 368.9986234  2185.32344111]
*******************
tensor([0.6000, 0.4000])
[ 264.32848532 1825.96409735]
*******************
tensor([0.8000, 0.2000])
[ 760.35188393 1787.82647933]
*******************
tensor([0., 1.])
[ 529.29801845 2450.60480845]
*******************
tensor([1., 0.])
[ 658.28144434 1914.65425919]
*******************
tensor([0.4000, 0.6000])
[ 487.92940218 1774.7575934 ]
*******************
tensor([1., 0.])
[ 499.79471422 1626.09173205]
*******************
tensor([0.6000, 0.4000])
[ 664.453961   1926.14872931]
*******************
tensor([0.2000, 0.8000])
[ 496.30980557 2395.13929438]
*******************
tensor([0.6000, 0.4000])
[ 477.8817658  1751.99808708]
*******************
tensor([0.4000, 0.6000])
[ 154.62285069 1941.1628691 ]
*******************
tensor([0.2000, 0.8000])
[ 405.35013994 1720.03987497]
*******************
tensor([0., 1.])
[ 493.08259719 1036.61383381]
*******************
tensor([0.4000, 0.6000])
[ 498.83843384 1974.23696863]
*******************
tensor([0.8000, 0.2000])
[ 503.65789158 2119.65010618]
*******************
tensor([0., 1.])
[ 622.74232734 1603.57927217]
*******************
tensor([0.2000, 0.8000])
[ 595.20186205 2322.31229703]
*******************
tensor([0.8000, 0.2000])
[ 807.92134601 2152.55071098]
*******************
tensor([0.6000, 0.4000])
[ 472.39887235 1782.98707569]
*******************
tensor([1., 0.])
[ 588.02626558 1923.84009407]
*******************
tensor([1., 0.])
[ 576.65729437 2123.47853958]
*******************
tensor([0.2000, 0.8000])
[ 622.51927491 2047.09462002]
*******************
tensor([0., 1.])
[ 500.01913111 1795.94913229]
*******************
tensor([0.4000, 0.6000])
[ 467.93173118 2313.34529466]
*******************
tensor([1., 0.])
[ 530.25636371 1538.53652749]
*******************
tensor([0.6000, 0.4000])
[ 498.40065094 1877.19839044]
*******************
tensor([0.8000, 0.2000])
[ 498.91947309 2225.38118535]
*******************
tensor([0.4000, 0.6000])
[ 493.03909283 1506.57859064]
*******************
tensor([0.8000, 0.2000])
[ 504.92419219 2135.66302455]
*******************
tensor([0.2000, 0.8000])
[ 499.94999644 1682.51921079]
*******************
tensor([0., 1.])
[ 494.71961779 2290.64622013]
*******************
tensor([0.8000, 0.2000])
[ 760.2708011  1737.55967619]
*******************
tensor([0.6000, 0.4000])
[ 291.62190331 1878.82292358]
*******************
tensor([0., 1.])
[ 526.00007212 2430.06023518]
*******************
tensor([1., 0.])
[ 860.85458737 1891.8901232 ]
*******************
tensor([0.4000, 0.6000])
[ 493.64386403 1829.87117828]
*******************
tensor([0.6000, 0.4000])
[ 521.79566797 2039.55367607]
*******************
*******************
tensor([1., 0.])
[ 499.95757439 1616.1122622 ]
tensor([0.6000, 0.4000])
[ 587.96967973 2076.56955736]
*******************
tensor([0.2000, 0.8000])
[ 502.49608231 2400.96189309]
*******************
tensor([0.4000, 0.6000])
[ 284.3642296  2035.59442943]
*******************
tensor([0.2000, 0.8000])
[ 345.40461293 1661.15152278]
*******************
tensor([0.4000, 0.6000])
[ 498.01646191 1921.3131143 ]
*******************
tensor([0., 1.])
[ 494.65308266 1074.11748005]
*******************
tensor([0.8000, 0.2000])
[ 503.66818235 2044.3803786 ]
*******************
tensor([0., 1.])
[ 637.2272926  1638.41546498]
*******************
tensor([0.2000, 0.8000])
[ 594.17498559 2283.14156257]
*******************
tensor([0.8000, 0.2000])
[ 886.28305089 2191.720047  ]
*******************
tensor([0.6000, 0.4000])
[ 471.00608871 2009.08482914]
*******************
tensor([1., 0.])
[ 549.11888131 2020.74497236]
*******************
tensor([0.2000, 0.8000])
[ 592.43362833 2075.37527499]
*******************
tensor([1., 0.])
[ 722.38023359 1957.39300161]
*******************
tensor([0., 1.])
[ 499.90574881 1779.68360094]
*******************
tensor([0.4000, 0.6000])
[ 427.75422272 2330.91920005]
*******************
tensor([0.6000, 0.4000])
[ 498.33961097 1965.52610831]
*******************
tensor([1., 0.])
[ 562.79296613 1601.47922953]
*******************
tensor([0.8000, 0.2000])
[ 499.24725332 2246.60695779]
*******************
tensor([0.4000, 0.6000])
[ 493.94655483 1875.30876109]
*******************
tensor([0., 1.])
[ 290.41332076 2192.64480527]
*******************
tensor([0.2000, 0.8000])
[ 500.52749007 1577.09928838]
*******************
tensor([0.8000, 0.2000])
[ 507.60332186 2037.15705481]
*******************
tensor([0.8000, 0.2000])
[ 733.90306028 1735.69886545]
*******************
tensor([0.6000, 0.4000])
[ 420.08257167 1879.03299174]
*******************
tensor([0., 1.])
[ 512.19476276 2420.37424725]
*******************
tensor([1., 0.])
[ 772.71166313 1816.10560809]
*******************
tensor([0.6000, 0.4000])
[ 534.62646809 1965.30444182]
*******************
tensor([0.4000, 0.6000])
[ 493.80294966 1855.4999623 ]
*******************
tensor([1., 0.])
[ 500.11727215 1591.34897839]
*******************
tensor([0.6000, 0.4000])
[ 474.445219   2370.77492104]
*******************
tensor([0.2000, 0.8000])
[ 330.66434942 1609.38639104]
*******************
tensor([0.4000, 0.6000])
[ 417.64590853 2178.5703146 ]
*******************
tensor([0.2000, 0.8000])
[ 500.87773135 2427.68166412]
*******************
tensor([0.4000, 0.6000])
[ 500.03653541 1893.9699238 ]
*******************
tensor([0., 1.])
[ 493.89945081 1102.9535942 ]
*******************
tensor([0.8000, 0.2000])
[ 504.25907882 2036.36334018]
*******************
tensor([0., 1.])
[ 647.18104503 1735.68042579]
*******************
tensor([0.2000, 0.8000])
[ 530.74359651 2376.78638449]
*******************
tensor([0.8000, 0.2000])
[ 940.26540794 2144.32223326]
*******************
tensor([0.6000, 0.4000])
[ 547.12317843 1995.63451407]
*******************
tensor([1., 0.])
[ 498.22683758 2017.25231318]
*******************
tensor([0.2000, 0.8000])
[ 584.30642404 2057.34514581]
*******************
tensor([0., 1.])
[ 500.15731647 1742.59958996]
*******************
tensor([1., 0.])
[ 812.24948871 1975.25268738]
*******************
tensor([0.4000, 0.6000])
[ 396.1143711  2340.00551533]
*******************
tensor([0.6000, 0.4000])
[ 498.49495623 1993.83562124]
*******************
tensor([1., 0.])
[ 642.34986939 1752.48095115]
*******************
tensor([0.8000, 0.2000])
[ 497.66328192 2227.44314327]
*******************
tensor([0.4000, 0.6000])
[ 493.67757388 1660.57143989]
*******************
tensor([0., 1.])
[ 487.7993312  2427.75384591]
*******************
tensor([0.2000, 0.8000])
[ 500.901223   1621.24957531]
*******************
tensor([0.8000, 0.2000])
[ 537.91710054 2019.81282607]
*******************
tensor([0.8000, 0.2000])
[ 693.73319943 1750.69729478]
*******************
tensor([0.6000, 0.4000])
[ 235.9148755  1902.97222089]
*******************
tensor([0., 1.])
[ 513.23748054 2379.70072434]
*******************
tensor([1., 0.])
[ 794.17717794 1936.01388618]
*******************
tensor([0.6000, 0.4000])
[ 533.68075444 1860.8429936 ]
*******************
tensor([0.6000, 0.4000])
[ 498.53984813 2360.26388204]
*******************
tensor([1., 0.])
[ 501.37860915 1625.06700701]
*******************
tensor([0.4000, 0.6000])
[ 497.50342975 1891.40944526]
*******************
tensor([0.2000, 0.8000])
[ 355.00468881 1596.92823997]
*******************
tensor([0.2000, 0.8000])
*******************
tensor([0.4000, 0.6000])
[ 425.51163904 2311.08050028]
[ 499.43527672 2432.24857445]
*******************
tensor([0.4000, 0.6000])
[ 501.2431027  1860.18779342]
*******************
tensor([0., 1.])
[ 495.37087498 1186.36916767]
*******************
tensor([0.8000, 0.2000])
[ 507.62940021 2140.72843622]
*******************
tensor([0., 1.])
[ 608.61351837 1741.11010231]
*******************
tensor([0.2000, 0.8000])
[ 596.31764831 2289.17810595]
*******************
tensor([0.8000, 0.2000])
[ 935.32498834 2153.60609556]
*******************
tensor([0.6000, 0.4000])
[ 577.05827919 1998.5767096 ]
*******************
tensor([1., 0.])
[ 498.18290768 1990.37163031]
*******************
tensor([0.2000, 0.8000])
[ 610.6177912  2074.79422959]
*******************
tensor([0., 1.])
[ 499.97840854 1800.05375299]
*******************
tensor([0.4000, 0.6000])
[ 388.20441624 2337.69344134]
*******************
tensor([0.6000, 0.4000])
[ 498.94577065 1975.05316291]
*******************
tensor([0.8000, 0.2000])
[ 493.45810694 2205.608112  ]
*******************
tensor([1., 0.])
[ 561.10364691 1598.61452418]
*******************
tensor([0., 1.])
[ 478.77787588 2400.72831238]
*******************
tensor([0.4000, 0.6000])
[ 493.90485934 1783.98307911]
*******************
tensor([0.2000, 0.8000])
[ 500.81317495 1631.12924946]
*******************
tensor([1., 0.])
[ 860.28887911 1955.62808389]
*******************
tensor([0.8000, 0.2000])
[ 725.20734673 1654.47404779]
*******************
tensor([0.8000, 0.2000])
[ 550.63866194 2093.34708173]
*******************
tensor([0.6000, 0.4000])
[ 237.94944629 1952.72561651]
*******************
tensor([0., 1.])
[ 516.69687693 2392.46259651]
*******************
tensor([1., 0.])
[ 522.39856755 1689.37989123]
*******************
tensor([0.6000, 0.4000])
[ 529.72121225 1717.22507057]
*******************
tensor([0.6000, 0.4000])
[ 526.88472479 2388.19749978]
*******************
tensor([0.4000, 0.6000])
[ 500.31362647 1850.16654853]
*******************
tensor([0.2000, 0.8000])
[ 303.02044111 1593.74820424]
*******************
tensor([1., 0.])
[ 502.16578712 1605.30208814]
*******************
tensor([0.2000, 0.8000])
[ 500.20763995 2426.57722219]
*******************
tensor([0.4000, 0.6000])
[ 555.30996061 2244.30425271]
*******************
tensor([0.4000, 0.6000])
[ 500.06191341 1896.97289222]
*******************
tensor([0., 1.])
[ 495.74623814 1274.09928343]
*******************
tensor([0.8000, 0.2000])
[ 509.05082884 2123.04812844]
*******************
tensor([0., 1.])
[ 535.79824064 1852.81518367]
*******************
tensor([0.2000, 0.8000])
[ 505.62111615 2439.58589706]
*******************
tensor([0.8000, 0.2000])
[ 862.24854853 2134.46724932]
*******************
tensor([0.6000, 0.4000])
[ 613.08087089 2003.70976581]
*******************
tensor([1., 0.])
[ 556.44741375 2069.57502527]
*******************
tensor([0.2000, 0.8000])
[ 575.7397785  2047.45172801]
*******************
tensor([0., 1.])
[ 499.20219585 2056.27677565]
*******************
tensor([0.4000, 0.6000])
[ 501.12932736 2351.20371875]
*******************
tensor([0.6000, 0.4000])
[ 498.77744547 2077.57587845]
*******************
tensor([0.8000, 0.2000])
[ 487.15191431 2228.43161405]
*******************
tensor([1., 0.])
[ 617.07998176 1642.48812994]
*******************
tensor([0.4000, 0.6000])
[ 495.16135268 1807.89059756]
*******************
tensor([0., 1.])
[ 366.97601145 2309.09790632]
*******************
tensor([0.2000, 0.8000])
[ 500.71253164 1629.35949732]
*******************
tensor([1., 0.])
[ 890.30757512 1906.70616556]
*******************
tensor([0.8000, 0.2000])
[ 776.7345312  1452.89620273]
*******************
tensor([0.8000, 0.2000])
[ 555.69627952 2027.69688131]
*******************
tensor([0.6000, 0.4000])
[ 332.77325294 2014.42186912]
*******************
tensor([0., 1.])
[ 518.10926815 2383.38786846]
*******************
tensor([1., 0.])
[ 508.46776557 1667.65805834]
*******************
tensor([0.6000, 0.4000])
[ 521.0396466  2383.47120143]
*******************
tensor([0.4000, 0.6000])
[ 499.09608927 2014.60084823]
*******************
tensor([0.6000, 0.4000])
[ 530.17904526 1819.99781645]
*******************
tensor([0.2000, 0.8000])
[ 270.75381792 1571.43593863]
*******************
tensor([1., 0.])
[ 504.0571495  1566.67446507]
*******************
tensor([0.2000, 0.8000])
[ 501.09172231 2417.57290544]
*******************
tensor([0.4000, 0.6000])
[ 494.27181032 2378.0335202 ]
*******************
tensor([0.4000, 0.6000])
[ 500.05365802 1988.82215244]
*******************
tensor([0., 1.])
[ 494.84778553 1280.69411584]
*******************
tensor([0.8000, 0.2000])
[ 510.20611591 2108.49872868]
*******************
tensor([0., 1.])
[ 498.09042349 1901.6969866 ]
*******************
tensor([0.2000, 0.8000])
[ 503.78568766 2443.57704723]
*******************
tensor([0.8000, 0.2000])
[ 831.77698133 2126.75725565]
*******************
tensor([0.6000, 0.4000])
[ 629.95401305 1989.67231307]
*******************
tensor([1., 0.])
[ 530.45894221 2083.65452146]
*******************
tensor([0.2000, 0.8000])
[ 537.56475145 2043.9455576 ]
*******************
tensor([0., 1.])
[ 499.98393812 2152.89531603]
[RL] Updates 10, num timesteps 81920, FPS 49, time 1643.77 seconds
*******************
tensor([0.8000, 0.2000])
[ 496.2300205  2204.66235682]
*******************
tensor([0.4000, 0.6000])
[ 502.49534183 2344.20415511]
*******************
tensor([0.6000, 0.4000])
[ 498.33710219 2027.09154595]
*******************
tensor([1., 0.])
[ 733.49397874 1726.39174412]
*******************
tensor([0.2000, 0.8000])
[ 500.48806226 1724.37731599]
*******************
tensor([0., 1.])
[ 328.76593331 2290.16166735]
[RL] Updates 10, num timesteps 81920, FPS 49, time 1647.80 seconds
*******************
tensor([0.4000, 0.6000])
[ 494.17554705 1825.807995  ]
*******************
tensor([0.8000, 0.2000])
[ 789.61510968 1415.62233288]
*******************
tensor([1., 0.])
[ 899.80269151 1899.88610224]
*******************
tensor([0.8000, 0.2000])
[ 567.38911272 2041.3125603 ]
*******************
tensor([0.6000, 0.4000])
[ 390.76138033 1962.69627216]
*******************
tensor([1., 0.])
[ 501.37731348 1520.80505377]
*******************
tensor([0., 1.])
[ 508.88160209 2406.56261929]
[RL] Updates 10, num timesteps 81920, FPS 49, time 1662.56 seconds
*******************
tensor([0.4000, 0.6000])
[ 504.06799228 2060.76958224]
*******************
tensor([0.6000, 0.4000])
[ 504.99449334 1688.6779378 ]
*******************
tensor([0.6000, 0.4000])
[ 528.95372628 2379.88917747]
*******************
tensor([0.2000, 0.8000])
[ 249.47215039 1577.01643707]
*******************
tensor([1., 0.])
[ 503.38754213 1586.48183858]
*******************
tensor([0.2000, 0.8000])
[ 503.44711822 2385.59258049]
*******************
tensor([0.4000, 0.6000])
[ 497.39385671 2289.54377767]
*******************
tensor([0.4000, 0.6000])
[ 500.07861879 1984.80079185]
*******************
tensor([0., 1.])
[ 495.20580525 1280.5865783 ]
[RL] Updates 10, num timesteps 81920, FPS 49, time 1670.86 seconds
*******************
tensor([0.8000, 0.2000])
[ 510.69771999 2161.70029107]
*******************
tensor([0., 1.])
[ 497.51698684 1974.16886328]
[RL] Updates 10, num timesteps 81920, FPS 48, time 1675.93 seconds
*******************
tensor([0.2000, 0.8000])
[ 501.97751959 2445.5716352 ]
*******************
tensor([0.8000, 0.2000])
[ 796.27718785 2021.05598561]
*******************
tensor([0.6000, 0.4000])
[ 576.21525052 1992.95063613]
*******************
tensor([1., 0.])
[ 581.22127282 2039.31202961]
*******************
tensor([0.2000, 0.8000])
[ 519.30845151 2039.67309805]
*******************
tensor([0., 1.])
[ 500.34025338 2196.03640837]
*******************
tensor([0.8000, 0.2000])
[ 531.5803785  2227.45765876]
*******************
tensor([0.6000, 0.4000])
[ 498.29778487 2001.0914004 ]
*******************
tensor([0.4000, 0.6000])
[ 502.09261953 2341.02097811]
*******************
tensor([1., 0.])
[ 624.96615405 1584.30470633]
*******************
tensor([0.4000, 0.6000])
[ 494.00741597 1976.42053925]
*******************
tensor([0.2000, 0.8000])
[ 500.97626584 1691.85358114]
*******************
tensor([0., 1.])
[ 486.05914531 2420.42749365]
*******************
tensor([0.8000, 0.2000])
[ 809.28342183 1391.55013499]
*******************
tensor([1., 0.])
[ 927.53330937 1955.1421399 ]
*******************
tensor([0.8000, 0.2000])
[ 541.29430386 2076.03798333]
*******************
tensor([0.6000, 0.4000])
[ 483.50950169 2022.67670836]
*******************
tensor([1., 0.])
[ 501.44416524 1535.80594292]
*******************
tensor([0., 1.])
[ 510.35464586 2406.14070047]
*******************
tensor([0.4000, 0.6000])
[ 503.42556767 1845.1399308 ]
*******************
tensor([0.6000, 0.4000])
[ 505.79873606 1672.65705975]
*******************
tensor([0.6000, 0.4000])
[ 535.45366294 2381.40908848]
*******************
tensor([0.2000, 0.8000])
[ 288.23268252 1639.16430173]
*******************
tensor([1., 0.])
[ 573.29853218 1596.42454384]
*******************
tensor([0.2000, 0.8000])
[ 503.30948182 2398.56666419]
*******************
tensor([0.4000, 0.6000])
[ 498.68571821 2352.60606951]
*******************
tensor([0.4000, 0.6000])
[ 499.92046989 2015.65942744]
*******************
tensor([0., 1.])
[ 494.3734271  1308.71027436]
*******************
tensor([0.8000, 0.2000])
[ 513.31027232 2188.23333374]
*******************
tensor([0., 1.])
[ 498.60507418 1956.77341696]
*******************
tensor([0.2000, 0.8000])
[ 501.59134982 2447.47764116]
*******************
tensor([0.8000, 0.2000])
[ 801.10699903 2005.27832249]
*******************
*******************
tensor([1., 0.])
[ 722.46848971 1869.84300652]
tensor([0.6000, 0.4000])
[ 554.61578094 1974.00391966]
*******************
tensor([0., 1.])
[ 500.56722985 2238.89348005]
*******************
tensor([0.2000, 0.8000])
[ 551.88521536 2123.98561294]
*******************
tensor([0.8000, 0.2000])
[ 547.87557854 2204.6161202 ]
*******************
tensor([0.6000, 0.4000])
[ 498.67481077 2011.89891927]
*******************
tensor([0.4000, 0.6000])
[ 501.89981018 2349.31233805]
*******************
tensor([0.4000, 0.6000])
[ 494.26272024 2028.6060263 ]
*******************
tensor([0.2000, 0.8000])
[ 501.77091415 1686.61465988]
*******************
tensor([1., 0.])
[ 690.16748645 1655.42934131]
*******************
tensor([0., 1.])
[ 501.40765568 2434.16068398]
*******************
tensor([0.8000, 0.2000])
[ 784.55027065 1367.96321094]
*******************
tensor([1., 0.])
[ 946.96045928 1912.47823752]
*******************
tensor([0.8000, 0.2000])
[ 515.55409563 2060.10406904]
*******************
tensor([0.6000, 0.4000])
[ 542.11787723 2106.47900756]
*******************
tensor([1., 0.])
[ 508.35192163 1512.41581824]
*******************
tensor([0., 1.])
[ 487.40191612 2372.79222763]
*******************
tensor([0.4000, 0.6000])
[ 506.126263   1957.55937288]
*******************
tensor([0.6000, 0.4000])
[ 506.89038872 1594.57042647]
*******************
tensor([0.6000, 0.4000])
[ 655.40032407 2291.29712951]
*******************
tensor([0.2000, 0.8000])
[ 423.38950647 1794.42542831]
*******************
tensor([1., 0.])
[ 517.15010033 1492.52201737]
*******************
tensor([0.2000, 0.8000])
[ 501.45458675 2388.58579999]
*******************
tensor([0.4000, 0.6000])
[ 498.77868679 2203.29146724]
*******************
tensor([0.4000, 0.6000])
[ 499.55713657 2063.90624427]
*******************
tensor([0., 1.])
[ 494.11728431 1419.60542306]
*******************
tensor([0.8000, 0.2000])
[ 511.98131569 2200.08379607]
*******************
tensor([0., 1.])
[ 498.43887089 2057.27153714]
*******************
tensor([0.2000, 0.8000])
[ 500.94536372 2453.24777511]
*******************
tensor([0.8000, 0.2000])
[ 760.99614228 1871.08357241]
*******************
tensor([0.6000, 0.4000])
[ 504.32433025 1932.59204511]
*******************
tensor([0., 1.])
[ 499.91514766 2396.12577619]
*******************
tensor([1., 0.])
[ 775.96500928 1698.0088997 ]
*******************
tensor([0.2000, 0.8000])
[ 576.07847051 2109.86874374]
*******************
tensor([0.8000, 0.2000])
[ 550.97689263 2250.51448149]
*******************
tensor([0.4000, 0.6000])
[ 502.61576761 2346.69437542]
*******************
tensor([0.6000, 0.4000])
[ 498.49941802 1998.54252046]
*******************
tensor([0.2000, 0.8000])
[ 501.70632851 1692.03437598]
*******************
tensor([1., 0.])
[ 589.62441546 1436.68772399]
*******************
tensor([0.4000, 0.6000])
[ 495.76894711 2137.78481215]
*******************
tensor([0., 1.])
[ 496.51902471 2423.12024153]
*******************
tensor([0.8000, 0.2000])
[ 829.13569149 1225.32117747]
*******************
tensor([1., 0.])
[ 967.39292724 1918.84852938]
*******************
tensor([0.8000, 0.2000])
[ 524.5652498  1989.92630102]
*******************
tensor([0.6000, 0.4000])
[ 541.17688455 2161.82962262]
*******************
tensor([1., 0.])
[ 527.06468071 1516.29204828]
*******************
*******************
tensor([0., 1.])
[ 496.87940739 2377.18446456]
tensor([0.4000, 0.6000])
[ 508.06982302 2219.50924099]
*******************
tensor([0.6000, 0.4000])
[ 546.71614494 2383.99864552]
*******************
tensor([0.6000, 0.4000])
[ 508.41770154 1528.64142713]
*******************
tensor([0.2000, 0.8000])
[ 501.77902702 1937.79277113]
*******************
tensor([1., 0.])
[ 579.80310773 1584.17900394]
*******************
tensor([0.2000, 0.8000])
[ 503.52785066 2364.3981365 ]
*******************
tensor([0.4000, 0.6000])
[ 500.60997073 2265.07437086]
*******************
tensor([0.4000, 0.6000])
[ 499.92473862 2052.22492862]
*******************
tensor([0., 1.])
[ 494.44755447 1457.5073099 ]
*******************
tensor([0.8000, 0.2000])
[ 514.07823622 2189.2330277 ]
*******************
tensor([0., 1.])
[ 498.67981841 2112.0039802 ]
*******************
tensor([0.2000, 0.8000])
[ 501.63916658 2455.80822179]
*******************
tensor([0.8000, 0.2000])
[ 820.20949904 2069.77091924]
*******************
tensor([0., 1.])
[ 499.99733938 2394.46634213]
*******************
tensor([0.6000, 0.4000])
[ 504.91572898 1841.74087471]
*******************
tensor([0.2000, 0.8000])
[ 593.20561934 2137.47987734]
*******************
tensor([1., 0.])
[ 794.99958364 1675.54348707]
*******************
tensor([0.8000, 0.2000])
[ 563.9285953  2267.68411142]
*******************
tensor([0.4000, 0.6000])
[ 501.67745697 2335.59344451]
*******************
tensor([0.6000, 0.4000])
[ 499.94908818 1987.69756243]
*******************
tensor([1., 0.])
[1031.13589637 1855.98138256]
*******************
tensor([0.2000, 0.8000])
[ 501.0008492  1747.02164793]
*******************
tensor([0.4000, 0.6000])
[ 498.38064952 2173.07719124]
*******************
tensor([0., 1.])
[ 494.07146359 2415.24497396]
*******************
tensor([0.8000, 0.2000])
[ 884.02263741 1219.87808197]
*******************
tensor([1., 0.])
[1008.23037701 1863.84170455]
*******************
tensor([0.8000, 0.2000])
[ 524.15957022 1970.66529198]
*******************
tensor([0.6000, 0.4000])
[ 570.34063492 2123.4852055 ]
*******************
tensor([1., 0.])
[ 669.38734718 1571.44156174]
*******************
tensor([0., 1.])
[ 498.38983667 2377.25086479]
*******************
tensor([0.4000, 0.6000])
[ 509.18935761 2272.60497903]
*******************
tensor([0.2000, 0.8000])
*******************
tensor([0.6000, 0.4000])
[ 538.78894542 2395.97551752]
[ 502.18739272 1879.66896866]
*******************
tensor([0.6000, 0.4000])
[ 507.90583239 1396.56982144]
*******************
tensor([0.2000, 0.8000])
[ 501.21193685 2310.90630492]
*******************
tensor([1., 0.])
[ 506.54415945 1493.53007144]
*******************
tensor([0.4000, 0.6000])
[ 501.14824518 2256.5270923 ]
*******************
tensor([0.4000, 0.6000])
[ 499.82502158 2012.80514587]
*******************
tensor([0., 1.])
[ 493.91659099 1432.49866724]
*******************
tensor([0.8000, 0.2000])
[ 513.25154543 2189.9825144 ]
*******************
tensor([0., 1.])
[ 498.42356107 2128.82302085]
*******************
tensor([0.2000, 0.8000])
[ 501.36264604 2456.98457451]
srun: Job step aborted: Waiting up to 62 seconds for job step to finish.
slurmstepd: error: *** STEP 2395015.0 ON c1334 CANCELLED AT 2023-05-27T12:52:46 ***
slurmstepd: error: *** JOB 2395015 ON c1334 CANCELLED AT 2023-05-27T12:52:46 ***
